time="2023-07-23 01:47:10" level=info Agent=PostmanRuntime/7.32.3 DataSize=33 HostName=xuejiandeMacBook-Air.local Ip="::1" Method=POST Path=/api/v1/user/add SpendTime="138 ms" status=200
time="2023-07-23 01:47:12" level=info Agent=PostmanRuntime/7.32.3 DataSize=33 HostName=xuejiandeMacBook-Air.local Ip="::1" Method=POST Path=/api/v1/user/add SpendTime="143 ms" status=200
time="2023-07-23 01:50:39" level=info Agent="Mozilla/5.0 (Macintosh; Intel Mac OS X 10_15_7) AppleWebKit/605.1.15 (KHTML, like Gecko) Version/15.6.1 Safari/605.1.15" DataSize=0 HostName=xuejiandeMacBook-Air.local Ip="::1" Method=OPTIONS Path=/api/v1/user/add SpendTime="1 ms" status=204
time="2023-07-23 01:50:39" level=info Agent="Mozilla/5.0 (Macintosh; Intel Mac OS X 10_15_7) AppleWebKit/605.1.15 (KHTML, like Gecko) Version/15.6.1 Safari/605.1.15" DataSize=33 HostName=xuejiandeMacBook-Air.local Ip="::1" Method=POST Path=/api/v1/user/add SpendTime="183 ms" status=200
time="2023-07-23 01:50:42" level=info Agent="Mozilla/5.0 (Macintosh; Intel Mac OS X 10_15_7) AppleWebKit/605.1.15 (KHTML, like Gecko) Version/15.6.1 Safari/605.1.15" DataSize=147 HostName=xuejiandeMacBook-Air.local Ip="::1" Method=GET Path=/api/v1/category SpendTime="25 ms" status=200
time="2023-07-23 01:50:42" level=info Agent="Mozilla/5.0 (Macintosh; Intel Mac OS X 10_15_7) AppleWebKit/605.1.15 (KHTML, like Gecko) Version/15.6.1 Safari/605.1.15" DataSize=347 HostName=xuejiandeMacBook-Air.local Ip="::1" Method=GET Path=/api/v1/profile/1 SpendTime="18 ms" status=200
time="2023-07-23 01:50:42" level=info Agent="Mozilla/5.0 (Macintosh; Intel Mac OS X 10_15_7) AppleWebKit/605.1.15 (KHTML, like Gecko) Version/15.6.1 Safari/605.1.15" DataSize=355 HostName=xuejiandeMacBook-Air.local Ip="::1" Method=GET Path=/api/v1/article/info/5 SpendTime="7 ms" status=200
time="2023-07-23 01:50:42" level=info Agent="Mozilla/5.0 (Macintosh; Intel Mac OS X 10_15_7) AppleWebKit/605.1.15 (KHTML, like Gecko) Version/15.6.1 Safari/605.1.15" DataSize=260 HostName=xuejiandeMacBook-Air.local Ip="::1" Method=GET Path="/api/v1/commentfront/5?pagesize=5&pagenum=1" SpendTime="12 ms" status=200
time="2023-07-23 01:51:52" level=info Agent="Mozilla/5.0 (Macintosh; Intel Mac OS X 10_15_7) AppleWebKit/605.1.15 (KHTML, like Gecko) Version/15.6.1 Safari/605.1.15" DataSize=0 HostName=xuejiandeMacBook-Air.local Ip="::1" Method=OPTIONS Path=/api/v1/loginfront SpendTime="1 ms" status=204
time="2023-07-23 01:51:52" level=info Agent="Mozilla/5.0 (Macintosh; Intel Mac OS X 10_15_7) AppleWebKit/605.1.15 (KHTML, like Gecko) Version/15.6.1 Safari/605.1.15" DataSize=61 HostName=xuejiandeMacBook-Air.local Ip="::1" Method=POST Path=/api/v1/loginfront SpendTime="39 ms" status=200
time="2023-07-23 02:04:22" level=info Agent=PostmanRuntime/7.32.3 DataSize=33 HostName=xuejiandeMacBook-Air.local Ip="::1" Method=POST Path=/api/v1/user/add SpendTime="211 ms" status=200
time="2023-07-23 02:04:45" level=info Agent=PostmanRuntime/7.32.3 DataSize=47 HostName=xuejiandeMacBook-Air.local Ip="::1" Method=POST Path=/api/v1/user/add SpendTime="10 ms" status=200
time="2023-07-23 02:05:10" level=info Agent="Mozilla/5.0 (Macintosh; Intel Mac OS X 10_15_7) AppleWebKit/605.1.15 (KHTML, like Gecko) Version/15.6.1 Safari/605.1.15" DataSize=0 HostName=xuejiandeMacBook-Air.local Ip="::1" Method=OPTIONS Path=/api/v1/login SpendTime="1 ms" status=204
time="2023-07-23 02:05:11" level=info Agent="Mozilla/5.0 (Macintosh; Intel Mac OS X 10_15_7) AppleWebKit/605.1.15 (KHTML, like Gecko) Version/15.6.1 Safari/605.1.15" DataSize=241 HostName=xuejiandeMacBook-Air.local Ip="::1" Method=POST Path=/api/v1/login SpendTime="137 ms" status=200
time="2023-07-23 02:05:30" level=info Agent="Mozilla/5.0 (Macintosh; Intel Mac OS X 10_15_7) AppleWebKit/605.1.15 (KHTML, like Gecko) Version/15.6.1 Safari/605.1.15" DataSize=0 HostName=xuejiandeMacBook-Air.local Ip="::1" Method=OPTIONS Path=/api/v1/user/add SpendTime="1 ms" status=204
time="2023-07-23 02:05:30" level=info Agent="Mozilla/5.0 (Macintosh; Intel Mac OS X 10_15_7) AppleWebKit/605.1.15 (KHTML, like Gecko) Version/15.6.1 Safari/605.1.15" DataSize=33 HostName=xuejiandeMacBook-Air.local Ip="::1" Method=POST Path=/api/v1/user/add SpendTime="148 ms" status=200
time="2023-07-23 02:05:31" level=info Agent="Mozilla/5.0 (Macintosh; Intel Mac OS X 10_15_7) AppleWebKit/605.1.15 (KHTML, like Gecko) Version/15.6.1 Safari/605.1.15" DataSize=147 HostName=xuejiandeMacBook-Air.local Ip="::1" Method=GET Path=/api/v1/category SpendTime="81 ms" status=200
time="2023-07-23 02:05:31" level=info Agent="Mozilla/5.0 (Macintosh; Intel Mac OS X 10_15_7) AppleWebKit/605.1.15 (KHTML, like Gecko) Version/15.6.1 Safari/605.1.15" DataSize=347 HostName=xuejiandeMacBook-Air.local Ip="::1" Method=GET Path=/api/v1/profile/1 SpendTime="26 ms" status=200
time="2023-07-23 02:05:31" level=info Agent="Mozilla/5.0 (Macintosh; Intel Mac OS X 10_15_7) AppleWebKit/605.1.15 (KHTML, like Gecko) Version/15.6.1 Safari/605.1.15" DataSize=355 HostName=xuejiandeMacBook-Air.local Ip="::1" Method=GET Path=/api/v1/article/info/5 SpendTime="24 ms" status=200
time="2023-07-23 02:05:31" level=info Agent="Mozilla/5.0 (Macintosh; Intel Mac OS X 10_15_7) AppleWebKit/605.1.15 (KHTML, like Gecko) Version/15.6.1 Safari/605.1.15" DataSize=260 HostName=xuejiandeMacBook-Air.local Ip="::1" Method=GET Path="/api/v1/commentfront/5?pagesize=5&pagenum=1" SpendTime="76 ms" status=200
time="2023-07-23 02:05:43" level=info Agent="Mozilla/5.0 (Macintosh; Intel Mac OS X 10_15_7) AppleWebKit/605.1.15 (KHTML, like Gecko) Version/15.6.1 Safari/605.1.15" DataSize=0 HostName=xuejiandeMacBook-Air.local Ip="::1" Method=OPTIONS Path=/api/v1/loginfront SpendTime="1 ms" status=204
time="2023-07-23 02:05:43" level=info Agent="Mozilla/5.0 (Macintosh; Intel Mac OS X 10_15_7) AppleWebKit/605.1.15 (KHTML, like Gecko) Version/15.6.1 Safari/605.1.15" DataSize=54 HostName=xuejiandeMacBook-Air.local Ip="::1" Method=POST Path=/api/v1/loginfront SpendTime="104 ms" status=200
time="2023-07-23 02:05:44" level=info Agent="Mozilla/5.0 (Macintosh; Intel Mac OS X 10_15_7) AppleWebKit/605.1.15 (KHTML, like Gecko) Version/15.6.1 Safari/605.1.15" DataSize=147 HostName=xuejiandeMacBook-Air.local Ip="::1" Method=GET Path=/api/v1/category SpendTime="34 ms" status=200
time="2023-07-23 02:05:44" level=info Agent="Mozilla/5.0 (Macintosh; Intel Mac OS X 10_15_7) AppleWebKit/605.1.15 (KHTML, like Gecko) Version/15.6.1 Safari/605.1.15" DataSize=347 HostName=xuejiandeMacBook-Air.local Ip="::1" Method=GET Path=/api/v1/profile/1 SpendTime="18 ms" status=200
time="2023-07-23 02:05:44" level=info Agent="Mozilla/5.0 (Macintosh; Intel Mac OS X 10_15_7) AppleWebKit/605.1.15 (KHTML, like Gecko) Version/15.6.1 Safari/605.1.15" DataSize=355 HostName=xuejiandeMacBook-Air.local Ip="::1" Method=GET Path=/api/v1/article/info/5 SpendTime="32 ms" status=200
time="2023-07-23 02:05:44" level=info Agent="Mozilla/5.0 (Macintosh; Intel Mac OS X 10_15_7) AppleWebKit/605.1.15 (KHTML, like Gecko) Version/15.6.1 Safari/605.1.15" DataSize=260 HostName=xuejiandeMacBook-Air.local Ip="::1" Method=GET Path="/api/v1/commentfront/5?pagesize=5&pagenum=1" SpendTime="93 ms" status=200
time="2023-07-23 02:06:43" level=info Agent="Mozilla/5.0 (Macintosh; Intel Mac OS X 10_15_7) AppleWebKit/605.1.15 (KHTML, like Gecko) Version/15.6.1 Safari/605.1.15" DataSize=0 HostName=xuejiandeMacBook-Air.local Ip="::1" Method=OPTIONS Path="/api/v1/users?username=&pagesize=5&pagenum=1" SpendTime="1 ms" status=204
time="2023-07-23 02:06:43" level=info Agent="Mozilla/5.0 (Macintosh; Intel Mac OS X 10_15_7) AppleWebKit/605.1.15 (KHTML, like Gecko) Version/15.6.1 Safari/605.1.15" DataSize=337 HostName=xuejiandeMacBook-Air.local Ip="::1" Method=GET Path="/api/v1/users?username=&pagesize=5&pagenum=1" SpendTime="65 ms" status=200
time="2023-07-23 02:10:34" level=info Agent="Mozilla/5.0 (Macintosh; Intel Mac OS X 10_15_7) AppleWebKit/605.1.15 (KHTML, like Gecko) Version/15.6.1 Safari/605.1.15" DataSize=337 HostName=xuejiandeMacBook-Air.local Ip="::1" Method=GET Path="/api/v1/users?username=&pagesize=5&pagenum=1" SpendTime="20 ms" status=200
time="2023-07-23 02:10:40" level=info Agent="Mozilla/5.0 (Macintosh; Intel Mac OS X 10_15_7) AppleWebKit/605.1.15 (KHTML, like Gecko) Version/15.6.1 Safari/605.1.15" DataSize=0 HostName=xuejiandeMacBook-Air.local Ip="::1" Method=OPTIONS Path=/api/v1/profile/1 SpendTime="1 ms" status=204
time="2023-07-23 02:10:40" level=info Agent="Mozilla/5.0 (Macintosh; Intel Mac OS X 10_15_7) AppleWebKit/605.1.15 (KHTML, like Gecko) Version/15.6.1 Safari/605.1.15" DataSize=495 HostName=xuejiandeMacBook-Air.local Ip="::1" Method=GET Path=/api/v1/profile/1 SpendTime="5 ms" status=200
time="2023-07-23 02:11:00" level=info Agent="Mozilla/5.0 (Macintosh; Intel Mac OS X 10_15_7) AppleWebKit/605.1.15 (KHTML, like Gecko) Version/15.6.1 Safari/605.1.15" DataSize=147 HostName=xuejiandeMacBook-Air.local Ip="::1" Method=GET Path=/api/v1/category SpendTime="112 ms" status=200
time="2023-07-23 02:11:00" level=info Agent="Mozilla/5.0 (Macintosh; Intel Mac OS X 10_15_7) AppleWebKit/605.1.15 (KHTML, like Gecko) Version/15.6.1 Safari/605.1.15" DataSize=495 HostName=xuejiandeMacBook-Air.local Ip="::1" Method=GET Path=/api/v1/profile/1 SpendTime="7 ms" status=200
time="2023-07-23 02:11:01" level=info Agent="Mozilla/5.0 (Macintosh; Intel Mac OS X 10_15_7) AppleWebKit/605.1.15 (KHTML, like Gecko) Version/15.6.1 Safari/605.1.15" DataSize=355 HostName=xuejiandeMacBook-Air.local Ip="::1" Method=GET Path=/api/v1/article/info/5 SpendTime="28 ms" status=200
time="2023-07-23 02:11:01" level=info Agent="Mozilla/5.0 (Macintosh; Intel Mac OS X 10_15_7) AppleWebKit/605.1.15 (KHTML, like Gecko) Version/15.6.1 Safari/605.1.15" DataSize=260 HostName=xuejiandeMacBook-Air.local Ip="::1" Method=GET Path="/api/v1/commentfront/5?pagesize=5&pagenum=1" SpendTime="119 ms" status=200
time="2023-07-23 02:11:42" level=info Agent="Mozilla/5.0 (Macintosh; Intel Mac OS X 10_15_7) AppleWebKit/605.1.15 (KHTML, like Gecko) Version/15.6.1 Safari/605.1.15" DataSize=1276 HostName=xuejiandeMacBook-Air.local Ip="::1" Method=GET Path="/api/v1/article?pagesize=5&pagenum=1" SpendTime="57 ms" status=200
time="2023-07-23 02:14:15" level=info Agent="Mozilla/5.0 (Macintosh; Intel Mac OS X 10_15_7) AppleWebKit/605.1.15 (KHTML, like Gecko) Version/15.6.1 Safari/605.1.15" DataSize=147 HostName=xuejiandeMacBook-Air.local Ip="::1" Method=GET Path=/api/v1/category SpendTime="29 ms" status=200
time="2023-07-23 02:14:15" level=info Agent="Mozilla/5.0 (Macintosh; Intel Mac OS X 10_15_7) AppleWebKit/605.1.15 (KHTML, like Gecko) Version/15.6.1 Safari/605.1.15" DataSize=147 HostName=xuejiandeMacBook-Air.local Ip="::1" Method=GET Path=/api/v1/category SpendTime="21 ms" status=200
time="2023-07-23 02:14:15" level=info Agent="Mozilla/5.0 (Macintosh; Intel Mac OS X 10_15_7) AppleWebKit/605.1.15 (KHTML, like Gecko) Version/15.6.1 Safari/605.1.15" DataSize=147 HostName=xuejiandeMacBook-Air.local Ip="::1" Method=GET Path=/api/v1/category SpendTime="10 ms" status=200
time="2023-07-23 02:14:15" level=info Agent="Mozilla/5.0 (Macintosh; Intel Mac OS X 10_15_7) AppleWebKit/605.1.15 (KHTML, like Gecko) Version/15.6.1 Safari/605.1.15" DataSize=147 HostName=xuejiandeMacBook-Air.local Ip="::1" Method=GET Path=/api/v1/category SpendTime="62 ms" status=200
time="2023-07-23 02:18:37" level=info Agent="Mozilla/5.0 (Macintosh; Intel Mac OS X 10_15_7) AppleWebKit/605.1.15 (KHTML, like Gecko) Version/15.6.1 Safari/605.1.15" DataSize=147 HostName=xuejiandeMacBook-Air.local Ip="::1" Method=GET Path=/api/v1/category SpendTime="28 ms" status=200
time="2023-07-23 02:18:38" level=info Agent="Mozilla/5.0 (Macintosh; Intel Mac OS X 10_15_7) AppleWebKit/605.1.15 (KHTML, like Gecko) Version/15.6.1 Safari/605.1.15" DataSize=147 HostName=xuejiandeMacBook-Air.local Ip="::1" Method=GET Path=/api/v1/category SpendTime="8 ms" status=200
time="2023-07-23 02:18:38" level=info Agent="Mozilla/5.0 (Macintosh; Intel Mac OS X 10_15_7) AppleWebKit/605.1.15 (KHTML, like Gecko) Version/15.6.1 Safari/605.1.15" DataSize=147 HostName=xuejiandeMacBook-Air.local Ip="::1" Method=GET Path=/api/v1/category SpendTime="6 ms" status=200
time="2023-07-23 02:18:38" level=info Agent="Mozilla/5.0 (Macintosh; Intel Mac OS X 10_15_7) AppleWebKit/605.1.15 (KHTML, like Gecko) Version/15.6.1 Safari/605.1.15" DataSize=147 HostName=xuejiandeMacBook-Air.local Ip="::1" Method=GET Path=/api/v1/category SpendTime="11 ms" status=200
time="2023-07-23 02:18:38" level=info Agent="Mozilla/5.0 (Macintosh; Intel Mac OS X 10_15_7) AppleWebKit/605.1.15 (KHTML, like Gecko) Version/15.6.1 Safari/605.1.15" DataSize=147 HostName=xuejiandeMacBook-Air.local Ip="::1" Method=GET Path=/api/v1/category SpendTime="3 ms" status=200
time="2023-07-23 02:22:27" level=info Agent="Mozilla/5.0 (Macintosh; Intel Mac OS X 10_15_7) AppleWebKit/605.1.15 (KHTML, like Gecko) Version/15.6.1 Safari/605.1.15" DataSize=147 HostName=xuejiandeMacBook-Air.local Ip="::1" Method=GET Path=/api/v1/category SpendTime="36 ms" status=200
time="2023-07-23 02:22:28" level=info Agent="Mozilla/5.0 (Macintosh; Intel Mac OS X 10_15_7) AppleWebKit/605.1.15 (KHTML, like Gecko) Version/15.6.1 Safari/605.1.15" DataSize=147 HostName=xuejiandeMacBook-Air.local Ip="::1" Method=GET Path=/api/v1/category SpendTime="9 ms" status=200
time="2023-07-23 02:22:50" level=info Agent="Mozilla/5.0 (Macintosh; Intel Mac OS X 10_15_7) AppleWebKit/605.1.15 (KHTML, like Gecko) Version/15.6.1 Safari/605.1.15" DataSize=147 HostName=xuejiandeMacBook-Air.local Ip="::1" Method=GET Path=/api/v1/category SpendTime="10 ms" status=200
time="2023-07-23 02:23:08" level=info Agent="Mozilla/5.0 (Macintosh; Intel Mac OS X 10_15_7) AppleWebKit/605.1.15 (KHTML, like Gecko) Version/15.6.1 Safari/605.1.15" DataSize=147 HostName=xuejiandeMacBook-Air.local Ip="::1" Method=GET Path=/api/v1/category SpendTime="11 ms" status=200
time="2023-07-23 02:24:12" level=info Agent="Mozilla/5.0 (Macintosh; Intel Mac OS X 10_15_7) AppleWebKit/605.1.15 (KHTML, like Gecko) Version/15.6.1 Safari/605.1.15" DataSize=646 HostName=xuejiandeMacBook-Air.local Ip="::1" Method=GET Path="/api/v1/article/list/1?pagesize=5&pagenum=1" SpendTime="46 ms" status=200
time="2023-07-23 02:24:18" level=info Agent="Mozilla/5.0 (Macintosh; Intel Mac OS X 10_15_7) AppleWebKit/605.1.15 (KHTML, like Gecko) Version/15.6.1 Safari/605.1.15" DataSize=1276 HostName=xuejiandeMacBook-Air.local Ip="::1" Method=GET Path="/api/v1/article?pagesize=5&pagenum=1" SpendTime="35 ms" status=200
time="2023-07-23 02:25:45" level=info Agent="Mozilla/5.0 (Macintosh; Intel Mac OS X 10_15_7) AppleWebKit/605.1.15 (KHTML, like Gecko) Version/15.6.1 Safari/605.1.15" DataSize=147 HostName=xuejiandeMacBook-Air.local Ip="::1" Method=GET Path=/api/v1/category SpendTime="28 ms" status=200
time="2023-07-23 02:25:45" level=info Agent="Mozilla/5.0 (Macintosh; Intel Mac OS X 10_15_7) AppleWebKit/605.1.15 (KHTML, like Gecko) Version/15.6.1 Safari/605.1.15" DataSize=294 HostName=xuejiandeMacBook-Air.local Ip="::1" Method=GET Path=/api/v1/profile/0 SpendTime="3 ms" status=200
time="2023-07-23 02:25:46" level=info Agent="Mozilla/5.0 (Macintosh; Intel Mac OS X 10_15_7) AppleWebKit/605.1.15 (KHTML, like Gecko) Version/15.6.1 Safari/605.1.15" DataSize=1276 HostName=xuejiandeMacBook-Air.local Ip="::1" Method=GET Path="/api/v1/article?pagesize=5&pagenum=1" SpendTime="13 ms" status=200
time="2023-07-23 02:25:54" level=info Agent="Mozilla/5.0 (Macintosh; Intel Mac OS X 10_15_7) AppleWebKit/605.1.15 (KHTML, like Gecko) Version/15.6.1 Safari/605.1.15" DataSize=147 HostName=xuejiandeMacBook-Air.local Ip="::1" Method=GET Path=/api/v1/category SpendTime="5 ms" status=200
time="2023-07-23 02:26:10" level=info Agent="Mozilla/5.0 (Macintosh; Intel Mac OS X 10_15_7) AppleWebKit/605.1.15 (KHTML, like Gecko) Version/15.6.1 Safari/605.1.15" DataSize=147 HostName=xuejiandeMacBook-Air.local Ip="::1" Method=GET Path=/api/v1/category SpendTime="37 ms" status=200
time="2023-07-23 02:26:10" level=info Agent="Mozilla/5.0 (Macintosh; Intel Mac OS X 10_15_7) AppleWebKit/605.1.15 (KHTML, like Gecko) Version/15.6.1 Safari/605.1.15" DataSize=294 HostName=xuejiandeMacBook-Air.local Ip="::1" Method=GET Path=/api/v1/profile/0 SpendTime="6 ms" status=200
time="2023-07-23 02:26:10" level=info Agent="Mozilla/5.0 (Macintosh; Intel Mac OS X 10_15_7) AppleWebKit/605.1.15 (KHTML, like Gecko) Version/15.6.1 Safari/605.1.15" DataSize=1276 HostName=xuejiandeMacBook-Air.local Ip="::1" Method=GET Path="/api/v1/article?pagesize=5&pagenum=1" SpendTime="10 ms" status=200
time="2023-07-23 02:26:35" level=info Agent="Mozilla/5.0 (Macintosh; Intel Mac OS X 10_15_7) AppleWebKit/605.1.15 (KHTML, like Gecko) Version/15.6.1 Safari/605.1.15" DataSize=147 HostName=xuejiandeMacBook-Air.local Ip="::1" Method=GET Path=/api/v1/category SpendTime="87 ms" status=200
time="2023-07-23 02:26:36" level=info Agent="Mozilla/5.0 (Macintosh; Intel Mac OS X 10_15_7) AppleWebKit/605.1.15 (KHTML, like Gecko) Version/15.6.1 Safari/605.1.15" DataSize=294 HostName=xuejiandeMacBook-Air.local Ip="::1" Method=GET Path=/api/v1/profile/0 SpendTime="8 ms" status=200
time="2023-07-23 02:26:36" level=info Agent="Mozilla/5.0 (Macintosh; Intel Mac OS X 10_15_7) AppleWebKit/605.1.15 (KHTML, like Gecko) Version/15.6.1 Safari/605.1.15" DataSize=1276 HostName=xuejiandeMacBook-Air.local Ip="::1" Method=GET Path="/api/v1/article?pagesize=5&pagenum=1" SpendTime="6 ms" status=200
time="2023-07-23 02:26:46" level=info Agent="Mozilla/5.0 (Macintosh; Intel Mac OS X 10_15_7) AppleWebKit/605.1.15 (KHTML, like Gecko) Version/15.6.1 Safari/605.1.15" DataSize=495 HostName=xuejiandeMacBook-Air.local Ip="::1" Method=GET Path=/api/v1/profile/1 SpendTime="15 ms" status=200
time="2023-07-23 02:27:53" level=info Agent="Mozilla/5.0 (Macintosh; Intel Mac OS X 10_15_7) AppleWebKit/605.1.15 (KHTML, like Gecko) Version/15.6.1 Safari/605.1.15" DataSize=0 HostName=xuejiandeMacBook-Air.local Ip="::1" Method=OPTIONS Path="/api/v1/users?username=&pagesize=5&pagenum=1" SpendTime="1 ms" status=204
time="2023-07-23 02:27:53" level=info Agent="Mozilla/5.0 (Macintosh; Intel Mac OS X 10_15_7) AppleWebKit/605.1.15 (KHTML, like Gecko) Version/15.6.1 Safari/605.1.15" DataSize=337 HostName=xuejiandeMacBook-Air.local Ip="::1" Method=GET Path="/api/v1/users?username=&pagesize=5&pagenum=1" SpendTime="123 ms" status=200
time="2023-07-23 02:28:09" level=info Agent="Mozilla/5.0 (Macintosh; Intel Mac OS X 10_15_7) AppleWebKit/605.1.15 (KHTML, like Gecko) Version/15.6.1 Safari/605.1.15" DataSize=147 HostName=xuejiandeMacBook-Air.local Ip="::1" Method=GET Path=/api/v1/category SpendTime="43 ms" status=200
time="2023-07-23 02:28:09" level=info Agent="Mozilla/5.0 (Macintosh; Intel Mac OS X 10_15_7) AppleWebKit/605.1.15 (KHTML, like Gecko) Version/15.6.1 Safari/605.1.15" DataSize=495 HostName=xuejiandeMacBook-Air.local Ip="::1" Method=GET Path=/api/v1/profile/1 SpendTime="5 ms" status=200
time="2023-07-23 02:28:10" level=info Agent="Mozilla/5.0 (Macintosh; Intel Mac OS X 10_15_7) AppleWebKit/605.1.15 (KHTML, like Gecko) Version/15.6.1 Safari/605.1.15" DataSize=1276 HostName=xuejiandeMacBook-Air.local Ip="::1" Method=GET Path="/api/v1/article?pagesize=5&pagenum=1" SpendTime="10 ms" status=200
time="2023-07-23 02:28:30" level=info Agent="Mozilla/5.0 (Macintosh; Intel Mac OS X 10_15_7) AppleWebKit/605.1.15 (KHTML, like Gecko) Version/15.6.1 Safari/605.1.15" DataSize=0 HostName=xuejiandeMacBook-Air.local Ip="::1" Method=OPTIONS Path=/api/v1/loginfront SpendTime="1 ms" status=204
time="2023-07-23 02:28:30" level=info Agent="Mozilla/5.0 (Macintosh; Intel Mac OS X 10_15_7) AppleWebKit/605.1.15 (KHTML, like Gecko) Version/15.6.1 Safari/605.1.15" DataSize=54 HostName=xuejiandeMacBook-Air.local Ip="::1" Method=POST Path=/api/v1/loginfront SpendTime="374 ms" status=200
time="2023-07-23 02:28:31" level=info Agent="Mozilla/5.0 (Macintosh; Intel Mac OS X 10_15_7) AppleWebKit/605.1.15 (KHTML, like Gecko) Version/15.6.1 Safari/605.1.15" DataSize=147 HostName=xuejiandeMacBook-Air.local Ip="::1" Method=GET Path=/api/v1/category SpendTime="17 ms" status=200
time="2023-07-23 02:28:31" level=info Agent="Mozilla/5.0 (Macintosh; Intel Mac OS X 10_15_7) AppleWebKit/605.1.15 (KHTML, like Gecko) Version/15.6.1 Safari/605.1.15" DataSize=495 HostName=xuejiandeMacBook-Air.local Ip="::1" Method=GET Path=/api/v1/profile/1 SpendTime="2 ms" status=200
time="2023-07-23 02:28:32" level=info Agent="Mozilla/5.0 (Macintosh; Intel Mac OS X 10_15_7) AppleWebKit/605.1.15 (KHTML, like Gecko) Version/15.6.1 Safari/605.1.15" DataSize=1276 HostName=xuejiandeMacBook-Air.local Ip="::1" Method=GET Path="/api/v1/article?pagesize=5&pagenum=1" SpendTime="31 ms" status=200
time="2023-07-23 02:30:53" level=info Agent="Mozilla/5.0 (Macintosh; Intel Mac OS X 10_15_7) AppleWebKit/605.1.15 (KHTML, like Gecko) Version/15.6.1 Safari/605.1.15" DataSize=0 HostName=xuejiandeMacBook-Air.local Ip="::1" Method=OPTIONS Path=/api/v1/profile/1 SpendTime="1 ms" status=204
time="2023-07-23 02:30:53" level=info Agent="Mozilla/5.0 (Macintosh; Intel Mac OS X 10_15_7) AppleWebKit/605.1.15 (KHTML, like Gecko) Version/15.6.1 Safari/605.1.15" DataSize=495 HostName=xuejiandeMacBook-Air.local Ip="::1" Method=GET Path=/api/v1/profile/1 SpendTime="47 ms" status=200
time="2023-07-23 02:31:13" level=info Agent="Mozilla/5.0 (Macintosh; Intel Mac OS X 10_15_7) AppleWebKit/605.1.15 (KHTML, like Gecko) Version/15.6.1 Safari/605.1.15" DataSize=337 HostName=xuejiandeMacBook-Air.local Ip="::1" Method=GET Path="/api/v1/users?username=&pagesize=5&pagenum=1" SpendTime="22 ms" status=200
time="2023-07-23 02:31:16" level=info Agent="Mozilla/5.0 (Macintosh; Intel Mac OS X 10_15_7) AppleWebKit/605.1.15 (KHTML, like Gecko) Version/15.6.1 Safari/605.1.15" DataSize=495 HostName=xuejiandeMacBook-Air.local Ip="::1" Method=GET Path=/api/v1/profile/1 SpendTime="10 ms" status=200
time="2023-07-23 02:31:38" level=info Agent="Mozilla/5.0 (Macintosh; Intel Mac OS X 10_15_7) AppleWebKit/605.1.15 (KHTML, like Gecko) Version/15.6.1 Safari/605.1.15" DataSize=337 HostName=xuejiandeMacBook-Air.local Ip="::1" Method=GET Path="/api/v1/users?username=&pagesize=5&pagenum=1" SpendTime="11 ms" status=200
time="2023-07-23 02:31:42" level=info Agent="Mozilla/5.0 (Macintosh; Intel Mac OS X 10_15_7) AppleWebKit/605.1.15 (KHTML, like Gecko) Version/15.6.1 Safari/605.1.15" DataSize=0 HostName=xuejiandeMacBook-Air.local Ip="::1" Method=OPTIONS Path=/api/v1/user/2 SpendTime="1 ms" status=204
time="2023-07-23 02:31:42" level=info Agent="Mozilla/5.0 (Macintosh; Intel Mac OS X 10_15_7) AppleWebKit/605.1.15 (KHTML, like Gecko) Version/15.6.1 Safari/605.1.15" DataSize=213 HostName=xuejiandeMacBook-Air.local Ip="::1" Method=GET Path=/api/v1/user/2 SpendTime="8 ms" status=200
time="2023-07-23 02:31:57" level=info Agent="Mozilla/5.0 (Macintosh; Intel Mac OS X 10_15_7) AppleWebKit/605.1.15 (KHTML, like Gecko) Version/15.6.1 Safari/605.1.15" DataSize=0 HostName=xuejiandeMacBook-Air.local Ip="::1" Method=OPTIONS Path=/api/v1/user/1 SpendTime="1 ms" status=204
time="2023-07-23 02:31:57" level=info Agent="Mozilla/5.0 (Macintosh; Intel Mac OS X 10_15_7) AppleWebKit/605.1.15 (KHTML, like Gecko) Version/15.6.1 Safari/605.1.15" DataSize=214 HostName=xuejiandeMacBook-Air.local Ip="::1" Method=GET Path=/api/v1/user/1 SpendTime="11 ms" status=200
time="2023-07-23 02:36:37" level=info Agent="Mozilla/5.0 (Macintosh; Intel Mac OS X 10_15_7) AppleWebKit/605.1.15 (KHTML, like Gecko) Version/15.6.1 Safari/605.1.15" DataSize=0 HostName=xuejiandeMacBook-Air.local Ip="::1" Method=OPTIONS Path=/api/v1/category SpendTime="1 ms" status=204
time="2023-07-23 02:36:37" level=info Agent="Mozilla/5.0 (Macintosh; Intel Mac OS X 10_15_7) AppleWebKit/605.1.15 (KHTML, like Gecko) Version/15.6.1 Safari/605.1.15" DataSize=147 HostName=xuejiandeMacBook-Air.local Ip="::1" Method=GET Path=/api/v1/category SpendTime="21 ms" status=200
time="2023-07-23 02:36:43" level=info Agent="Mozilla/5.0 (Macintosh; Intel Mac OS X 10_15_7) AppleWebKit/605.1.15 (KHTML, like Gecko) Version/15.6.1 Safari/605.1.15" DataSize=0 HostName=xuejiandeMacBook-Air.local Ip="::1" Method=OPTIONS Path="/api/v1/article?title=&pagesize=5&pagenum=1" SpendTime="1 ms" status=204
time="2023-07-23 02:36:43" level=info Agent="Mozilla/5.0 (Macintosh; Intel Mac OS X 10_15_7) AppleWebKit/605.1.15 (KHTML, like Gecko) Version/15.6.1 Safari/605.1.15" DataSize=147 HostName=xuejiandeMacBook-Air.local Ip="::1" Method=GET Path=/api/v1/category SpendTime="12 ms" status=200
time="2023-07-23 02:36:43" level=info Agent="Mozilla/5.0 (Macintosh; Intel Mac OS X 10_15_7) AppleWebKit/605.1.15 (KHTML, like Gecko) Version/15.6.1 Safari/605.1.15" DataSize=1276 HostName=xuejiandeMacBook-Air.local Ip="::1" Method=GET Path="/api/v1/article?title=&pagesize=5&pagenum=1" SpendTime="74 ms" status=200
time="2023-07-23 02:36:46" level=info Agent="Mozilla/5.0 (Macintosh; Intel Mac OS X 10_15_7) AppleWebKit/605.1.15 (KHTML, like Gecko) Version/15.6.1 Safari/605.1.15" DataSize=0 HostName=xuejiandeMacBook-Air.local Ip="::1" Method=OPTIONS Path="/api/v1/comment/list?pagesize=10&pagenum=1" SpendTime="1 ms" status=204
time="2023-07-23 02:36:46" level=info Agent="Mozilla/5.0 (Macintosh; Intel Mac OS X 10_15_7) AppleWebKit/605.1.15 (KHTML, like Gecko) Version/15.6.1 Safari/605.1.15" DataSize=260 HostName=xuejiandeMacBook-Air.local Ip="::1" Method=GET Path="/api/v1/comment/list?pagesize=10&pagenum=1" SpendTime="24 ms" status=200
time="2023-07-23 02:36:54" level=info Agent="Mozilla/5.0 (Macintosh; Intel Mac OS X 10_15_7) AppleWebKit/605.1.15 (KHTML, like Gecko) Version/15.6.1 Safari/605.1.15" DataSize=0 HostName=xuejiandeMacBook-Air.local Ip="::1" Method=OPTIONS Path=/api/v1/comment/info/2 SpendTime="1 ms" status=204
time="2023-07-23 02:36:54" level=info Agent="Mozilla/5.0 (Macintosh; Intel Mac OS X 10_15_7) AppleWebKit/605.1.15 (KHTML, like Gecko) Version/15.6.1 Safari/605.1.15" DataSize=257 HostName=xuejiandeMacBook-Air.local Ip="::1" Method=GET Path=/api/v1/comment/info/2 SpendTime="9 ms" status=200
time="2023-07-23 02:36:59" level=info Agent="Mozilla/5.0 (Macintosh; Intel Mac OS X 10_15_7) AppleWebKit/605.1.15 (KHTML, like Gecko) Version/15.6.1 Safari/605.1.15" DataSize=147 HostName=xuejiandeMacBook-Air.local Ip="::1" Method=GET Path=/api/v1/category SpendTime="12 ms" status=200
time="2023-07-23 02:37:01" level=info Agent="Mozilla/5.0 (Macintosh; Intel Mac OS X 10_15_7) AppleWebKit/605.1.15 (KHTML, like Gecko) Version/15.6.1 Safari/605.1.15" DataSize=337 HostName=xuejiandeMacBook-Air.local Ip="::1" Method=GET Path="/api/v1/users?username=&pagesize=5&pagenum=1" SpendTime="11 ms" status=200
time="2023-07-23 02:37:09" level=info Agent="Mozilla/5.0 (Macintosh; Intel Mac OS X 10_15_7) AppleWebKit/605.1.15 (KHTML, like Gecko) Version/15.6.1 Safari/605.1.15" DataSize=495 HostName=xuejiandeMacBook-Air.local Ip="::1" Method=GET Path=/api/v1/profile/1 SpendTime="12 ms" status=200
time="2023-07-23 02:37:12" level=info Agent="Mozilla/5.0 (Macintosh; Intel Mac OS X 10_15_7) AppleWebKit/605.1.15 (KHTML, like Gecko) Version/15.6.1 Safari/605.1.15" DataSize=337 HostName=xuejiandeMacBook-Air.local Ip="::1" Method=GET Path="/api/v1/users?username=&pagesize=5&pagenum=1" SpendTime="5 ms" status=200
time="2023-07-23 02:41:19" level=info Agent="Mozilla/5.0 (Macintosh; Intel Mac OS X 10_15_7) AppleWebKit/605.1.15 (KHTML, like Gecko) Version/15.6.1 Safari/605.1.15" DataSize=355 HostName=xuejiandeMacBook-Air.local Ip="::1" Method=GET Path=/api/v1/article/info/5 SpendTime="34 ms" status=200
time="2023-07-23 02:41:19" level=info Agent="Mozilla/5.0 (Macintosh; Intel Mac OS X 10_15_7) AppleWebKit/605.1.15 (KHTML, like Gecko) Version/15.6.1 Safari/605.1.15" DataSize=260 HostName=xuejiandeMacBook-Air.local Ip="::1" Method=GET Path="/api/v1/commentfront/5?pagesize=5&pagenum=1" SpendTime="65 ms" status=200
time="2023-07-23 02:45:04" level=info Agent="Mozilla/5.0 (Macintosh; Intel Mac OS X 10_15_7) AppleWebKit/605.1.15 (KHTML, like Gecko) Version/15.6.1 Safari/605.1.15" DataSize=147 HostName=xuejiandeMacBook-Air.local Ip="::1" Method=GET Path=/api/v1/category SpendTime="89 ms" status=200
time="2023-07-23 02:47:19" level=info Agent="Mozilla/5.0 (Macintosh; Intel Mac OS X 10_15_7) AppleWebKit/605.1.15 (KHTML, like Gecko) Version/15.6.1 Safari/605.1.15" DataSize=0 HostName=xuejiandeMacBook-Air.local Ip="::1" Method=OPTIONS Path=/api/v1/addcomment SpendTime="1 ms" status=204
time="2023-07-23 02:47:19" level=info Agent="Mozilla/5.0 (Macintosh; Intel Mac OS X 10_15_7) AppleWebKit/605.1.15 (KHTML, like Gecko) Version/15.6.1 Safari/605.1.15" DataSize=250 HostName=xuejiandeMacBook-Air.local Ip="::1" Method=POST Path=/api/v1/addcomment SpendTime="91 ms" status=200
time="2023-07-23 02:47:20" level=info Agent="Mozilla/5.0 (Macintosh; Intel Mac OS X 10_15_7) AppleWebKit/605.1.15 (KHTML, like Gecko) Version/15.6.1 Safari/605.1.15" DataSize=147 HostName=xuejiandeMacBook-Air.local Ip="::1" Method=GET Path=/api/v1/category SpendTime="42 ms" status=200
time="2023-07-23 02:47:20" level=info Agent="Mozilla/5.0 (Macintosh; Intel Mac OS X 10_15_7) AppleWebKit/605.1.15 (KHTML, like Gecko) Version/15.6.1 Safari/605.1.15" DataSize=495 HostName=xuejiandeMacBook-Air.local Ip="::1" Method=GET Path=/api/v1/profile/1 SpendTime="5 ms" status=200
time="2023-07-23 02:47:21" level=info Agent="Mozilla/5.0 (Macintosh; Intel Mac OS X 10_15_7) AppleWebKit/605.1.15 (KHTML, like Gecko) Version/15.6.1 Safari/605.1.15" DataSize=355 HostName=xuejiandeMacBook-Air.local Ip="::1" Method=GET Path=/api/v1/article/info/5 SpendTime="10 ms" status=200
time="2023-07-23 02:47:21" level=info Agent="Mozilla/5.0 (Macintosh; Intel Mac OS X 10_15_7) AppleWebKit/605.1.15 (KHTML, like Gecko) Version/15.6.1 Safari/605.1.15" DataSize=260 HostName=xuejiandeMacBook-Air.local Ip="::1" Method=GET Path="/api/v1/commentfront/5?pagesize=5&pagenum=1" SpendTime="12 ms" status=200
time="2023-07-23 02:47:28" level=info Agent="Mozilla/5.0 (Macintosh; Intel Mac OS X 10_15_7) AppleWebKit/605.1.15 (KHTML, like Gecko) Version/15.6.1 Safari/605.1.15" DataSize=0 HostName=xuejiandeMacBook-Air.local Ip="::1" Method=OPTIONS Path="/api/v1/comment/list?pagesize=10&pagenum=1" SpendTime="1 ms" status=204
time="2023-07-23 02:47:28" level=info Agent="Mozilla/5.0 (Macintosh; Intel Mac OS X 10_15_7) AppleWebKit/605.1.15 (KHTML, like Gecko) Version/15.6.1 Safari/605.1.15" DataSize=467 HostName=xuejiandeMacBook-Air.local Ip="::1" Method=GET Path="/api/v1/comment/list?pagesize=10&pagenum=1" SpendTime="10 ms" status=200
time="2023-07-23 02:47:32" level=info Agent="Mozilla/5.0 (Macintosh; Intel Mac OS X 10_15_7) AppleWebKit/605.1.15 (KHTML, like Gecko) Version/15.6.1 Safari/605.1.15" DataSize=0 HostName=xuejiandeMacBook-Air.local Ip="::1" Method=OPTIONS Path=/api/v1/comment/info/3 SpendTime="1 ms" status=204
time="2023-07-23 02:47:32" level=info Agent="Mozilla/5.0 (Macintosh; Intel Mac OS X 10_15_7) AppleWebKit/605.1.15 (KHTML, like Gecko) Version/15.6.1 Safari/605.1.15" DataSize=236 HostName=xuejiandeMacBook-Air.local Ip="::1" Method=GET Path=/api/v1/comment/info/3 SpendTime="42 ms" status=200
time="2023-07-23 02:47:32" level=info Agent="Mozilla/5.0 (Macintosh; Intel Mac OS X 10_15_7) AppleWebKit/605.1.15 (KHTML, like Gecko) Version/15.6.1 Safari/605.1.15" DataSize=0 HostName=xuejiandeMacBook-Air.local Ip="::1" Method=OPTIONS Path=/api/v1/checkcomment/3 SpendTime="1 ms" status=204
time="2023-07-23 02:47:32" level=info Agent="Mozilla/5.0 (Macintosh; Intel Mac OS X 10_15_7) AppleWebKit/605.1.15 (KHTML, like Gecko) Version/15.6.1 Safari/605.1.15" DataSize=33 HostName=xuejiandeMacBook-Air.local Ip="::1" Method=PUT Path=/api/v1/checkcomment/3 SpendTime="26 ms" status=200
time="2023-07-23 02:47:32" level=info Agent="Mozilla/5.0 (Macintosh; Intel Mac OS X 10_15_7) AppleWebKit/605.1.15 (KHTML, like Gecko) Version/15.6.1 Safari/605.1.15" DataSize=467 HostName=xuejiandeMacBook-Air.local Ip="::1" Method=GET Path="/api/v1/comment/list?pagesize=10&pagenum=1" SpendTime="18 ms" status=200
time="2023-07-23 02:47:40" level=info Agent="Mozilla/5.0 (Macintosh; Intel Mac OS X 10_15_7) AppleWebKit/605.1.15 (KHTML, like Gecko) Version/15.6.1 Safari/605.1.15" DataSize=147 HostName=xuejiandeMacBook-Air.local Ip="::1" Method=GET Path=/api/v1/category SpendTime="13 ms" status=200
time="2023-07-23 02:47:40" level=info Agent="Mozilla/5.0 (Macintosh; Intel Mac OS X 10_15_7) AppleWebKit/605.1.15 (KHTML, like Gecko) Version/15.6.1 Safari/605.1.15" DataSize=495 HostName=xuejiandeMacBook-Air.local Ip="::1" Method=GET Path=/api/v1/profile/1 SpendTime="2 ms" status=200
time="2023-07-23 02:47:40" level=info Agent="Mozilla/5.0 (Macintosh; Intel Mac OS X 10_15_7) AppleWebKit/605.1.15 (KHTML, like Gecko) Version/15.6.1 Safari/605.1.15" DataSize=355 HostName=xuejiandeMacBook-Air.local Ip="::1" Method=GET Path=/api/v1/article/info/5 SpendTime="45 ms" status=200
time="2023-07-23 02:47:40" level=info Agent="Mozilla/5.0 (Macintosh; Intel Mac OS X 10_15_7) AppleWebKit/605.1.15 (KHTML, like Gecko) Version/15.6.1 Safari/605.1.15" DataSize=467 HostName=xuejiandeMacBook-Air.local Ip="::1" Method=GET Path="/api/v1/commentfront/5?pagesize=5&pagenum=1" SpendTime="27 ms" status=200
time="2023-07-23 02:49:00" level=info Agent="Mozilla/5.0 (Macintosh; Intel Mac OS X 10_15_7) AppleWebKit/605.1.15 (KHTML, like Gecko) Version/15.6.1 Safari/605.1.15" DataSize=147 HostName=xuejiandeMacBook-Air.local Ip="::1" Method=GET Path=/api/v1/category SpendTime="86 ms" status=200
time="2023-07-23 02:49:04" level=info Agent="Mozilla/5.0 (Macintosh; Intel Mac OS X 10_15_7) AppleWebKit/605.1.15 (KHTML, like Gecko) Version/15.6.1 Safari/605.1.15" DataSize=147 HostName=xuejiandeMacBook-Air.local Ip="::1" Method=GET Path=/api/v1/category SpendTime="19 ms" status=200
time="2023-07-23 02:49:09" level=info Agent="Mozilla/5.0 (Macintosh; Intel Mac OS X 10_15_7) AppleWebKit/605.1.15 (KHTML, like Gecko) Version/15.6.1 Safari/605.1.15" DataSize=147 HostName=xuejiandeMacBook-Air.local Ip="::1" Method=GET Path=/api/v1/category SpendTime="17 ms" status=200
time="2023-07-23 02:49:09" level=info Agent="Mozilla/5.0 (Macintosh; Intel Mac OS X 10_15_7) AppleWebKit/605.1.15 (KHTML, like Gecko) Version/15.6.1 Safari/605.1.15" DataSize=495 HostName=xuejiandeMacBook-Air.local Ip="::1" Method=GET Path=/api/v1/profile/1 SpendTime="3 ms" status=200
time="2023-07-23 02:49:09" level=info Agent="Mozilla/5.0 (Macintosh; Intel Mac OS X 10_15_7) AppleWebKit/605.1.15 (KHTML, like Gecko) Version/15.6.1 Safari/605.1.15" DataSize=355 HostName=xuejiandeMacBook-Air.local Ip="::1" Method=GET Path=/api/v1/article/info/5 SpendTime="6 ms" status=200
time="2023-07-23 02:49:09" level=info Agent="Mozilla/5.0 (Macintosh; Intel Mac OS X 10_15_7) AppleWebKit/605.1.15 (KHTML, like Gecko) Version/15.6.1 Safari/605.1.15" DataSize=467 HostName=xuejiandeMacBook-Air.local Ip="::1" Method=GET Path="/api/v1/commentfront/5?pagesize=5&pagenum=1" SpendTime="12 ms" status=200
time="2023-07-23 02:51:39" level=info Agent="Mozilla/5.0 (Macintosh; Intel Mac OS X 10_15_7) AppleWebKit/605.1.15 (KHTML, like Gecko) Version/15.6.1 Safari/605.1.15" DataSize=147 HostName=xuejiandeMacBook-Air.local Ip="::1" Method=GET Path=/api/v1/category SpendTime="100 ms" status=200
time="2023-07-23 02:51:39" level=info Agent="Mozilla/5.0 (Macintosh; Intel Mac OS X 10_15_7) AppleWebKit/605.1.15 (KHTML, like Gecko) Version/15.6.1 Safari/605.1.15" DataSize=495 HostName=xuejiandeMacBook-Air.local Ip="::1" Method=GET Path=/api/v1/profile/1 SpendTime="9 ms" status=200
time="2023-07-23 02:51:39" level=info Agent="Mozilla/5.0 (Macintosh; Intel Mac OS X 10_15_7) AppleWebKit/605.1.15 (KHTML, like Gecko) Version/15.6.1 Safari/605.1.15" DataSize=355 HostName=xuejiandeMacBook-Air.local Ip="::1" Method=GET Path=/api/v1/article/info/5 SpendTime="37 ms" status=200
time="2023-07-23 02:51:39" level=info Agent="Mozilla/5.0 (Macintosh; Intel Mac OS X 10_15_7) AppleWebKit/605.1.15 (KHTML, like Gecko) Version/15.6.1 Safari/605.1.15" DataSize=467 HostName=xuejiandeMacBook-Air.local Ip="::1" Method=GET Path="/api/v1/commentfront/5?pagesize=5&pagenum=1" SpendTime="96 ms" status=200
time="2023-07-23 02:51:51" level=info Agent="Mozilla/5.0 (Macintosh; Intel Mac OS X 10_15_7) AppleWebKit/605.1.15 (KHTML, like Gecko) Version/15.6.1 Safari/605.1.15" DataSize=0 HostName=xuejiandeMacBook-Air.local Ip="::1" Method=OPTIONS Path=/api/v1/user/add SpendTime="1 ms" status=204
time="2023-07-23 02:51:51" level=info Agent="Mozilla/5.0 (Macintosh; Intel Mac OS X 10_15_7) AppleWebKit/605.1.15 (KHTML, like Gecko) Version/15.6.1 Safari/605.1.15" DataSize=33 HostName=xuejiandeMacBook-Air.local Ip="::1" Method=POST Path=/api/v1/user/add SpendTime="150 ms" status=200
time="2023-07-23 02:51:52" level=info Agent="Mozilla/5.0 (Macintosh; Intel Mac OS X 10_15_7) AppleWebKit/605.1.15 (KHTML, like Gecko) Version/15.6.1 Safari/605.1.15" DataSize=147 HostName=xuejiandeMacBook-Air.local Ip="::1" Method=GET Path=/api/v1/category SpendTime="26 ms" status=200
time="2023-07-23 02:51:52" level=info Agent="Mozilla/5.0 (Macintosh; Intel Mac OS X 10_15_7) AppleWebKit/605.1.15 (KHTML, like Gecko) Version/15.6.1 Safari/605.1.15" DataSize=495 HostName=xuejiandeMacBook-Air.local Ip="::1" Method=GET Path=/api/v1/profile/1 SpendTime="15 ms" status=200
time="2023-07-23 02:51:52" level=info Agent="Mozilla/5.0 (Macintosh; Intel Mac OS X 10_15_7) AppleWebKit/605.1.15 (KHTML, like Gecko) Version/15.6.1 Safari/605.1.15" DataSize=467 HostName=xuejiandeMacBook-Air.local Ip="::1" Method=GET Path="/api/v1/commentfront/5?pagesize=5&pagenum=1" SpendTime="62 ms" status=200
time="2023-07-23 02:51:53" level=info Agent="Mozilla/5.0 (Macintosh; Intel Mac OS X 10_15_7) AppleWebKit/605.1.15 (KHTML, like Gecko) Version/15.6.1 Safari/605.1.15" DataSize=355 HostName=xuejiandeMacBook-Air.local Ip="::1" Method=GET Path=/api/v1/article/info/5 SpendTime="74 ms" status=200
time="2023-07-23 02:53:04" level=info Agent="Mozilla/5.0 (Macintosh; Intel Mac OS X 10_15_7) AppleWebKit/605.1.15 (KHTML, like Gecko) Version/15.6.1 Safari/605.1.15" DataSize=147 HostName=xuejiandeMacBook-Air.local Ip="::1" Method=GET Path=/api/v1/category SpendTime="29 ms" status=200
time="2023-07-23 02:53:04" level=info Agent="Mozilla/5.0 (Macintosh; Intel Mac OS X 10_15_7) AppleWebKit/605.1.15 (KHTML, like Gecko) Version/15.6.1 Safari/605.1.15" DataSize=495 HostName=xuejiandeMacBook-Air.local Ip="::1" Method=GET Path=/api/v1/profile/1 SpendTime="9 ms" status=200
time="2023-07-23 02:53:04" level=info Agent="Mozilla/5.0 (Macintosh; Intel Mac OS X 10_15_7) AppleWebKit/605.1.15 (KHTML, like Gecko) Version/15.6.1 Safari/605.1.15" DataSize=355 HostName=xuejiandeMacBook-Air.local Ip="::1" Method=GET Path=/api/v1/article/info/5 SpendTime="15 ms" status=200
time="2023-07-23 02:53:04" level=info Agent="Mozilla/5.0 (Macintosh; Intel Mac OS X 10_15_7) AppleWebKit/605.1.15 (KHTML, like Gecko) Version/15.6.1 Safari/605.1.15" DataSize=467 HostName=xuejiandeMacBook-Air.local Ip="::1" Method=GET Path="/api/v1/commentfront/5?pagesize=5&pagenum=1" SpendTime="12 ms" status=200
time="2023-07-23 02:53:17" level=info Agent="Mozilla/5.0 (Macintosh; Intel Mac OS X 10_15_7) AppleWebKit/605.1.15 (KHTML, like Gecko) Version/15.6.1 Safari/605.1.15" DataSize=0 HostName=xuejiandeMacBook-Air.local Ip="::1" Method=OPTIONS Path=/api/v1/loginfront SpendTime="1 ms" status=204
time="2023-07-23 02:53:17" level=info Agent="Mozilla/5.0 (Macintosh; Intel Mac OS X 10_15_7) AppleWebKit/605.1.15 (KHTML, like Gecko) Version/15.6.1 Safari/605.1.15" DataSize=54 HostName=xuejiandeMacBook-Air.local Ip="::1" Method=POST Path=/api/v1/loginfront SpendTime="105 ms" status=200
time="2023-07-23 02:53:18" level=info Agent="Mozilla/5.0 (Macintosh; Intel Mac OS X 10_15_7) AppleWebKit/605.1.15 (KHTML, like Gecko) Version/15.6.1 Safari/605.1.15" DataSize=147 HostName=xuejiandeMacBook-Air.local Ip="::1" Method=GET Path=/api/v1/category SpendTime="11 ms" status=200
time="2023-07-23 02:53:18" level=info Agent="Mozilla/5.0 (Macintosh; Intel Mac OS X 10_15_7) AppleWebKit/605.1.15 (KHTML, like Gecko) Version/15.6.1 Safari/605.1.15" DataSize=495 HostName=xuejiandeMacBook-Air.local Ip="::1" Method=GET Path=/api/v1/profile/1 SpendTime="4 ms" status=200
time="2023-07-23 02:53:18" level=info Agent="Mozilla/5.0 (Macintosh; Intel Mac OS X 10_15_7) AppleWebKit/605.1.15 (KHTML, like Gecko) Version/15.6.1 Safari/605.1.15" DataSize=355 HostName=xuejiandeMacBook-Air.local Ip="::1" Method=GET Path=/api/v1/article/info/5 SpendTime="9 ms" status=200
time="2023-07-23 02:53:18" level=info Agent="Mozilla/5.0 (Macintosh; Intel Mac OS X 10_15_7) AppleWebKit/605.1.15 (KHTML, like Gecko) Version/15.6.1 Safari/605.1.15" DataSize=467 HostName=xuejiandeMacBook-Air.local Ip="::1" Method=GET Path="/api/v1/commentfront/5?pagesize=5&pagenum=1" SpendTime="16 ms" status=200
time="2023-07-23 02:53:34" level=info Agent="Mozilla/5.0 (Macintosh; Intel Mac OS X 10_15_7) AppleWebKit/605.1.15 (KHTML, like Gecko) Version/15.6.1 Safari/605.1.15" DataSize=0 HostName=xuejiandeMacBook-Air.local Ip="::1" Method=OPTIONS Path=/api/v1/profile/1 SpendTime="1 ms" status=204
time="2023-07-23 02:53:34" level=info Agent="Mozilla/5.0 (Macintosh; Intel Mac OS X 10_15_7) AppleWebKit/605.1.15 (KHTML, like Gecko) Version/15.6.1 Safari/605.1.15" DataSize=495 HostName=xuejiandeMacBook-Air.local Ip="::1" Method=GET Path=/api/v1/profile/1 SpendTime="22 ms" status=200
time="2023-07-23 02:53:45" level=info Agent="Mozilla/5.0 (Macintosh; Intel Mac OS X 10_15_7) AppleWebKit/605.1.15 (KHTML, like Gecko) Version/15.6.1 Safari/605.1.15" DataSize=0 HostName=xuejiandeMacBook-Air.local Ip="::1" Method=OPTIONS Path="/api/v1/users?username=&pagesize=5&pagenum=1" SpendTime="1 ms" status=204
time="2023-07-23 02:53:45" level=info Agent="Mozilla/5.0 (Macintosh; Intel Mac OS X 10_15_7) AppleWebKit/605.1.15 (KHTML, like Gecko) Version/15.6.1 Safari/605.1.15" DataSize=479 HostName=xuejiandeMacBook-Air.local Ip="::1" Method=GET Path="/api/v1/users?username=&pagesize=5&pagenum=1" SpendTime="12 ms" status=200
time="2023-07-23 02:53:55" level=info Agent="Mozilla/5.0 (Macintosh; Intel Mac OS X 10_15_7) AppleWebKit/605.1.15 (KHTML, like Gecko) Version/15.6.1 Safari/605.1.15" DataSize=0 HostName=xuejiandeMacBook-Air.local Ip="::1" Method=OPTIONS Path=/api/v1/user/3 SpendTime="1 ms" status=204
time="2023-07-23 02:53:55" level=info Agent="Mozilla/5.0 (Macintosh; Intel Mac OS X 10_15_7) AppleWebKit/605.1.15 (KHTML, like Gecko) Version/15.6.1 Safari/605.1.15" DataSize=213 HostName=xuejiandeMacBook-Air.local Ip="::1" Method=GET Path=/api/v1/user/3 SpendTime="3 ms" status=200
time="2023-07-23 11:32:56" level=info Agent="Mozilla/5.0 (Macintosh; Intel Mac OS X 10_15_7) AppleWebKit/605.1.15 (KHTML, like Gecko) Version/15.6.1 Safari/605.1.15" DataSize=0 HostName=xuejiandeMacBook-Air.local Ip="::1" Method=OPTIONS Path=/api/v1/profile/1 SpendTime="1 ms" status=204
time="2023-07-23 11:32:57" level=info Agent="Mozilla/5.0 (Macintosh; Intel Mac OS X 10_15_7) AppleWebKit/605.1.15 (KHTML, like Gecko) Version/15.6.1 Safari/605.1.15" DataSize=495 HostName=xuejiandeMacBook-Air.local Ip="::1" Method=GET Path=/api/v1/profile/1 SpendTime="55 ms" status=200
time="2023-07-23 11:32:59" level=info Agent="Mozilla/5.0 (Macintosh; Intel Mac OS X 10_15_7) AppleWebKit/605.1.15 (KHTML, like Gecko) Version/15.6.1 Safari/605.1.15" DataSize=0 HostName=xuejiandeMacBook-Air.local Ip="::1" Method=OPTIONS Path="/api/v1/users?username=&pagesize=5&pagenum=1" SpendTime="1 ms" status=204
time="2023-07-23 11:32:59" level=info Agent="Mozilla/5.0 (Macintosh; Intel Mac OS X 10_15_7) AppleWebKit/605.1.15 (KHTML, like Gecko) Version/15.6.1 Safari/605.1.15" DataSize=479 HostName=xuejiandeMacBook-Air.local Ip="::1" Method=GET Path="/api/v1/users?username=&pagesize=5&pagenum=1" SpendTime="9 ms" status=200
time="2023-07-23 11:32:59" level=info Agent="Mozilla/5.0 (Macintosh; Intel Mac OS X 10_15_7) AppleWebKit/605.1.15 (KHTML, like Gecko) Version/15.6.1 Safari/605.1.15" DataSize=0 HostName=xuejiandeMacBook-Air.local Ip="::1" Method=OPTIONS Path=/api/v1/category SpendTime="1 ms" status=204
time="2023-07-23 11:32:59" level=info Agent="Mozilla/5.0 (Macintosh; Intel Mac OS X 10_15_7) AppleWebKit/605.1.15 (KHTML, like Gecko) Version/15.6.1 Safari/605.1.15" DataSize=147 HostName=xuejiandeMacBook-Air.local Ip="::1" Method=GET Path=/api/v1/category SpendTime="27 ms" status=200
time="2023-07-23 11:33:00" level=info Agent="Mozilla/5.0 (Macintosh; Intel Mac OS X 10_15_7) AppleWebKit/605.1.15 (KHTML, like Gecko) Version/15.6.1 Safari/605.1.15" DataSize=0 HostName=xuejiandeMacBook-Air.local Ip="::1" Method=OPTIONS Path="/api/v1/comment/list?pagesize=10&pagenum=1" SpendTime="1 ms" status=204
time="2023-07-23 11:33:01" level=info Agent="Mozilla/5.0 (Macintosh; Intel Mac OS X 10_15_7) AppleWebKit/605.1.15 (KHTML, like Gecko) Version/15.6.1 Safari/605.1.15" DataSize=467 HostName=xuejiandeMacBook-Air.local Ip="::1" Method=GET Path="/api/v1/comment/list?pagesize=10&pagenum=1" SpendTime="35 ms" status=200
time="2023-07-23 11:33:02" level=info Agent="Mozilla/5.0 (Macintosh; Intel Mac OS X 10_15_7) AppleWebKit/605.1.15 (KHTML, like Gecko) Version/15.6.1 Safari/605.1.15" DataSize=0 HostName=xuejiandeMacBook-Air.local Ip="::1" Method=OPTIONS Path="/api/v1/article?title=&pagesize=5&pagenum=1" SpendTime="1 ms" status=204
time="2023-07-23 11:33:02" level=info Agent="Mozilla/5.0 (Macintosh; Intel Mac OS X 10_15_7) AppleWebKit/605.1.15 (KHTML, like Gecko) Version/15.6.1 Safari/605.1.15" DataSize=147 HostName=xuejiandeMacBook-Air.local Ip="::1" Method=GET Path=/api/v1/category SpendTime="20 ms" status=200
time="2023-07-23 11:33:02" level=info Agent="Mozilla/5.0 (Macintosh; Intel Mac OS X 10_15_7) AppleWebKit/605.1.15 (KHTML, like Gecko) Version/15.6.1 Safari/605.1.15" DataSize=1276 HostName=xuejiandeMacBook-Air.local Ip="::1" Method=GET Path="/api/v1/article?title=&pagesize=5&pagenum=1" SpendTime="39 ms" status=200
time="2023-07-23 11:33:06" level=info Agent="Mozilla/5.0 (Macintosh; Intel Mac OS X 10_15_7) AppleWebKit/605.1.15 (KHTML, like Gecko) Version/15.6.1 Safari/605.1.15" DataSize=147 HostName=xuejiandeMacBook-Air.local Ip="::1" Method=GET Path=/api/v1/category SpendTime="10 ms" status=200
time="2023-07-23 11:33:09" level=info Agent="Mozilla/5.0 (Macintosh; Intel Mac OS X 10_15_7) AppleWebKit/605.1.15 (KHTML, like Gecko) Version/15.6.1 Safari/605.1.15" DataSize=147 HostName=xuejiandeMacBook-Air.local Ip="::1" Method=GET Path=/api/v1/category SpendTime="11 ms" status=200
time="2023-07-23 11:33:09" level=info Agent="Mozilla/5.0 (Macintosh; Intel Mac OS X 10_15_7) AppleWebKit/605.1.15 (KHTML, like Gecko) Version/15.6.1 Safari/605.1.15" DataSize=1276 HostName=xuejiandeMacBook-Air.local Ip="::1" Method=GET Path="/api/v1/article?title=&pagesize=5&pagenum=1" SpendTime="35 ms" status=200
time="2023-07-23 11:41:31" level=info Agent="Mozilla/5.0 (Macintosh; Intel Mac OS X 10_15_7) AppleWebKit/605.1.15 (KHTML, like Gecko) Version/15.6.1 Safari/605.1.15" DataSize=495 HostName=xuejiandeMacBook-Air.local Ip="::1" Method=GET Path=/api/v1/profile/1 SpendTime="20 ms" status=200
time="2023-07-23 11:41:31" level=info Agent="Mozilla/5.0 (Macintosh; Intel Mac OS X 10_15_7) AppleWebKit/605.1.15 (KHTML, like Gecko) Version/15.6.1 Safari/605.1.15" DataSize=147 HostName=xuejiandeMacBook-Air.local Ip="::1" Method=GET Path=/api/v1/category SpendTime="52 ms" status=200
time="2023-07-23 11:41:31" level=error Agent="Mozilla/5.0 (Macintosh; Intel Mac OS X 10_15_7) AppleWebKit/605.1.15 (KHTML, like Gecko) Version/15.6.1 Safari/605.1.15" DataSize=0 HostName=xuejiandeMacBook-Air.local Ip="::1" Method=GET Path=/ SpendTime="46 ms" status=500
time="2023-07-23 11:41:32" level=warning Agent="Mozilla/5.0 (Macintosh; Intel Mac OS X 10_15_7) AppleWebKit/605.1.15 (KHTML, like Gecko) Version/15.6.1 Safari/605.1.15" DataSize=19 HostName=xuejiandeMacBook-Air.local Ip="::1" Method=GET Path=/favicon.ico SpendTime="1 ms" status=404
time="2023-07-23 11:42:09" level=error Agent="Mozilla/5.0 (Macintosh; Intel Mac OS X 10_15_7) AppleWebKit/605.1.15 (KHTML, like Gecko) Version/15.6.1 Safari/605.1.15" DataSize=0 HostName=xuejiandeMacBook-Air.local Ip="::1" Method=GET Path=/ SpendTime="34 ms" status=500
time="2023-07-23 11:42:18" level=error Agent="Mozilla/5.0 (Macintosh; Intel Mac OS X 10_15_7) AppleWebKit/605.1.15 (KHTML, like Gecko) Version/15.6.1 Safari/605.1.15" DataSize=0 HostName=xuejiandeMacBook-Air.local Ip="::1" Method=GET Path=/admin SpendTime="34 ms" status=500
time="2023-07-23 11:42:21" level=error Agent="Mozilla/5.0 (Macintosh; Intel Mac OS X 10_15_7) AppleWebKit/605.1.15 (KHTML, like Gecko) Version/15.6.1 Safari/605.1.15" DataSize=0 HostName=xuejiandeMacBook-Air.local Ip="::1" Method=GET Path=/admin SpendTime="4 ms" status=500
time="2023-07-23 11:42:22" level=error Agent="Mozilla/5.0 (Macintosh; Intel Mac OS X 10_15_7) AppleWebKit/605.1.15 (KHTML, like Gecko) Version/15.6.1 Safari/605.1.15" DataSize=0 HostName=xuejiandeMacBook-Air.local Ip="::1" Method=GET Path=/admin SpendTime="3 ms" status=500
time="2023-07-23 11:42:23" level=error Agent="Mozilla/5.0 (Macintosh; Intel Mac OS X 10_15_7) AppleWebKit/605.1.15 (KHTML, like Gecko) Version/15.6.1 Safari/605.1.15" DataSize=0 HostName=xuejiandeMacBook-Air.local Ip="::1" Method=GET Path=/admin SpendTime="3 ms" status=500
time="2023-07-23 11:47:13" level=info Agent="Mozilla/5.0 (Macintosh; Intel Mac OS X 10_15_7) AppleWebKit/605.1.15 (KHTML, like Gecko) Version/15.6.1 Safari/605.1.15" DataSize=688 HostName=xuejiandeMacBook-Air.local Ip="::1" Method=GET Path=/admin SpendTime="1 ms" status=200
time="2023-07-23 11:47:13" level=info Agent="Mozilla/5.0 (Macintosh; Intel Mac OS X 10_15_7) AppleWebKit/605.1.15 (KHTML, like Gecko) Version/15.6.1 Safari/605.1.15" DataSize=12119 HostName=xuejiandeMacBook-Air.local Ip="::1" Method=GET Path=/admin/js/app.37cb9549.js SpendTime="1 ms" status=200
time="2023-07-23 11:47:13" level=info Agent="Mozilla/5.0 (Macintosh; Intel Mac OS X 10_15_7) AppleWebKit/605.1.15 (KHTML, like Gecko) Version/15.6.1 Safari/605.1.15" DataSize=138 HostName=xuejiandeMacBook-Air.local Ip="::1" Method=GET Path=/admin/css/app.801a46b0.css SpendTime="3 ms" status=200
time="2023-07-23 11:47:13" level=info Agent="Mozilla/5.0 (Macintosh; Intel Mac OS X 10_15_7) AppleWebKit/605.1.15 (KHTML, like Gecko) Version/15.6.1 Safari/605.1.15" DataSize=262289 HostName=xuejiandeMacBook-Air.local Ip="::1" Method=GET Path=/admin/css/chunk-vendors.c9b80aa3.css SpendTime="17 ms" status=200
time="2023-07-23 11:47:13" level=info Agent="Mozilla/5.0 (Macintosh; Intel Mac OS X 10_15_7) AppleWebKit/605.1.15 (KHTML, like Gecko) Version/15.6.1 Safari/605.1.15" DataSize=1496403 HostName=xuejiandeMacBook-Air.local Ip="::1" Method=GET Path=/admin/js/chunk-vendors.849a0c0c.js SpendTime="35 ms" status=200
time="2023-07-23 11:47:13" level=info Agent="Mozilla/5.0 (Macintosh; Intel Mac OS X 10_15_7) AppleWebKit/605.1.15 (KHTML, like Gecko) Version/15.6.1 Safari/605.1.15" DataSize=688 HostName=xuejiandeMacBook-Air.local Ip="::1" Method=GET Path=/admin SpendTime="1 ms" status=200
time="2023-07-23 11:47:13" level=info Agent="Mozilla/5.0 (Macintosh; Intel Mac OS X 10_15_7) AppleWebKit/605.1.15 (KHTML, like Gecko) Version/15.6.1 Safari/605.1.15" DataSize=1496403 HostName=xuejiandeMacBook-Air.local Ip="::1" Method=GET Path=/admin/js/chunk-vendors.849a0c0c.js SpendTime="32 ms" status=200
time="2023-07-23 11:47:13" level=info Agent="Mozilla/5.0 (Macintosh; Intel Mac OS X 10_15_7) AppleWebKit/605.1.15 (KHTML, like Gecko) Version/15.6.1 Safari/605.1.15" DataSize=12119 HostName=xuejiandeMacBook-Air.local Ip="::1" Method=GET Path=/admin/js/app.37cb9549.js SpendTime="1 ms" status=200
time="2023-07-23 11:47:13" level=info Agent="Mozilla/5.0 (Macintosh; Intel Mac OS X 10_15_7) AppleWebKit/605.1.15 (KHTML, like Gecko) Version/15.6.1 Safari/605.1.15" DataSize=138 HostName=xuejiandeMacBook-Air.local Ip="::1" Method=GET Path=/admin/css/app.801a46b0.css SpendTime="1 ms" status=200
time="2023-07-23 11:47:13" level=info Agent="Mozilla/5.0 (Macintosh; Intel Mac OS X 10_15_7) AppleWebKit/605.1.15 (KHTML, like Gecko) Version/15.6.1 Safari/605.1.15" DataSize=262289 HostName=xuejiandeMacBook-Air.local Ip="::1" Method=GET Path=/admin/css/chunk-vendors.c9b80aa3.css SpendTime="1 ms" status=200
time="2023-07-23 11:47:14" level=info Agent="Mozilla/5.0 (Macintosh; Intel Mac OS X 10_15_7) AppleWebKit/605.1.15 (KHTML, like Gecko) Version/15.6.1 Safari/605.1.15" DataSize=391 HostName=xuejiandeMacBook-Air.local Ip="::1" Method=GET Path=/admin/css/Login.f3b1a052.css SpendTime="3 ms" status=200
time="2023-07-23 11:47:14" level=info Agent="Mozilla/5.0 (Macintosh; Intel Mac OS X 10_15_7) AppleWebKit/605.1.15 (KHTML, like Gecko) Version/15.6.1 Safari/605.1.15" DataSize=2311 HostName=xuejiandeMacBook-Air.local Ip="::1" Method=GET Path=/admin/js/Login.99cd6810.js SpendTime="1 ms" status=200
time="2023-07-23 11:47:15" level=info Agent="Mozilla/5.0 (Macintosh; Intel Mac OS X 10_15_7) AppleWebKit/605.1.15 (KHTML, like Gecko) Version/15.6.1 Safari/605.1.15" DataSize=4286 HostName=xuejiandeMacBook-Air.local Ip="::1" Method=GET Path=/admin/favicon.ico SpendTime="3 ms" status=200
time="2023-07-23 11:47:24" level=info Agent="Mozilla/5.0 (Macintosh; Intel Mac OS X 10_15_7) AppleWebKit/605.1.15 (KHTML, like Gecko) Version/15.6.1 Safari/605.1.15" DataSize=74 HostName=xuejiandeMacBook-Air.local Ip="::1" Method=POST Path=/api/v1/login SpendTime="156 ms" status=200
time="2023-07-23 11:47:28" level=info Agent="Mozilla/5.0 (Macintosh; Intel Mac OS X 10_15_7) AppleWebKit/605.1.15 (KHTML, like Gecko) Version/15.6.1 Safari/605.1.15" DataSize=241 HostName=xuejiandeMacBook-Air.local Ip="::1" Method=POST Path=/api/v1/login SpendTime="158 ms" status=200
time="2023-07-23 11:47:28" level=info Agent="Mozilla/5.0 (Macintosh; Intel Mac OS X 10_15_7) AppleWebKit/605.1.15 (KHTML, like Gecko) Version/15.6.1 Safari/605.1.15" DataSize=2595 HostName=xuejiandeMacBook-Air.local Ip="::1" Method=GET Path=/admin/js/Admin.ae205c7e.js SpendTime="1 ms" status=200
time="2023-07-23 11:47:28" level=info Agent="Mozilla/5.0 (Macintosh; Intel Mac OS X 10_15_7) AppleWebKit/605.1.15 (KHTML, like Gecko) Version/15.6.1 Safari/605.1.15" DataSize=430 HostName=xuejiandeMacBook-Air.local Ip="::1" Method=GET Path=/admin/js/Index.a4cb2f06.js SpendTime="1 ms" status=200
time="2023-07-23 11:47:28" level=info Agent="Mozilla/5.0 (Macintosh; Intel Mac OS X 10_15_7) AppleWebKit/605.1.15 (KHTML, like Gecko) Version/15.6.1 Safari/605.1.15" DataSize=397 HostName=xuejiandeMacBook-Air.local Ip="::1" Method=GET Path=/admin/css/Admin.ce2fefbb.css SpendTime="3 ms" status=200
time="2023-07-23 11:47:30" level=info Agent="Mozilla/5.0 (Macintosh; Intel Mac OS X 10_15_7) AppleWebKit/605.1.15 (KHTML, like Gecko) Version/15.6.1 Safari/605.1.15" DataSize=25091 HostName=xuejiandeMacBook-Air.local Ip="::1" Method=GET Path=/admin/js/UserList.e0acd355.js SpendTime="1 ms" status=200
time="2023-07-23 11:47:30" level=info Agent="Mozilla/5.0 (Macintosh; Intel Mac OS X 10_15_7) AppleWebKit/605.1.15 (KHTML, like Gecko) Version/15.6.1 Safari/605.1.15" DataSize=107 HostName=xuejiandeMacBook-Air.local Ip="::1" Method=GET Path=/admin/css/UserList.9f163474.css SpendTime="1 ms" status=200
time="2023-07-23 11:47:31" level=info Agent="Mozilla/5.0 (Macintosh; Intel Mac OS X 10_15_7) AppleWebKit/605.1.15 (KHTML, like Gecko) Version/15.6.1 Safari/605.1.15" DataSize=495 HostName=xuejiandeMacBook-Air.local Ip="::1" Method=GET Path=/api/v1/profile/1 SpendTime="10 ms" status=200
time="2023-07-23 11:47:32" level=info Agent="Mozilla/5.0 (Macintosh; Intel Mac OS X 10_15_7) AppleWebKit/605.1.15 (KHTML, like Gecko) Version/15.6.1 Safari/605.1.15" DataSize=479 HostName=xuejiandeMacBook-Air.local Ip="::1" Method=GET Path="/api/v1/users?username=&pagesize=5&pagenum=1" SpendTime="3 ms" status=200
time="2023-07-23 11:47:38" level=info Agent="Mozilla/5.0 (Macintosh; Intel Mac OS X 10_15_7) AppleWebKit/605.1.15 (KHTML, like Gecko) Version/15.6.1 Safari/605.1.15" DataSize=213 HostName=xuejiandeMacBook-Air.local Ip="::1" Method=GET Path=/api/v1/user/2 SpendTime="17 ms" status=200
time="2023-07-23 11:47:41" level=info Agent="Mozilla/5.0 (Macintosh; Intel Mac OS X 10_15_7) AppleWebKit/605.1.15 (KHTML, like Gecko) Version/15.6.1 Safari/605.1.15" DataSize=33 HostName=xuejiandeMacBook-Air.local Ip="::1" Method=PUT Path=/api/v1/user/2 SpendTime="70 ms" status=200
time="2023-07-23 11:47:41" level=info Agent="Mozilla/5.0 (Macintosh; Intel Mac OS X 10_15_7) AppleWebKit/605.1.15 (KHTML, like Gecko) Version/15.6.1 Safari/605.1.15" DataSize=479 HostName=xuejiandeMacBook-Air.local Ip="::1" Method=GET Path="/api/v1/users?username=&pagesize=5&pagenum=1" SpendTime="4 ms" status=200
time="2023-07-23 11:47:44" level=info Agent="Mozilla/5.0 (Macintosh; Intel Mac OS X 10_15_7) AppleWebKit/605.1.15 (KHTML, like Gecko) Version/15.6.1 Safari/605.1.15" DataSize=213 HostName=xuejiandeMacBook-Air.local Ip="::1" Method=GET Path=/api/v1/user/2 SpendTime="1 ms" status=200
time="2023-07-23 11:47:48" level=info Agent="Mozilla/5.0 (Macintosh; Intel Mac OS X 10_15_7) AppleWebKit/605.1.15 (KHTML, like Gecko) Version/15.6.1 Safari/605.1.15" DataSize=33 HostName=xuejiandeMacBook-Air.local Ip="::1" Method=PUT Path=/api/v1/user/2 SpendTime="30 ms" status=200
time="2023-07-23 11:47:48" level=info Agent="Mozilla/5.0 (Macintosh; Intel Mac OS X 10_15_7) AppleWebKit/605.1.15 (KHTML, like Gecko) Version/15.6.1 Safari/605.1.15" DataSize=479 HostName=xuejiandeMacBook-Air.local Ip="::1" Method=GET Path="/api/v1/users?username=&pagesize=5&pagenum=1" SpendTime="5 ms" status=200
time="2023-07-23 11:47:49" level=info Agent="Mozilla/5.0 (Macintosh; Intel Mac OS X 10_15_7) AppleWebKit/605.1.15 (KHTML, like Gecko) Version/15.6.1 Safari/605.1.15" DataSize=4774 HostName=xuejiandeMacBook-Air.local Ip="::1" Method=GET Path=/admin/js/CateList.11474d24.js SpendTime="2 ms" status=200
time="2023-07-23 11:47:49" level=info Agent="Mozilla/5.0 (Macintosh; Intel Mac OS X 10_15_7) AppleWebKit/605.1.15 (KHTML, like Gecko) Version/15.6.1 Safari/605.1.15" DataSize=65 HostName=xuejiandeMacBook-Air.local Ip="::1" Method=GET Path=/admin/css/CateList.4a5c7e32.css SpendTime="4 ms" status=200
time="2023-07-23 11:47:49" level=info Agent="Mozilla/5.0 (Macintosh; Intel Mac OS X 10_15_7) AppleWebKit/605.1.15 (KHTML, like Gecko) Version/15.6.1 Safari/605.1.15" DataSize=147 HostName=xuejiandeMacBook-Air.local Ip="::1" Method=GET Path=/api/v1/category SpendTime="17 ms" status=200
time="2023-07-23 11:47:50" level=info Agent="Mozilla/5.0 (Macintosh; Intel Mac OS X 10_15_7) AppleWebKit/605.1.15 (KHTML, like Gecko) Version/15.6.1 Safari/605.1.15" DataSize=467 HostName=xuejiandeMacBook-Air.local Ip="::1" Method=GET Path="/api/v1/comment/list?pagesize=10&pagenum=1" SpendTime="33 ms" status=200
time="2023-07-23 11:47:52" level=info Agent="Mozilla/5.0 (Macintosh; Intel Mac OS X 10_15_7) AppleWebKit/605.1.15 (KHTML, like Gecko) Version/15.6.1 Safari/605.1.15" DataSize=11048 HostName=xuejiandeMacBook-Air.local Ip="::1" Method=GET Path=/admin/js/ArtList.5ab36262.js SpendTime="1 ms" status=200
time="2023-07-23 11:47:52" level=info Agent="Mozilla/5.0 (Macintosh; Intel Mac OS X 10_15_7) AppleWebKit/605.1.15 (KHTML, like Gecko) Version/15.6.1 Safari/605.1.15" DataSize=166 HostName=xuejiandeMacBook-Air.local Ip="::1" Method=GET Path=/admin/css/ArtList.99a45626.css SpendTime="3 ms" status=200
time="2023-07-23 11:47:52" level=info Agent="Mozilla/5.0 (Macintosh; Intel Mac OS X 10_15_7) AppleWebKit/605.1.15 (KHTML, like Gecko) Version/15.6.1 Safari/605.1.15" DataSize=1276 HostName=xuejiandeMacBook-Air.local Ip="::1" Method=GET Path="/api/v1/article?title=&pagesize=5&pagenum=1" SpendTime="6 ms" status=200
time="2023-07-23 11:47:53" level=info Agent="Mozilla/5.0 (Macintosh; Intel Mac OS X 10_15_7) AppleWebKit/605.1.15 (KHTML, like Gecko) Version/15.6.1 Safari/605.1.15" DataSize=147 HostName=xuejiandeMacBook-Air.local Ip="::1" Method=GET Path=/api/v1/category SpendTime="125 ms" status=200
time="2023-07-23 11:47:53" level=info Agent="Mozilla/5.0 (Macintosh; Intel Mac OS X 10_15_7) AppleWebKit/605.1.15 (KHTML, like Gecko) Version/15.6.1 Safari/605.1.15" DataSize=57473 HostName=xuejiandeMacBook-Air.local Ip="::1" Method=GET Path=/admin/css/AddArt.d38cef60.css SpendTime="9 ms" status=200
time="2023-07-23 11:47:53" level=info Agent="Mozilla/5.0 (Macintosh; Intel Mac OS X 10_15_7) AppleWebKit/605.1.15 (KHTML, like Gecko) Version/15.6.1 Safari/605.1.15" DataSize=1159140 HostName=xuejiandeMacBook-Air.local Ip="::1" Method=GET Path=/admin/js/AddArt.9d8a68c8.js SpendTime="10 ms" status=200
time="2023-07-23 11:47:54" level=warning Agent="Mozilla/5.0 (Macintosh; Intel Mac OS X 10_15_7) AppleWebKit/605.1.15 (KHTML, like Gecko) Version/15.6.1 Safari/605.1.15" DataSize=0 HostName=xuejiandeMacBook-Air.local Ip="::1" Method=GET Path=/admin/js/skins/ui/oxide/skin.min.css SpendTime="3 ms" status=404
time="2023-07-23 11:47:54" level=warning Agent="Mozilla/5.0 (Macintosh; Intel Mac OS X 10_15_7) AppleWebKit/605.1.15 (KHTML, like Gecko) Version/15.6.1 Safari/605.1.15" DataSize=0 HostName=xuejiandeMacBook-Air.local Ip="::1" Method=GET Path=/admin/js/skins/ui/oxide/content.min.css SpendTime="1 ms" status=404
time="2023-07-23 11:47:54" level=warning Agent="Mozilla/5.0 (Macintosh; Intel Mac OS X 10_15_7) AppleWebKit/605.1.15 (KHTML, like Gecko) Version/15.6.1 Safari/605.1.15" DataSize=0 HostName=xuejiandeMacBook-Air.local Ip="::1" Method=GET Path=/admin/js/skins/content/default/content.css SpendTime="1 ms" status=404
time="2023-07-23 11:47:54" level=info Agent="Mozilla/5.0 (Macintosh; Intel Mac OS X 10_15_7) AppleWebKit/605.1.15 (KHTML, like Gecko) Version/15.6.1 Safari/605.1.15" DataSize=147 HostName=xuejiandeMacBook-Air.local Ip="::1" Method=GET Path=/api/v1/category SpendTime="4 ms" status=200
time="2023-07-23 11:48:23" level=info Agent="Mozilla/5.0 (Macintosh; Intel Mac OS X 10_15_7) AppleWebKit/605.1.15 (KHTML, like Gecko) Version/15.6.1 Safari/605.1.15" DataSize=495 HostName=xuejiandeMacBook-Air.local Ip="::1" Method=GET Path=/api/v1/profile/1 SpendTime="13 ms" status=200
time="2023-07-23 11:48:23" level=info Agent="Mozilla/5.0 (Macintosh; Intel Mac OS X 10_15_7) AppleWebKit/605.1.15 (KHTML, like Gecko) Version/15.6.1 Safari/605.1.15" DataSize=147 HostName=xuejiandeMacBook-Air.local Ip="::1" Method=GET Path=/api/v1/category SpendTime="48 ms" status=200
time="2023-07-23 11:48:23" level=info Agent="Mozilla/5.0 (Macintosh; Intel Mac OS X 10_15_7) AppleWebKit/605.1.15 (KHTML, like Gecko) Version/15.6.1 Safari/605.1.15" DataSize=1554 HostName=xuejiandeMacBook-Air.local Ip="::1" Method=GET Path=/ SpendTime="4 ms" status=200
time="2023-07-23 11:48:23" level=info Agent="Mozilla/5.0 (Macintosh; Intel Mac OS X 10_15_7) AppleWebKit/605.1.15 (KHTML, like Gecko) Version/15.6.1 Safari/605.1.15" DataSize=365943 HostName=xuejiandeMacBook-Air.local Ip="::1" Method=GET Path=/static/js/chunk-vendors.39e67829.js SpendTime="1 ms" status=200
time="2023-07-23 11:48:23" level=info Agent="Mozilla/5.0 (Macintosh; Intel Mac OS X 10_15_7) AppleWebKit/605.1.15 (KHTML, like Gecko) Version/15.6.1 Safari/605.1.15" DataSize=21974 HostName=xuejiandeMacBook-Air.local Ip="::1" Method=GET Path=/static/js/app.df1f8246.js SpendTime="1 ms" status=200
time="2023-07-23 11:48:23" level=info Agent="Mozilla/5.0 (Macintosh; Intel Mac OS X 10_15_7) AppleWebKit/605.1.15 (KHTML, like Gecko) Version/15.6.1 Safari/605.1.15" DataSize=374 HostName=xuejiandeMacBook-Air.local Ip="::1" Method=GET Path=/static/css/app.bcd8bf43.css SpendTime="2 ms" status=200
time="2023-07-23 11:48:23" level=info Agent="Mozilla/5.0 (Macintosh; Intel Mac OS X 10_15_7) AppleWebKit/605.1.15 (KHTML, like Gecko) Version/15.6.1 Safari/605.1.15" DataSize=402927 HostName=xuejiandeMacBook-Air.local Ip="::1" Method=GET Path=/static/css/chunk-vendors.65e9f94c.css SpendTime="12 ms" status=200
time="2023-07-23 11:48:23" level=info Agent="Mozilla/5.0 (Macintosh; Intel Mac OS X 10_15_7) AppleWebKit/605.1.15 (KHTML, like Gecko) Version/15.6.1 Safari/605.1.15" DataSize=147 HostName=xuejiandeMacBook-Air.local Ip="::1" Method=GET Path=/api/v1/category SpendTime="4 ms" status=200
time="2023-07-23 11:48:23" level=info Agent="Mozilla/5.0 (Macintosh; Intel Mac OS X 10_15_7) AppleWebKit/605.1.15 (KHTML, like Gecko) Version/15.6.1 Safari/605.1.15" DataSize=495 HostName=xuejiandeMacBook-Air.local Ip="::1" Method=GET Path=/api/v1/profile/1 SpendTime="3 ms" status=200
time="2023-07-23 11:48:23" level=info Agent="Mozilla/5.0 (Macintosh; Intel Mac OS X 10_15_7) AppleWebKit/605.1.15 (KHTML, like Gecko) Version/15.6.1 Safari/605.1.15" DataSize=1276 HostName=xuejiandeMacBook-Air.local Ip="::1" Method=GET Path="/api/v1/article?pagesize=5&pagenum=1" SpendTime="20 ms" status=200
time="2023-07-23 14:14:21" level=info Agent="Mozilla/5.0 (Macintosh; Intel Mac OS X 10_15_7) AppleWebKit/605.1.15 (KHTML, like Gecko) Version/15.6.1 Safari/605.1.15" DataSize=1554 HostName=xuejiandeMacBook-Air.local Ip="::1" Method=GET Path=/ SpendTime="1 ms" status=200
time="2023-07-23 14:14:21" level=info Agent="Mozilla/5.0 (Macintosh; Intel Mac OS X 10_15_7) AppleWebKit/605.1.15 (KHTML, like Gecko) Version/15.6.1 Safari/605.1.15" DataSize=0 HostName=xuejiandeMacBook-Air.local Ip="::1" Method=GET Path=/static/css/app.bcd8bf43.css SpendTime="1 ms" status=304
time="2023-07-23 14:14:21" level=info Agent="Mozilla/5.0 (Macintosh; Intel Mac OS X 10_15_7) AppleWebKit/605.1.15 (KHTML, like Gecko) Version/15.6.1 Safari/605.1.15" DataSize=0 HostName=xuejiandeMacBook-Air.local Ip="::1" Method=GET Path=/static/js/app.df1f8246.js SpendTime="1 ms" status=304
time="2023-07-23 14:14:21" level=info Agent="Mozilla/5.0 (Macintosh; Intel Mac OS X 10_15_7) AppleWebKit/605.1.15 (KHTML, like Gecko) Version/15.6.1 Safari/605.1.15" DataSize=0 HostName=xuejiandeMacBook-Air.local Ip="::1" Method=GET Path=/static/js/chunk-vendors.39e67829.js SpendTime="1 ms" status=304
time="2023-07-23 14:14:21" level=info Agent="Mozilla/5.0 (Macintosh; Intel Mac OS X 10_15_7) AppleWebKit/605.1.15 (KHTML, like Gecko) Version/15.6.1 Safari/605.1.15" DataSize=0 HostName=xuejiandeMacBook-Air.local Ip="::1" Method=GET Path=/static/css/chunk-vendors.65e9f94c.css SpendTime="1 ms" status=304
time="2023-07-23 14:14:22" level=info Agent="Mozilla/5.0 (Macintosh; Intel Mac OS X 10_15_7) AppleWebKit/605.1.15 (KHTML, like Gecko) Version/15.6.1 Safari/605.1.15" DataSize=147 HostName=xuejiandeMacBook-Air.local Ip="::1" Method=GET Path=/api/v1/category SpendTime="50 ms" status=200
time="2023-07-23 14:14:22" level=info Agent="Mozilla/5.0 (Macintosh; Intel Mac OS X 10_15_7) AppleWebKit/605.1.15 (KHTML, like Gecko) Version/15.6.1 Safari/605.1.15" DataSize=495 HostName=xuejiandeMacBook-Air.local Ip="::1" Method=GET Path=/api/v1/profile/1 SpendTime="6 ms" status=200
time="2023-07-23 14:14:22" level=info Agent="Mozilla/5.0 (Macintosh; Intel Mac OS X 10_15_7) AppleWebKit/605.1.15 (KHTML, like Gecko) Version/15.6.1 Safari/605.1.15" DataSize=1276 HostName=xuejiandeMacBook-Air.local Ip="::1" Method=GET Path="/api/v1/article?pagesize=5&pagenum=1" SpendTime="19 ms" status=200
time="2023-07-23 14:14:27" level=info Agent="Mozilla/5.0 (Macintosh; Intel Mac OS X 10_15_7) AppleWebKit/605.1.15 (KHTML, like Gecko) Version/15.6.1 Safari/605.1.15" DataSize=688 HostName=xuejiandeMacBook-Air.local Ip="::1" Method=GET Path=/admin SpendTime="3 ms" status=200
time="2023-07-23 14:14:27" level=info Agent="Mozilla/5.0 (Macintosh; Intel Mac OS X 10_15_7) AppleWebKit/605.1.15 (KHTML, like Gecko) Version/15.6.1 Safari/605.1.15" DataSize=0 HostName=xuejiandeMacBook-Air.local Ip="::1" Method=GET Path=/admin/js/app.37cb9549.js SpendTime="1 ms" status=304
time="2023-07-23 14:14:27" level=info Agent="Mozilla/5.0 (Macintosh; Intel Mac OS X 10_15_7) AppleWebKit/605.1.15 (KHTML, like Gecko) Version/15.6.1 Safari/605.1.15" DataSize=0 HostName=xuejiandeMacBook-Air.local Ip="::1" Method=GET Path=/admin/css/app.801a46b0.css SpendTime="9 ms" status=304
time="2023-07-23 14:14:27" level=info Agent="Mozilla/5.0 (Macintosh; Intel Mac OS X 10_15_7) AppleWebKit/605.1.15 (KHTML, like Gecko) Version/15.6.1 Safari/605.1.15" DataSize=0 HostName=xuejiandeMacBook-Air.local Ip="::1" Method=GET Path=/admin/css/chunk-vendors.c9b80aa3.css SpendTime="1 ms" status=304
time="2023-07-23 14:14:27" level=info Agent="Mozilla/5.0 (Macintosh; Intel Mac OS X 10_15_7) AppleWebKit/605.1.15 (KHTML, like Gecko) Version/15.6.1 Safari/605.1.15" DataSize=0 HostName=xuejiandeMacBook-Air.local Ip="::1" Method=GET Path=/admin/js/chunk-vendors.849a0c0c.js SpendTime="1 ms" status=304
time="2023-07-23 14:14:27" level=info Agent="Mozilla/5.0 (Macintosh; Intel Mac OS X 10_15_7) AppleWebKit/605.1.15 (KHTML, like Gecko) Version/15.6.1 Safari/605.1.15" DataSize=0 HostName=xuejiandeMacBook-Air.local Ip="::1" Method=GET Path=/admin/js/Admin.ae205c7e.js SpendTime="1 ms" status=304
time="2023-07-23 14:14:27" level=info Agent="Mozilla/5.0 (Macintosh; Intel Mac OS X 10_15_7) AppleWebKit/605.1.15 (KHTML, like Gecko) Version/15.6.1 Safari/605.1.15" DataSize=0 HostName=xuejiandeMacBook-Air.local Ip="::1" Method=GET Path=/admin/css/AddArt.d38cef60.css SpendTime="1 ms" status=304
time="2023-07-23 14:14:27" level=info Agent="Mozilla/5.0 (Macintosh; Intel Mac OS X 10_15_7) AppleWebKit/605.1.15 (KHTML, like Gecko) Version/15.6.1 Safari/605.1.15" DataSize=0 HostName=xuejiandeMacBook-Air.local Ip="::1" Method=GET Path=/admin/css/Admin.ce2fefbb.css SpendTime="1 ms" status=304
time="2023-07-23 14:14:27" level=info Agent="Mozilla/5.0 (Macintosh; Intel Mac OS X 10_15_7) AppleWebKit/605.1.15 (KHTML, like Gecko) Version/15.6.1 Safari/605.1.15" DataSize=0 HostName=xuejiandeMacBook-Air.local Ip="::1" Method=GET Path=/admin/js/AddArt.9d8a68c8.js SpendTime="2 ms" status=304
time="2023-07-23 14:14:28" level=warning Agent="Mozilla/5.0 (Macintosh; Intel Mac OS X 10_15_7) AppleWebKit/605.1.15 (KHTML, like Gecko) Version/15.6.1 Safari/605.1.15" DataSize=0 HostName=xuejiandeMacBook-Air.local Ip="::1" Method=GET Path=/admin/js/skins/ui/oxide/skin.min.css SpendTime="1 ms" status=404
time="2023-07-23 14:14:29" level=warning Agent="Mozilla/5.0 (Macintosh; Intel Mac OS X 10_15_7) AppleWebKit/605.1.15 (KHTML, like Gecko) Version/15.6.1 Safari/605.1.15" DataSize=0 HostName=xuejiandeMacBook-Air.local Ip="::1" Method=GET Path=/admin/js/skins/ui/oxide/content.min.css SpendTime="1 ms" status=404
time="2023-07-23 14:14:29" level=warning Agent="Mozilla/5.0 (Macintosh; Intel Mac OS X 10_15_7) AppleWebKit/605.1.15 (KHTML, like Gecko) Version/15.6.1 Safari/605.1.15" DataSize=0 HostName=xuejiandeMacBook-Air.local Ip="::1" Method=GET Path=/admin/js/skins/content/default/content.css SpendTime="1 ms" status=404
time="2023-07-23 14:14:29" level=info Agent="Mozilla/5.0 (Macintosh; Intel Mac OS X 10_15_7) AppleWebKit/605.1.15 (KHTML, like Gecko) Version/15.6.1 Safari/605.1.15" DataSize=147 HostName=xuejiandeMacBook-Air.local Ip="::1" Method=GET Path=/api/v1/category SpendTime="31 ms" status=200
time="2023-07-23 14:35:27" level=info Agent="Mozilla/5.0 (Macintosh; Intel Mac OS X 10_15_7) AppleWebKit/605.1.15 (KHTML, like Gecko) Version/15.6.1 Safari/605.1.15" DataSize=688 HostName=xuejiandeMacBook-Air.local Ip="::1" Method=GET Path=/admin SpendTime="1 ms" status=200
time="2023-07-23 14:35:27" level=info Agent="Mozilla/5.0 (Macintosh; Intel Mac OS X 10_15_7) AppleWebKit/605.1.15 (KHTML, like Gecko) Version/15.6.1 Safari/605.1.15" DataSize=0 HostName=xuejiandeMacBook-Air.local Ip="::1" Method=GET Path=/admin/css/app.801a46b0.css SpendTime="1 ms" status=304
time="2023-07-23 14:35:28" level=info Agent="Mozilla/5.0 (Macintosh; Intel Mac OS X 10_15_7) AppleWebKit/605.1.15 (KHTML, like Gecko) Version/15.6.1 Safari/605.1.15" DataSize=0 HostName=xuejiandeMacBook-Air.local Ip="::1" Method=GET Path=/admin/js/app.37cb9549.js SpendTime="1 ms" status=304
time="2023-07-23 14:35:28" level=info Agent="Mozilla/5.0 (Macintosh; Intel Mac OS X 10_15_7) AppleWebKit/605.1.15 (KHTML, like Gecko) Version/15.6.1 Safari/605.1.15" DataSize=0 HostName=xuejiandeMacBook-Air.local Ip="::1" Method=GET Path=/admin/css/chunk-vendors.c9b80aa3.css SpendTime="1 ms" status=304
time="2023-07-23 14:35:28" level=info Agent="Mozilla/5.0 (Macintosh; Intel Mac OS X 10_15_7) AppleWebKit/605.1.15 (KHTML, like Gecko) Version/15.6.1 Safari/605.1.15" DataSize=0 HostName=xuejiandeMacBook-Air.local Ip="::1" Method=GET Path=/admin/js/chunk-vendors.849a0c0c.js SpendTime="1 ms" status=304
time="2023-07-23 14:35:28" level=info Agent="Mozilla/5.0 (Macintosh; Intel Mac OS X 10_15_7) AppleWebKit/605.1.15 (KHTML, like Gecko) Version/15.6.1 Safari/605.1.15" DataSize=0 HostName=xuejiandeMacBook-Air.local Ip="::1" Method=GET Path=/admin/js/Admin.ae205c7e.js SpendTime="1 ms" status=304
time="2023-07-23 14:35:28" level=info Agent="Mozilla/5.0 (Macintosh; Intel Mac OS X 10_15_7) AppleWebKit/605.1.15 (KHTML, like Gecko) Version/15.6.1 Safari/605.1.15" DataSize=0 HostName=xuejiandeMacBook-Air.local Ip="::1" Method=GET Path=/admin/css/Admin.ce2fefbb.css SpendTime="1 ms" status=304
time="2023-07-23 14:35:28" level=info Agent="Mozilla/5.0 (Macintosh; Intel Mac OS X 10_15_7) AppleWebKit/605.1.15 (KHTML, like Gecko) Version/15.6.1 Safari/605.1.15" DataSize=0 HostName=xuejiandeMacBook-Air.local Ip="::1" Method=GET Path=/admin/css/AddArt.d38cef60.css SpendTime="1 ms" status=304
time="2023-07-23 14:35:28" level=info Agent="Mozilla/5.0 (Macintosh; Intel Mac OS X 10_15_7) AppleWebKit/605.1.15 (KHTML, like Gecko) Version/15.6.1 Safari/605.1.15" DataSize=0 HostName=xuejiandeMacBook-Air.local Ip="::1" Method=GET Path=/admin/js/AddArt.9d8a68c8.js SpendTime="1 ms" status=304
time="2023-07-23 14:35:30" level=warning Agent="Mozilla/5.0 (Macintosh; Intel Mac OS X 10_15_7) AppleWebKit/605.1.15 (KHTML, like Gecko) Version/15.6.1 Safari/605.1.15" DataSize=0 HostName=xuejiandeMacBook-Air.local Ip="::1" Method=GET Path=/admin/js/skins/ui/oxide/skin.min.css SpendTime="1 ms" status=404
time="2023-07-23 14:35:30" level=warning Agent="Mozilla/5.0 (Macintosh; Intel Mac OS X 10_15_7) AppleWebKit/605.1.15 (KHTML, like Gecko) Version/15.6.1 Safari/605.1.15" DataSize=0 HostName=xuejiandeMacBook-Air.local Ip="::1" Method=GET Path=/admin/js/skins/ui/oxide/content.min.css SpendTime="1 ms" status=404
time="2023-07-23 14:35:31" level=warning Agent="Mozilla/5.0 (Macintosh; Intel Mac OS X 10_15_7) AppleWebKit/605.1.15 (KHTML, like Gecko) Version/15.6.1 Safari/605.1.15" DataSize=0 HostName=xuejiandeMacBook-Air.local Ip="::1" Method=GET Path=/admin/js/skins/content/default/content.css SpendTime="1 ms" status=404
time="2023-07-23 14:35:31" level=info Agent="Mozilla/5.0 (Macintosh; Intel Mac OS X 10_15_7) AppleWebKit/605.1.15 (KHTML, like Gecko) Version/15.6.1 Safari/605.1.15" DataSize=147 HostName=xuejiandeMacBook-Air.local Ip="::1" Method=GET Path=/api/v1/category SpendTime="43 ms" status=200
time="2023-07-23 14:35:34" level=info Agent="Mozilla/5.0 (Macintosh; Intel Mac OS X 10_15_7) AppleWebKit/605.1.15 (KHTML, like Gecko) Version/15.6.1 Safari/605.1.15" DataSize=1554 HostName=xuejiandeMacBook-Air.local Ip="::1" Method=GET Path=/ SpendTime="3 ms" status=200
time="2023-07-23 14:35:34" level=info Agent="Mozilla/5.0 (Macintosh; Intel Mac OS X 10_15_7) AppleWebKit/605.1.15 (KHTML, like Gecko) Version/15.6.1 Safari/605.1.15" DataSize=0 HostName=xuejiandeMacBook-Air.local Ip="::1" Method=GET Path=/static/css/app.bcd8bf43.css SpendTime="1 ms" status=304
time="2023-07-23 14:35:34" level=info Agent="Mozilla/5.0 (Macintosh; Intel Mac OS X 10_15_7) AppleWebKit/605.1.15 (KHTML, like Gecko) Version/15.6.1 Safari/605.1.15" DataSize=0 HostName=xuejiandeMacBook-Air.local Ip="::1" Method=GET Path=/static/css/chunk-vendors.65e9f94c.css SpendTime="1 ms" status=304
time="2023-07-23 14:35:34" level=info Agent="Mozilla/5.0 (Macintosh; Intel Mac OS X 10_15_7) AppleWebKit/605.1.15 (KHTML, like Gecko) Version/15.6.1 Safari/605.1.15" DataSize=0 HostName=xuejiandeMacBook-Air.local Ip="::1" Method=GET Path=/static/js/app.df1f8246.js SpendTime="1 ms" status=304
time="2023-07-23 14:35:34" level=info Agent="Mozilla/5.0 (Macintosh; Intel Mac OS X 10_15_7) AppleWebKit/605.1.15 (KHTML, like Gecko) Version/15.6.1 Safari/605.1.15" DataSize=0 HostName=xuejiandeMacBook-Air.local Ip="::1" Method=GET Path=/static/js/chunk-vendors.39e67829.js SpendTime="1 ms" status=304
time="2023-07-23 14:35:35" level=info Agent="Mozilla/5.0 (Macintosh; Intel Mac OS X 10_15_7) AppleWebKit/605.1.15 (KHTML, like Gecko) Version/15.6.1 Safari/605.1.15" DataSize=147 HostName=xuejiandeMacBook-Air.local Ip="::1" Method=GET Path=/api/v1/category SpendTime="2 ms" status=200
time="2023-07-23 14:35:36" level=info Agent="Mozilla/5.0 (Macintosh; Intel Mac OS X 10_15_7) AppleWebKit/605.1.15 (KHTML, like Gecko) Version/15.6.1 Safari/605.1.15" DataSize=495 HostName=xuejiandeMacBook-Air.local Ip="::1" Method=GET Path=/api/v1/profile/1 SpendTime="11 ms" status=200
time="2023-07-23 14:35:36" level=info Agent="Mozilla/5.0 (Macintosh; Intel Mac OS X 10_15_7) AppleWebKit/605.1.15 (KHTML, like Gecko) Version/15.6.1 Safari/605.1.15" DataSize=1276 HostName=xuejiandeMacBook-Air.local Ip="::1" Method=GET Path="/api/v1/article?pagesize=5&pagenum=1" SpendTime="26 ms" status=200
time="2023-07-23 14:35:49" level=info Agent="Mozilla/5.0 (Macintosh; Intel Mac OS X 10_15_7) AppleWebKit/605.1.15 (KHTML, like Gecko) Version/15.6.1 Safari/605.1.15" DataSize=12947 HostName=xuejiandeMacBook-Air.local Ip="::1" Method=GET Path=/admin/js/Admin.ae205c7e.js.map SpendTime="69 ms" status=200
time="2023-07-23 14:35:49" level=info Agent="Mozilla/5.0 (Macintosh; Intel Mac OS X 10_15_7) AppleWebKit/605.1.15 (KHTML, like Gecko) Version/15.6.1 Safari/605.1.15" DataSize=2735668 HostName=xuejiandeMacBook-Air.local Ip="::1" Method=GET Path=/admin/js/AddArt.9d8a68c8.js.map SpendTime="22 ms" status=200
time="2023-07-23 14:35:49" level=info Agent="Mozilla/5.0 (Macintosh; Intel Mac OS X 10_15_7) AppleWebKit/605.1.15 (KHTML, like Gecko) Version/15.6.1 Safari/605.1.15" DataSize=41402 HostName=xuejiandeMacBook-Air.local Ip="::1" Method=GET Path=/admin/js/app.37cb9549.js.map SpendTime="3 ms" status=200
time="2023-07-23 14:35:49" level=info Agent="Mozilla/5.0 (Macintosh; Intel Mac OS X 10_15_7) AppleWebKit/605.1.15 (KHTML, like Gecko) Version/15.6.1 Safari/605.1.15" DataSize=4615780 HostName=xuejiandeMacBook-Air.local Ip="::1" Method=GET Path=/admin/js/chunk-vendors.849a0c0c.js.map SpendTime="45 ms" status=200
