time="2023-07-22 18:55:55" level=info Agent="Mozilla/5.0 (Macintosh; Intel Mac OS X 10_15_7) AppleWebKit/605.1.15 (KHTML, like Gecko) Version/15.6.1 Safari/605.1.15" DataSize=1276 HostName=xuejiandeMacBook-Air.local Ip="::1" Method=GET Path="/api/v1/article?pagesize=5&pagenum=1" SpendTime="49 ms" status=200
time="2023-07-22 19:00:23" level=info Agent="Mozilla/5.0 (Macintosh; Intel Mac OS X 10_15_7) AppleWebKit/605.1.15 (KHTML, like Gecko) Version/15.6.1 Safari/605.1.15" DataSize=147 HostName=xuejiandeMacBook-Air.local Ip="::1" Method=GET Path=/api/v1/category SpendTime="34 ms" status=200
time="2023-07-22 19:00:24" level=info Agent="Mozilla/5.0 (Macintosh; Intel Mac OS X 10_15_7) AppleWebKit/605.1.15 (KHTML, like Gecko) Version/15.6.1 Safari/605.1.15" DataSize=347 HostName=xuejiandeMacBook-Air.local Ip="::1" Method=GET Path=/api/v1/profile/1 SpendTime="6 ms" status=200
time="2023-07-22 19:00:25" level=info Agent="Mozilla/5.0 (Macintosh; Intel Mac OS X 10_15_7) AppleWebKit/605.1.15 (KHTML, like Gecko) Version/15.6.1 Safari/605.1.15" DataSize=1276 HostName=xuejiandeMacBook-Air.local Ip="::1" Method=GET Path="/api/v1/article?pagesize=5&pagenum=1" SpendTime="7 ms" status=200
time="2023-07-22 19:03:02" level=info Agent="Mozilla/5.0 (Macintosh; Intel Mac OS X 10_15_7) AppleWebKit/605.1.15 (KHTML, like Gecko) Version/15.6.1 Safari/605.1.15" DataSize=147 HostName=xuejiandeMacBook-Air.local Ip="::1" Method=GET Path=/api/v1/category SpendTime="63 ms" status=200
time="2023-07-22 19:03:02" level=info Agent="Mozilla/5.0 (Macintosh; Intel Mac OS X 10_15_7) AppleWebKit/605.1.15 (KHTML, like Gecko) Version/15.6.1 Safari/605.1.15" DataSize=347 HostName=xuejiandeMacBook-Air.local Ip="::1" Method=GET Path=/api/v1/profile/1 SpendTime="9 ms" status=200
time="2023-07-22 19:03:02" level=info Agent="Mozilla/5.0 (Macintosh; Intel Mac OS X 10_15_7) AppleWebKit/605.1.15 (KHTML, like Gecko) Version/15.6.1 Safari/605.1.15" DataSize=1276 HostName=xuejiandeMacBook-Air.local Ip="::1" Method=GET Path="/api/v1/article?pagesize=5&pagenum=1" SpendTime="15 ms" status=200
time="2023-07-22 19:03:05" level=warning Agent="Mozilla/5.0 (Macintosh; Intel Mac OS X 10_15_7) AppleWebKit/605.1.15 (KHTML, like Gecko) Version/15.6.1 Safari/605.1.15" DataSize=0 HostName=xuejiandeMacBook-Air.local Ip="::1" Method=GET Path="/api/v1/commentfront/2?pagesize=5&pagenum=1" SpendTime="1 ms" status=404
time="2023-07-22 19:03:05" level=info Agent="Mozilla/5.0 (Macintosh; Intel Mac OS X 10_15_7) AppleWebKit/605.1.15 (KHTML, like Gecko) Version/15.6.1 Safari/605.1.15" DataSize=369 HostName=xuejiandeMacBook-Air.local Ip="::1" Method=GET Path=/api/v1/article/info/2 SpendTime="4 ms" status=200
time="2023-07-22 19:16:27" level=info Agent="Mozilla/5.0 (Macintosh; Intel Mac OS X 10_15_7) AppleWebKit/605.1.15 (KHTML, like Gecko) Version/15.6.1 Safari/605.1.15" DataSize=0 HostName=xuejiandeMacBook-Air.local Ip="::1" Method=OPTIONS Path=/api/v1/category SpendTime="1 ms" status=204
time="2023-07-22 19:16:27" level=info Agent="Mozilla/5.0 (Macintosh; Intel Mac OS X 10_15_7) AppleWebKit/605.1.15 (KHTML, like Gecko) Version/15.6.1 Safari/605.1.15" DataSize=147 HostName=xuejiandeMacBook-Air.local Ip="::1" Method=GET Path=/api/v1/category SpendTime="58 ms" status=200
time="2023-07-22 19:16:33" level=info Agent="Mozilla/5.0 (Macintosh; Intel Mac OS X 10_15_7) AppleWebKit/605.1.15 (KHTML, like Gecko) Version/15.6.1 Safari/605.1.15" DataSize=0 HostName=xuejiandeMacBook-Air.local Ip="::1" Method=OPTIONS Path="/api/v1/comment/list?pagesize=10&pagenum=1" SpendTime="1 ms" status=204
time="2023-07-22 19:16:33" level=info Agent="Mozilla/5.0 (Macintosh; Intel Mac OS X 10_15_7) AppleWebKit/605.1.15 (KHTML, like Gecko) Version/15.6.1 Safari/605.1.15" DataSize=41 HostName=xuejiandeMacBook-Air.local Ip="::1" Method=GET Path="/api/v1/comment/list?pagesize=10&pagenum=1" SpendTime="1 ms" status=200
time="2023-07-22 19:16:42" level=info Agent="Mozilla/5.0 (Macintosh; Intel Mac OS X 10_15_7) AppleWebKit/605.1.15 (KHTML, like Gecko) Version/15.6.1 Safari/605.1.15" DataSize=0 HostName=xuejiandeMacBook-Air.local Ip="::1" Method=OPTIONS Path=/api/v1/login SpendTime="1 ms" status=204
time="2023-07-22 19:16:42" level=info Agent="Mozilla/5.0 (Macintosh; Intel Mac OS X 10_15_7) AppleWebKit/605.1.15 (KHTML, like Gecko) Version/15.6.1 Safari/605.1.15" DataSize=196 HostName=xuejiandeMacBook-Air.local Ip="::1" Method=POST Path=/api/v1/login SpendTime="151 ms" status=200
time="2023-07-22 19:16:45" level=info Agent="Mozilla/5.0 (Macintosh; Intel Mac OS X 10_15_7) AppleWebKit/605.1.15 (KHTML, like Gecko) Version/15.6.1 Safari/605.1.15" DataSize=53 HostName=xuejiandeMacBook-Air.local Ip="::1" Method=GET Path="/api/v1/comment/list?pagesize=10&pagenum=1" SpendTime="31 ms" status=200
time="2023-07-22 19:17:55" level=info Agent="Mozilla/5.0 (Macintosh; Intel Mac OS X 10_15_7) AppleWebKit/605.1.15 (KHTML, like Gecko) Version/15.6.1 Safari/605.1.15" DataSize=196 HostName=xuejiandeMacBook-Air.local Ip="::1" Method=POST Path=/api/v1/login SpendTime="131 ms" status=200
time="2023-07-22 19:18:12" level=info Agent="Mozilla/5.0 (Macintosh; Intel Mac OS X 10_15_7) AppleWebKit/605.1.15 (KHTML, like Gecko) Version/15.6.1 Safari/605.1.15" DataSize=147 HostName=xuejiandeMacBook-Air.local Ip="::1" Method=GET Path=/api/v1/category SpendTime="7 ms" status=200
time="2023-07-22 19:18:14" level=info Agent="Mozilla/5.0 (Macintosh; Intel Mac OS X 10_15_7) AppleWebKit/605.1.15 (KHTML, like Gecko) Version/15.6.1 Safari/605.1.15" DataSize=0 HostName=xuejiandeMacBook-Air.local Ip="::1" Method=OPTIONS Path="/api/v1/users?username=&pagesize=5&pagenum=1" SpendTime="1 ms" status=204
time="2023-07-22 19:18:14" level=info Agent="Mozilla/5.0 (Macintosh; Intel Mac OS X 10_15_7) AppleWebKit/605.1.15 (KHTML, like Gecko) Version/15.6.1 Safari/605.1.15" DataSize=625 HostName=xuejiandeMacBook-Air.local Ip="::1" Method=GET Path="/api/v1/users?username=&pagesize=5&pagenum=1" SpendTime="13 ms" status=200
time="2023-07-22 19:18:15" level=info Agent="Mozilla/5.0 (Macintosh; Intel Mac OS X 10_15_7) AppleWebKit/605.1.15 (KHTML, like Gecko) Version/15.6.1 Safari/605.1.15" DataSize=53 HostName=xuejiandeMacBook-Air.local Ip="::1" Method=GET Path="/api/v1/comment/list?pagesize=10&pagenum=1" SpendTime="13 ms" status=200
time="2023-07-22 19:21:06" level=info Agent="Mozilla/5.0 (Macintosh; Intel Mac OS X 10_15_7) AppleWebKit/605.1.15 (KHTML, like Gecko) Version/15.6.1 Safari/605.1.15" DataSize=196 HostName=xuejiandeMacBook-Air.local Ip="::1" Method=POST Path=/api/v1/login SpendTime="163 ms" status=200
time="2023-07-22 19:21:10" level=info Agent="Mozilla/5.0 (Macintosh; Intel Mac OS X 10_15_7) AppleWebKit/605.1.15 (KHTML, like Gecko) Version/15.6.1 Safari/605.1.15" DataSize=53 HostName=xuejiandeMacBook-Air.local Ip="::1" Method=GET Path="/api/v1/comment/list?pagesize=10&pagenum=1" SpendTime="13 ms" status=200
time="2023-07-22 19:25:32" level=info Agent=PostmanRuntime/7.32.3 DataSize=271 HostName=xuejiandeMacBook-Air.local Ip="::1" Method=POST Path=/api/v1/addcomment SpendTime="50 ms" status=200
time="2023-07-22 19:25:52" level=info Agent="Mozilla/5.0 (Macintosh; Intel Mac OS X 10_15_7) AppleWebKit/605.1.15 (KHTML, like Gecko) Version/15.6.1 Safari/605.1.15" DataSize=260 HostName=xuejiandeMacBook-Air.local Ip="::1" Method=GET Path="/api/v1/comment/list?pagesize=10&pagenum=1" SpendTime="39 ms" status=200
time="2023-07-22 19:26:00" level=info Agent="Mozilla/5.0 (Macintosh; Intel Mac OS X 10_15_7) AppleWebKit/605.1.15 (KHTML, like Gecko) Version/15.6.1 Safari/605.1.15" DataSize=0 HostName=xuejiandeMacBook-Air.local Ip="::1" Method=OPTIONS Path=/api/v1/comment/info/2 SpendTime="1 ms" status=204
time="2023-07-22 19:26:00" level=info Agent="Mozilla/5.0 (Macintosh; Intel Mac OS X 10_15_7) AppleWebKit/605.1.15 (KHTML, like Gecko) Version/15.6.1 Safari/605.1.15" DataSize=257 HostName=xuejiandeMacBook-Air.local Ip="::1" Method=GET Path=/api/v1/comment/info/2 SpendTime="3 ms" status=200
time="2023-07-22 19:26:00" level=info Agent="Mozilla/5.0 (Macintosh; Intel Mac OS X 10_15_7) AppleWebKit/605.1.15 (KHTML, like Gecko) Version/15.6.1 Safari/605.1.15" DataSize=0 HostName=xuejiandeMacBook-Air.local Ip="::1" Method=OPTIONS Path=/api/v1/checkcomment/2 SpendTime="1 ms" status=204
time="2023-07-22 19:26:00" level=info Agent="Mozilla/5.0 (Macintosh; Intel Mac OS X 10_15_7) AppleWebKit/605.1.15 (KHTML, like Gecko) Version/15.6.1 Safari/605.1.15" DataSize=33 HostName=xuejiandeMacBook-Air.local Ip="::1" Method=PUT Path=/api/v1/checkcomment/2 SpendTime="30 ms" status=200
time="2023-07-22 19:26:00" level=info Agent="Mozilla/5.0 (Macintosh; Intel Mac OS X 10_15_7) AppleWebKit/605.1.15 (KHTML, like Gecko) Version/15.6.1 Safari/605.1.15" DataSize=260 HostName=xuejiandeMacBook-Air.local Ip="::1" Method=GET Path="/api/v1/comment/list?pagesize=10&pagenum=1" SpendTime="3 ms" status=200
time="2023-07-22 19:26:29" level=info Agent="Mozilla/5.0 (Macintosh; Intel Mac OS X 10_15_7) AppleWebKit/605.1.15 (KHTML, like Gecko) Version/15.6.1 Safari/605.1.15" DataSize=147 HostName=xuejiandeMacBook-Air.local Ip="::1" Method=GET Path=/api/v1/category SpendTime="34 ms" status=200
time="2023-07-22 19:26:29" level=info Agent="Mozilla/5.0 (Macintosh; Intel Mac OS X 10_15_7) AppleWebKit/605.1.15 (KHTML, like Gecko) Version/15.6.1 Safari/605.1.15" DataSize=347 HostName=xuejiandeMacBook-Air.local Ip="::1" Method=GET Path=/api/v1/profile/1 SpendTime="16 ms" status=200
time="2023-07-22 19:26:30" level=info Agent="Mozilla/5.0 (Macintosh; Intel Mac OS X 10_15_7) AppleWebKit/605.1.15 (KHTML, like Gecko) Version/15.6.1 Safari/605.1.15" DataSize=369 HostName=xuejiandeMacBook-Air.local Ip="::1" Method=GET Path=/api/v1/article/info/2 SpendTime="6 ms" status=200
time="2023-07-22 19:26:30" level=info Agent="Mozilla/5.0 (Macintosh; Intel Mac OS X 10_15_7) AppleWebKit/605.1.15 (KHTML, like Gecko) Version/15.6.1 Safari/605.1.15" DataSize=53 HostName=xuejiandeMacBook-Air.local Ip="::1" Method=GET Path="/api/v1/commentfront/2?pagesize=5&pagenum=1" SpendTime="19 ms" status=200
time="2023-07-22 19:26:40" level=info Agent="Mozilla/5.0 (Macintosh; Intel Mac OS X 10_15_7) AppleWebKit/605.1.15 (KHTML, like Gecko) Version/15.6.1 Safari/605.1.15" DataSize=147 HostName=xuejiandeMacBook-Air.local Ip="::1" Method=GET Path=/api/v1/category SpendTime="37 ms" status=200
time="2023-07-22 19:26:40" level=info Agent="Mozilla/5.0 (Macintosh; Intel Mac OS X 10_15_7) AppleWebKit/605.1.15 (KHTML, like Gecko) Version/15.6.1 Safari/605.1.15" DataSize=347 HostName=xuejiandeMacBook-Air.local Ip="::1" Method=GET Path=/api/v1/profile/1 SpendTime="8 ms" status=200
time="2023-07-22 19:26:40" level=info Agent="Mozilla/5.0 (Macintosh; Intel Mac OS X 10_15_7) AppleWebKit/605.1.15 (KHTML, like Gecko) Version/15.6.1 Safari/605.1.15" DataSize=369 HostName=xuejiandeMacBook-Air.local Ip="::1" Method=GET Path=/api/v1/article/info/2 SpendTime="7 ms" status=200
time="2023-07-22 19:26:40" level=info Agent="Mozilla/5.0 (Macintosh; Intel Mac OS X 10_15_7) AppleWebKit/605.1.15 (KHTML, like Gecko) Version/15.6.1 Safari/605.1.15" DataSize=53 HostName=xuejiandeMacBook-Air.local Ip="::1" Method=GET Path="/api/v1/commentfront/2?pagesize=5&pagenum=1" SpendTime="9 ms" status=200
time="2023-07-22 19:26:42" level=info Agent="Mozilla/5.0 (Macintosh; Intel Mac OS X 10_15_7) AppleWebKit/605.1.15 (KHTML, like Gecko) Version/15.6.1 Safari/605.1.15" DataSize=1276 HostName=xuejiandeMacBook-Air.local Ip="::1" Method=GET Path="/api/v1/article?pagesize=5&pagenum=1" SpendTime="26 ms" status=200
time="2023-07-22 19:26:47" level=info Agent="Mozilla/5.0 (Macintosh; Intel Mac OS X 10_15_7) AppleWebKit/605.1.15 (KHTML, like Gecko) Version/15.6.1 Safari/605.1.15" DataSize=355 HostName=xuejiandeMacBook-Air.local Ip="::1" Method=GET Path=/api/v1/article/info/5 SpendTime="10 ms" status=200
time="2023-07-22 19:26:47" level=info Agent="Mozilla/5.0 (Macintosh; Intel Mac OS X 10_15_7) AppleWebKit/605.1.15 (KHTML, like Gecko) Version/15.6.1 Safari/605.1.15" DataSize=260 HostName=xuejiandeMacBook-Air.local Ip="::1" Method=GET Path="/api/v1/commentfront/5?pagesize=5&pagenum=1" SpendTime="36 ms" status=200
time="2023-07-22 19:26:53" level=info Agent="Mozilla/5.0 (Macintosh; Intel Mac OS X 10_15_7) AppleWebKit/605.1.15 (KHTML, like Gecko) Version/15.6.1 Safari/605.1.15" DataSize=1276 HostName=xuejiandeMacBook-Air.local Ip="::1" Method=GET Path="/api/v1/article?pagesize=5&pagenum=1" SpendTime="12 ms" status=200
time="2023-07-22 19:35:57" level=info Agent="Mozilla/5.0 (Macintosh; Intel Mac OS X 10_15_7) AppleWebKit/605.1.15 (KHTML, like Gecko) Version/15.6.1 Safari/605.1.15" DataSize=147 HostName=xuejiandeMacBook-Air.local Ip="::1" Method=GET Path=/api/v1/category SpendTime="33 ms" status=200
time="2023-07-22 19:35:57" level=info Agent="Mozilla/5.0 (Macintosh; Intel Mac OS X 10_15_7) AppleWebKit/605.1.15 (KHTML, like Gecko) Version/15.6.1 Safari/605.1.15" DataSize=347 HostName=xuejiandeMacBook-Air.local Ip="::1" Method=GET Path=/api/v1/profile/1 SpendTime="18 ms" status=200
time="2023-07-22 19:35:58" level=info Agent="Mozilla/5.0 (Macintosh; Intel Mac OS X 10_15_7) AppleWebKit/605.1.15 (KHTML, like Gecko) Version/15.6.1 Safari/605.1.15" DataSize=1276 HostName=xuejiandeMacBook-Air.local Ip="::1" Method=GET Path="/api/v1/article?pagesize=5&pagenum=1" SpendTime="8 ms" status=200
time="2023-07-22 19:36:07" level=info Agent="Mozilla/5.0 (Macintosh; Intel Mac OS X 10_15_7) AppleWebKit/605.1.15 (KHTML, like Gecko) Version/15.6.1 Safari/605.1.15" DataSize=646 HostName=xuejiandeMacBook-Air.local Ip="::1" Method=GET Path="/api/v1/article/list/1?pagesize=5&pagenum=1" SpendTime="6 ms" status=200
time="2023-07-22 19:36:08" level=info Agent="Mozilla/5.0 (Macintosh; Intel Mac OS X 10_15_7) AppleWebKit/605.1.15 (KHTML, like Gecko) Version/15.6.1 Safari/605.1.15" DataSize=682 HostName=xuejiandeMacBook-Air.local Ip="::1" Method=GET Path="/api/v1/article/list/2?pagesize=5&pagenum=1" SpendTime="52 ms" status=200
time="2023-07-22 19:36:09" level=info Agent="Mozilla/5.0 (Macintosh; Intel Mac OS X 10_15_7) AppleWebKit/605.1.15 (KHTML, like Gecko) Version/15.6.1 Safari/605.1.15" DataSize=53 HostName=xuejiandeMacBook-Air.local Ip="::1" Method=GET Path="/api/v1/article/list/3?pagesize=5&pagenum=1" SpendTime="7 ms" status=200
time="2023-07-22 19:36:10" level=info Agent="Mozilla/5.0 (Macintosh; Intel Mac OS X 10_15_7) AppleWebKit/605.1.15 (KHTML, like Gecko) Version/15.6.1 Safari/605.1.15" DataSize=53 HostName=xuejiandeMacBook-Air.local Ip="::1" Method=GET Path="/api/v1/article/list/4?pagesize=5&pagenum=1" SpendTime="4 ms" status=200
time="2023-07-22 19:36:12" level=info Agent="Mozilla/5.0 (Macintosh; Intel Mac OS X 10_15_7) AppleWebKit/605.1.15 (KHTML, like Gecko) Version/15.6.1 Safari/605.1.15" DataSize=1276 HostName=xuejiandeMacBook-Air.local Ip="::1" Method=GET Path="/api/v1/article?pagesize=5&pagenum=1" SpendTime="14 ms" status=200
time="2023-07-22 19:44:58" level=info Agent="Mozilla/5.0 (Macintosh; Intel Mac OS X 10_15_7) AppleWebKit/605.1.15 (KHTML, like Gecko) Version/15.6.1 Safari/605.1.15" DataSize=0 HostName=xuejiandeMacBook-Air.local Ip="::1" Method=OPTIONS Path="/api/v1/comment/list?pagesize=10&pagenum=1" SpendTime="1 ms" status=204
time="2023-07-22 19:44:58" level=info Agent="Mozilla/5.0 (Macintosh; Intel Mac OS X 10_15_7) AppleWebKit/605.1.15 (KHTML, like Gecko) Version/15.6.1 Safari/605.1.15" DataSize=260 HostName=xuejiandeMacBook-Air.local Ip="::1" Method=GET Path="/api/v1/comment/list?pagesize=10&pagenum=1" SpendTime="31 ms" status=200
time="2023-07-22 19:45:02" level=info Agent="Mozilla/5.0 (Macintosh; Intel Mac OS X 10_15_7) AppleWebKit/605.1.15 (KHTML, like Gecko) Version/15.6.1 Safari/605.1.15" DataSize=0 HostName=xuejiandeMacBook-Air.local Ip="::1" Method=OPTIONS Path="/api/v1/article?title=&pagesize=5&pagenum=1" SpendTime="1 ms" status=204
time="2023-07-22 19:45:02" level=info Agent="Mozilla/5.0 (Macintosh; Intel Mac OS X 10_15_7) AppleWebKit/605.1.15 (KHTML, like Gecko) Version/15.6.1 Safari/605.1.15" DataSize=0 HostName=xuejiandeMacBook-Air.local Ip="::1" Method=OPTIONS Path=/api/v1/category SpendTime="1 ms" status=204
time="2023-07-22 19:45:02" level=info Agent="Mozilla/5.0 (Macintosh; Intel Mac OS X 10_15_7) AppleWebKit/605.1.15 (KHTML, like Gecko) Version/15.6.1 Safari/605.1.15" DataSize=55 HostName=xuejiandeMacBook-Air.local Ip="::1" Method=GET Path="/api/v1/article?title=&pagesize=5&pagenum=1" SpendTime="8 ms" status=200
time="2023-07-22 19:45:02" level=info Agent="Mozilla/5.0 (Macintosh; Intel Mac OS X 10_15_7) AppleWebKit/605.1.15 (KHTML, like Gecko) Version/15.6.1 Safari/605.1.15" DataSize=147 HostName=xuejiandeMacBook-Air.local Ip="::1" Method=GET Path=/api/v1/category SpendTime="15 ms" status=200
time="2023-07-22 19:45:15" level=info Agent="Mozilla/5.0 (Macintosh; Intel Mac OS X 10_15_7) AppleWebKit/605.1.15 (KHTML, like Gecko) Version/15.6.1 Safari/605.1.15" DataSize=55 HostName=xuejiandeMacBook-Air.local Ip="::1" Method=GET Path="/api/v1/article?title=&pagesize=5&pagenum=1" SpendTime="27 ms" status=200
time="2023-07-22 19:45:15" level=info Agent="Mozilla/5.0 (Macintosh; Intel Mac OS X 10_15_7) AppleWebKit/605.1.15 (KHTML, like Gecko) Version/15.6.1 Safari/605.1.15" DataSize=147 HostName=xuejiandeMacBook-Air.local Ip="::1" Method=GET Path=/api/v1/category SpendTime="79 ms" status=200
time="2023-07-22 19:47:26" level=info Agent="Mozilla/5.0 (Macintosh; Intel Mac OS X 10_15_7) AppleWebKit/605.1.15 (KHTML, like Gecko) Version/15.6.1 Safari/605.1.15" DataSize=55 HostName=xuejiandeMacBook-Air.local Ip="::1" Method=GET Path="/api/v1/article?title=&pagesize=5&pagenum=1" SpendTime="4 ms" status=200
time="2023-07-22 19:47:26" level=info Agent="Mozilla/5.0 (Macintosh; Intel Mac OS X 10_15_7) AppleWebKit/605.1.15 (KHTML, like Gecko) Version/15.6.1 Safari/605.1.15" DataSize=147 HostName=xuejiandeMacBook-Air.local Ip="::1" Method=GET Path=/api/v1/category SpendTime="46 ms" status=200
time="2023-07-22 19:51:33" level=info Agent="Mozilla/5.0 (Macintosh; Intel Mac OS X 10_15_7) AppleWebKit/605.1.15 (KHTML, like Gecko) Version/15.6.1 Safari/605.1.15" DataSize=147 HostName=xuejiandeMacBook-Air.local Ip="::1" Method=GET Path=/api/v1/category SpendTime="9 ms" status=200
time="2023-07-22 19:51:33" level=info Agent="Mozilla/5.0 (Macintosh; Intel Mac OS X 10_15_7) AppleWebKit/605.1.15 (KHTML, like Gecko) Version/15.6.1 Safari/605.1.15" DataSize=55 HostName=xuejiandeMacBook-Air.local Ip="::1" Method=GET Path="/api/v1/article?title=&pagesize=5&pagenum=1" SpendTime="17 ms" status=200
time="2023-07-22 19:53:24" level=info Agent="Mozilla/5.0 (Macintosh; Intel Mac OS X 10_15_7) AppleWebKit/605.1.15 (KHTML, like Gecko) Version/15.6.1 Safari/605.1.15" DataSize=147 HostName=xuejiandeMacBook-Air.local Ip="::1" Method=GET Path=/api/v1/category SpendTime="27 ms" status=200
time="2023-07-22 19:53:24" level=info Agent="Mozilla/5.0 (Macintosh; Intel Mac OS X 10_15_7) AppleWebKit/605.1.15 (KHTML, like Gecko) Version/15.6.1 Safari/605.1.15" DataSize=347 HostName=xuejiandeMacBook-Air.local Ip="::1" Method=GET Path=/api/v1/profile/1 SpendTime="12 ms" status=200
time="2023-07-22 19:53:24" level=info Agent="Mozilla/5.0 (Macintosh; Intel Mac OS X 10_15_7) AppleWebKit/605.1.15 (KHTML, like Gecko) Version/15.6.1 Safari/605.1.15" DataSize=55 HostName=xuejiandeMacBook-Air.local Ip="::1" Method=GET Path="/api/v1/article?pagesize=5&pagenum=1" SpendTime="14 ms" status=200
time="2023-07-22 19:53:27" level=info Agent="Mozilla/5.0 (Macintosh; Intel Mac OS X 10_15_7) AppleWebKit/605.1.15 (KHTML, like Gecko) Version/15.6.1 Safari/605.1.15" DataSize=712 HostName=xuejiandeMacBook-Air.local Ip="::1" Method=GET Path="/api/v1/article/list/1?pagesize=5&pagenum=1" SpendTime="12 ms" status=200
time="2023-07-22 19:53:29" level=info Agent="Mozilla/5.0 (Macintosh; Intel Mac OS X 10_15_7) AppleWebKit/605.1.15 (KHTML, like Gecko) Version/15.6.1 Safari/605.1.15" DataSize=748 HostName=xuejiandeMacBook-Air.local Ip="::1" Method=GET Path="/api/v1/article/list/2?pagesize=5&pagenum=1" SpendTime="12 ms" status=200
time="2023-07-22 19:53:29" level=info Agent="Mozilla/5.0 (Macintosh; Intel Mac OS X 10_15_7) AppleWebKit/605.1.15 (KHTML, like Gecko) Version/15.6.1 Safari/605.1.15" DataSize=55 HostName=xuejiandeMacBook-Air.local Ip="::1" Method=GET Path="/api/v1/article?pagesize=5&pagenum=1" SpendTime="3 ms" status=200
time="2023-07-22 19:53:40" level=info Agent="Mozilla/5.0 (Macintosh; Intel Mac OS X 10_15_7) AppleWebKit/605.1.15 (KHTML, like Gecko) Version/15.6.1 Safari/605.1.15" DataSize=147 HostName=xuejiandeMacBook-Air.local Ip="::1" Method=GET Path=/api/v1/category SpendTime="28 ms" status=200
time="2023-07-22 19:53:40" level=info Agent="Mozilla/5.0 (Macintosh; Intel Mac OS X 10_15_7) AppleWebKit/605.1.15 (KHTML, like Gecko) Version/15.6.1 Safari/605.1.15" DataSize=347 HostName=xuejiandeMacBook-Air.local Ip="::1" Method=GET Path=/api/v1/profile/1 SpendTime="4 ms" status=200
time="2023-07-22 19:53:40" level=info Agent="Mozilla/5.0 (Macintosh; Intel Mac OS X 10_15_7) AppleWebKit/605.1.15 (KHTML, like Gecko) Version/15.6.1 Safari/605.1.15" DataSize=55 HostName=xuejiandeMacBook-Air.local Ip="::1" Method=GET Path="/api/v1/article?pagesize=5&pagenum=1" SpendTime="6 ms" status=200
time="2023-07-22 19:53:41" level=info Agent="Mozilla/5.0 (Macintosh; Intel Mac OS X 10_15_7) AppleWebKit/605.1.15 (KHTML, like Gecko) Version/15.6.1 Safari/605.1.15" DataSize=712 HostName=xuejiandeMacBook-Air.local Ip="::1" Method=GET Path="/api/v1/article/list/1?pagesize=5&pagenum=1" SpendTime="29 ms" status=200
time="2023-07-22 19:53:42" level=info Agent="Mozilla/5.0 (Macintosh; Intel Mac OS X 10_15_7) AppleWebKit/605.1.15 (KHTML, like Gecko) Version/15.6.1 Safari/605.1.15" DataSize=748 HostName=xuejiandeMacBook-Air.local Ip="::1" Method=GET Path="/api/v1/article/list/2?pagesize=5&pagenum=1" SpendTime="27 ms" status=200
time="2023-07-22 19:53:43" level=info Agent="Mozilla/5.0 (Macintosh; Intel Mac OS X 10_15_7) AppleWebKit/605.1.15 (KHTML, like Gecko) Version/15.6.1 Safari/605.1.15" DataSize=55 HostName=xuejiandeMacBook-Air.local Ip="::1" Method=GET Path="/api/v1/article?pagesize=5&pagenum=1" SpendTime="10 ms" status=200
time="2023-07-22 19:58:12" level=info Agent="Mozilla/5.0 (Macintosh; Intel Mac OS X 10_15_7) AppleWebKit/605.1.15 (KHTML, like Gecko) Version/15.6.1 Safari/605.1.15" DataSize=147 HostName=xuejiandeMacBook-Air.local Ip="::1" Method=GET Path=/api/v1/category SpendTime="7 ms" status=200
time="2023-07-22 19:58:12" level=info Agent="Mozilla/5.0 (Macintosh; Intel Mac OS X 10_15_7) AppleWebKit/605.1.15 (KHTML, like Gecko) Version/15.6.1 Safari/605.1.15" DataSize=347 HostName=xuejiandeMacBook-Air.local Ip="::1" Method=GET Path=/api/v1/profile/1 SpendTime="2 ms" status=200
time="2023-07-22 19:58:13" level=info Agent="Mozilla/5.0 (Macintosh; Intel Mac OS X 10_15_7) AppleWebKit/605.1.15 (KHTML, like Gecko) Version/15.6.1 Safari/605.1.15" DataSize=1276 HostName=xuejiandeMacBook-Air.local Ip="::1" Method=GET Path="/api/v1/article?pagesize=5&pagenum=1" SpendTime="4 ms" status=200
time="2023-07-22 19:59:06" level=info Agent="Mozilla/5.0 (Macintosh; Intel Mac OS X 10_15_7) AppleWebKit/605.1.15 (KHTML, like Gecko) Version/15.6.1 Safari/605.1.15" DataSize=0 HostName=xuejiandeMacBook-Air.local Ip="::1" Method=OPTIONS Path="/api/v1/article?title=&pagesize=5&pagenum=1" SpendTime="1 ms" status=204
time="2023-07-22 19:59:06" level=info Agent="Mozilla/5.0 (Macintosh; Intel Mac OS X 10_15_7) AppleWebKit/605.1.15 (KHTML, like Gecko) Version/15.6.1 Safari/605.1.15" DataSize=0 HostName=xuejiandeMacBook-Air.local Ip="::1" Method=OPTIONS Path=/api/v1/category SpendTime="1 ms" status=204
time="2023-07-22 19:59:06" level=info Agent="Mozilla/5.0 (Macintosh; Intel Mac OS X 10_15_7) AppleWebKit/605.1.15 (KHTML, like Gecko) Version/15.6.1 Safari/605.1.15" DataSize=1276 HostName=xuejiandeMacBook-Air.local Ip="::1" Method=GET Path="/api/v1/article?title=&pagesize=5&pagenum=1" SpendTime="26 ms" status=200
time="2023-07-22 19:59:06" level=info Agent="Mozilla/5.0 (Macintosh; Intel Mac OS X 10_15_7) AppleWebKit/605.1.15 (KHTML, like Gecko) Version/15.6.1 Safari/605.1.15" DataSize=147 HostName=xuejiandeMacBook-Air.local Ip="::1" Method=GET Path=/api/v1/category SpendTime="26 ms" status=200
time="2023-07-22 20:02:27" level=info Agent="Mozilla/5.0 (Macintosh; Intel Mac OS X 10_15_7) AppleWebKit/605.1.15 (KHTML, like Gecko) Version/15.6.1 Safari/605.1.15" DataSize=147 HostName=xuejiandeMacBook-Air.local Ip="::1" Method=GET Path=/api/v1/category SpendTime="37 ms" status=200
time="2023-07-22 20:02:27" level=info Agent="Mozilla/5.0 (Macintosh; Intel Mac OS X 10_15_7) AppleWebKit/605.1.15 (KHTML, like Gecko) Version/15.6.1 Safari/605.1.15" DataSize=347 HostName=xuejiandeMacBook-Air.local Ip="::1" Method=GET Path=/api/v1/profile/1 SpendTime="13 ms" status=200
time="2023-07-22 20:02:28" level=info Agent="Mozilla/5.0 (Macintosh; Intel Mac OS X 10_15_7) AppleWebKit/605.1.15 (KHTML, like Gecko) Version/15.6.1 Safari/605.1.15" DataSize=646 HostName=xuejiandeMacBook-Air.local Ip="::1" Method=GET Path="/api/v1/article?title=G&pagesize=5&pagenum=1" SpendTime="38 ms" status=200
time="2023-07-22 20:02:37" level=info Agent="Mozilla/5.0 (Macintosh; Intel Mac OS X 10_15_7) AppleWebKit/605.1.15 (KHTML, like Gecko) Version/15.6.1 Safari/605.1.15" DataSize=1276 HostName=xuejiandeMacBook-Air.local Ip="::1" Method=GET Path="/api/v1/article?pagesize=5&pagenum=1" SpendTime="22 ms" status=200
time="2023-07-22 20:02:40" level=info Agent="Mozilla/5.0 (Macintosh; Intel Mac OS X 10_15_7) AppleWebKit/605.1.15 (KHTML, like Gecko) Version/15.6.1 Safari/605.1.15" DataSize=646 HostName=xuejiandeMacBook-Air.local Ip="::1" Method=GET Path="/api/v1/article?title=G&pagesize=5&pagenum=1" SpendTime="26 ms" status=200
time="2023-07-22 20:03:55" level=info Agent="Mozilla/5.0 (Macintosh; Intel Mac OS X 10_15_7) AppleWebKit/605.1.15 (KHTML, like Gecko) Version/15.6.1 Safari/605.1.15" DataSize=646 HostName=xuejiandeMacBook-Air.local Ip="::1" Method=GET Path="/api/v1/article?title=G&pagesize=5&pagenum=1" SpendTime="18 ms" status=200
time="2023-07-22 20:04:04" level=info Agent="Mozilla/5.0 (Macintosh; Intel Mac OS X 10_15_7) AppleWebKit/605.1.15 (KHTML, like Gecko) Version/15.6.1 Safari/605.1.15" DataSize=682 HostName=xuejiandeMacBook-Air.local Ip="::1" Method=GET Path="/api/v1/article?title=j&pagesize=5&pagenum=1" SpendTime="9 ms" status=200
time="2023-07-22 20:08:08" level=info Agent="Mozilla/5.0 (Macintosh; Intel Mac OS X 10_15_7) AppleWebKit/605.1.15 (KHTML, like Gecko) Version/15.6.1 Safari/605.1.15" DataSize=0 HostName=xuejiandeMacBook-Air.local Ip="::1" Method=OPTIONS Path="/api/v1/users?username=&pagesize=5&pagenum=1" SpendTime="1 ms" status=204
time="2023-07-22 20:08:08" level=info Agent="Mozilla/5.0 (Macintosh; Intel Mac OS X 10_15_7) AppleWebKit/605.1.15 (KHTML, like Gecko) Version/15.6.1 Safari/605.1.15" DataSize=625 HostName=xuejiandeMacBook-Air.local Ip="::1" Method=GET Path="/api/v1/users?username=&pagesize=5&pagenum=1" SpendTime="63 ms" status=200
time="2023-07-22 20:08:10" level=info Agent="Mozilla/5.0 (Macintosh; Intel Mac OS X 10_15_7) AppleWebKit/605.1.15 (KHTML, like Gecko) Version/15.6.1 Safari/605.1.15" DataSize=0 HostName=xuejiandeMacBook-Air.local Ip="::1" Method=OPTIONS Path=/api/v1/user/1 SpendTime="1 ms" status=204
time="2023-07-22 20:08:10" level=info Agent="Mozilla/5.0 (Macintosh; Intel Mac OS X 10_15_7) AppleWebKit/605.1.15 (KHTML, like Gecko) Version/15.6.1 Safari/605.1.15" DataSize=214 HostName=xuejiandeMacBook-Air.local Ip="::1" Method=GET Path=/api/v1/user/1 SpendTime="2 ms" status=200
time="2023-07-22 20:08:14" level=info Agent="Mozilla/5.0 (Macintosh; Intel Mac OS X 10_15_7) AppleWebKit/605.1.15 (KHTML, like Gecko) Version/15.6.1 Safari/605.1.15" DataSize=0 HostName=xuejiandeMacBook-Air.local Ip="::1" Method=OPTIONS Path=/api/v1/user/2 SpendTime="1 ms" status=204
time="2023-07-22 20:08:14" level=info Agent="Mozilla/5.0 (Macintosh; Intel Mac OS X 10_15_7) AppleWebKit/605.1.15 (KHTML, like Gecko) Version/15.6.1 Safari/605.1.15" DataSize=213 HostName=xuejiandeMacBook-Air.local Ip="::1" Method=GET Path=/api/v1/user/2 SpendTime="3 ms" status=200
time="2023-07-22 20:08:23" level=info Agent="Mozilla/5.0 (Macintosh; Intel Mac OS X 10_15_7) AppleWebKit/605.1.15 (KHTML, like Gecko) Version/15.6.1 Safari/605.1.15" DataSize=0 HostName=xuejiandeMacBook-Air.local Ip="::1" Method=OPTIONS Path=/api/v1/admin/changepw/2 SpendTime="1 ms" status=204
time="2023-07-22 20:08:23" level=info Agent="Mozilla/5.0 (Macintosh; Intel Mac OS X 10_15_7) AppleWebKit/605.1.15 (KHTML, like Gecko) Version/15.6.1 Safari/605.1.15" DataSize=33 HostName=xuejiandeMacBook-Air.local Ip="::1" Method=PUT Path=/api/v1/admin/changepw/2 SpendTime="26 ms" status=200
time="2023-07-22 20:08:24" level=info Agent="Mozilla/5.0 (Macintosh; Intel Mac OS X 10_15_7) AppleWebKit/605.1.15 (KHTML, like Gecko) Version/15.6.1 Safari/605.1.15" DataSize=33 HostName=xuejiandeMacBook-Air.local Ip="::1" Method=PUT Path=/api/v1/admin/changepw/2 SpendTime="16 ms" status=200
time="2023-07-22 20:08:32" level=info Agent="Mozilla/5.0 (Macintosh; Intel Mac OS X 10_15_7) AppleWebKit/605.1.15 (KHTML, like Gecko) Version/15.6.1 Safari/605.1.15" DataSize=214 HostName=xuejiandeMacBook-Air.local Ip="::1" Method=GET Path=/api/v1/user/1 SpendTime="10 ms" status=200
time="2023-07-22 20:11:03" level=info Agent="Mozilla/5.0 (Macintosh; Intel Mac OS X 10_15_7) AppleWebKit/605.1.15 (KHTML, like Gecko) Version/15.6.1 Safari/605.1.15" DataSize=0 HostName=xuejiandeMacBook-Air.local Ip="::1" Method=OPTIONS Path=/api/v1/user/3 SpendTime="1 ms" status=204
time="2023-07-22 20:11:03" level=info Agent="Mozilla/5.0 (Macintosh; Intel Mac OS X 10_15_7) AppleWebKit/605.1.15 (KHTML, like Gecko) Version/15.6.1 Safari/605.1.15" DataSize=214 HostName=xuejiandeMacBook-Air.local Ip="::1" Method=GET Path=/api/v1/user/3 SpendTime="4 ms" status=200
time="2023-07-22 20:11:13" level=info Agent="Mozilla/5.0 (Macintosh; Intel Mac OS X 10_15_7) AppleWebKit/605.1.15 (KHTML, like Gecko) Version/15.6.1 Safari/605.1.15" DataSize=0 HostName=xuejiandeMacBook-Air.local Ip="::1" Method=OPTIONS Path=/api/v1/admin/changepw/3 SpendTime="1 ms" status=204
time="2023-07-22 20:11:13" level=info Agent="Mozilla/5.0 (Macintosh; Intel Mac OS X 10_15_7) AppleWebKit/605.1.15 (KHTML, like Gecko) Version/15.6.1 Safari/605.1.15" DataSize=33 HostName=xuejiandeMacBook-Air.local Ip="::1" Method=PUT Path=/api/v1/admin/changepw/3 SpendTime="3 ms" status=200
time="2023-07-22 20:11:13" level=info Agent="Mozilla/5.0 (Macintosh; Intel Mac OS X 10_15_7) AppleWebKit/605.1.15 (KHTML, like Gecko) Version/15.6.1 Safari/605.1.15" DataSize=625 HostName=xuejiandeMacBook-Air.local Ip="::1" Method=GET Path="/api/v1/users?username=&pagesize=5&pagenum=1" SpendTime="9 ms" status=200
time="2023-07-22 20:41:09" level=info Agent="Mozilla/5.0 (Macintosh; Intel Mac OS X 10_15_7) AppleWebKit/605.1.15 (KHTML, like Gecko) Version/15.6.1 Safari/605.1.15" DataSize=0 HostName=xuejiandeMacBook-Air.local Ip="::1" Method=OPTIONS Path=/api/v1/user/add SpendTime="1 ms" status=204
time="2023-07-22 20:41:09" level=info Agent="Mozilla/5.0 (Macintosh; Intel Mac OS X 10_15_7) AppleWebKit/605.1.15 (KHTML, like Gecko) Version/15.6.1 Safari/605.1.15" DataSize=33 HostName=xuejiandeMacBook-Air.local Ip="::1" Method=POST Path=/api/v1/user/add SpendTime="126 ms" status=200
time="2023-07-22 20:41:12" level=info Agent="Mozilla/5.0 (Macintosh; Intel Mac OS X 10_15_7) AppleWebKit/605.1.15 (KHTML, like Gecko) Version/15.6.1 Safari/605.1.15" DataSize=33 HostName=xuejiandeMacBook-Air.local Ip="::1" Method=POST Path=/api/v1/user/add SpendTime="97 ms" status=200
time="2023-07-22 20:41:12" level=info Agent="Mozilla/5.0 (Macintosh; Intel Mac OS X 10_15_7) AppleWebKit/605.1.15 (KHTML, like Gecko) Version/15.6.1 Safari/605.1.15" DataSize=33 HostName=xuejiandeMacBook-Air.local Ip="::1" Method=POST Path=/api/v1/user/add SpendTime="95 ms" status=200
time="2023-07-22 20:41:13" level=info Agent="Mozilla/5.0 (Macintosh; Intel Mac OS X 10_15_7) AppleWebKit/605.1.15 (KHTML, like Gecko) Version/15.6.1 Safari/605.1.15" DataSize=33 HostName=xuejiandeMacBook-Air.local Ip="::1" Method=POST Path=/api/v1/user/add SpendTime="91 ms" status=200
time="2023-07-22 20:41:13" level=info Agent="Mozilla/5.0 (Macintosh; Intel Mac OS X 10_15_7) AppleWebKit/605.1.15 (KHTML, like Gecko) Version/15.6.1 Safari/605.1.15" DataSize=33 HostName=xuejiandeMacBook-Air.local Ip="::1" Method=POST Path=/api/v1/user/add SpendTime="100 ms" status=200
time="2023-07-22 20:41:13" level=info Agent="Mozilla/5.0 (Macintosh; Intel Mac OS X 10_15_7) AppleWebKit/605.1.15 (KHTML, like Gecko) Version/15.6.1 Safari/605.1.15" DataSize=33 HostName=xuejiandeMacBook-Air.local Ip="::1" Method=POST Path=/api/v1/user/add SpendTime="101 ms" status=200
time="2023-07-22 20:41:13" level=info Agent="Mozilla/5.0 (Macintosh; Intel Mac OS X 10_15_7) AppleWebKit/605.1.15 (KHTML, like Gecko) Version/15.6.1 Safari/605.1.15" DataSize=33 HostName=xuejiandeMacBook-Air.local Ip="::1" Method=POST Path=/api/v1/user/add SpendTime="96 ms" status=200
time="2023-07-22 20:41:13" level=info Agent="Mozilla/5.0 (Macintosh; Intel Mac OS X 10_15_7) AppleWebKit/605.1.15 (KHTML, like Gecko) Version/15.6.1 Safari/605.1.15" DataSize=33 HostName=xuejiandeMacBook-Air.local Ip="::1" Method=POST Path=/api/v1/user/add SpendTime="94 ms" status=200
time="2023-07-22 20:41:14" level=info Agent="Mozilla/5.0 (Macintosh; Intel Mac OS X 10_15_7) AppleWebKit/605.1.15 (KHTML, like Gecko) Version/15.6.1 Safari/605.1.15" DataSize=33 HostName=xuejiandeMacBook-Air.local Ip="::1" Method=POST Path=/api/v1/user/add SpendTime="97 ms" status=200
time="2023-07-22 20:42:55" level=info Agent="Mozilla/5.0 (Macintosh; Intel Mac OS X 10_15_7) AppleWebKit/605.1.15 (KHTML, like Gecko) Version/15.6.1 Safari/605.1.15" DataSize=33 HostName=xuejiandeMacBook-Air.local Ip="::1" Method=POST Path=/api/v1/user/add SpendTime="130 ms" status=200
time="2023-07-22 20:43:57" level=info Agent="Mozilla/5.0 (Macintosh; Intel Mac OS X 10_15_7) AppleWebKit/605.1.15 (KHTML, like Gecko) Version/15.6.1 Safari/605.1.15" DataSize=0 HostName=xuejiandeMacBook-Air.local Ip="::1" Method=OPTIONS Path="/api/v1/users?username=&pagesize=5&pagenum=1" SpendTime="1 ms" status=204
time="2023-07-22 20:43:57" level=info Agent="Mozilla/5.0 (Macintosh; Intel Mac OS X 10_15_7) AppleWebKit/605.1.15 (KHTML, like Gecko) Version/15.6.1 Safari/605.1.15" DataSize=625 HostName=xuejiandeMacBook-Air.local Ip="::1" Method=GET Path="/api/v1/users?username=&pagesize=5&pagenum=1" SpendTime="19 ms" status=200
time="2023-07-22 20:44:06" level=info Agent="Mozilla/5.0 (Macintosh; Intel Mac OS X 10_15_7) AppleWebKit/605.1.15 (KHTML, like Gecko) Version/15.6.1 Safari/605.1.15" DataSize=0 HostName=xuejiandeMacBook-Air.local Ip="::1" Method=OPTIONS Path=/api/v1/user/5 SpendTime="1 ms" status=204
time="2023-07-22 20:44:06" level=info Agent="Mozilla/5.0 (Macintosh; Intel Mac OS X 10_15_7) AppleWebKit/605.1.15 (KHTML, like Gecko) Version/15.6.1 Safari/605.1.15" DataSize=216 HostName=xuejiandeMacBook-Air.local Ip="::1" Method=GET Path=/api/v1/user/5 SpendTime="22 ms" status=200
time="2023-07-22 20:44:08" level=info Agent="Mozilla/5.0 (Macintosh; Intel Mac OS X 10_15_7) AppleWebKit/605.1.15 (KHTML, like Gecko) Version/15.6.1 Safari/605.1.15" DataSize=33 HostName=xuejiandeMacBook-Air.local Ip="::1" Method=PUT Path=/api/v1/user/5 SpendTime="10 ms" status=200
time="2023-07-22 20:44:08" level=info Agent="Mozilla/5.0 (Macintosh; Intel Mac OS X 10_15_7) AppleWebKit/605.1.15 (KHTML, like Gecko) Version/15.6.1 Safari/605.1.15" DataSize=625 HostName=xuejiandeMacBook-Air.local Ip="::1" Method=GET Path="/api/v1/users?username=&pagesize=5&pagenum=1" SpendTime="5 ms" status=200
time="2023-07-22 20:44:11" level=info Agent="Mozilla/5.0 (Macintosh; Intel Mac OS X 10_15_7) AppleWebKit/605.1.15 (KHTML, like Gecko) Version/15.6.1 Safari/605.1.15" DataSize=216 HostName=xuejiandeMacBook-Air.local Ip="::1" Method=GET Path=/api/v1/user/5 SpendTime="5 ms" status=200
time="2023-07-22 20:44:15" level=info Agent="Mozilla/5.0 (Macintosh; Intel Mac OS X 10_15_7) AppleWebKit/605.1.15 (KHTML, like Gecko) Version/15.6.1 Safari/605.1.15" DataSize=33 HostName=xuejiandeMacBook-Air.local Ip="::1" Method=PUT Path=/api/v1/user/5 SpendTime="5 ms" status=200
time="2023-07-22 20:44:15" level=info Agent="Mozilla/5.0 (Macintosh; Intel Mac OS X 10_15_7) AppleWebKit/605.1.15 (KHTML, like Gecko) Version/15.6.1 Safari/605.1.15" DataSize=625 HostName=xuejiandeMacBook-Air.local Ip="::1" Method=GET Path="/api/v1/users?username=&pagesize=5&pagenum=1" SpendTime="3 ms" status=200
time="2023-07-22 20:44:18" level=info Agent="Mozilla/5.0 (Macintosh; Intel Mac OS X 10_15_7) AppleWebKit/605.1.15 (KHTML, like Gecko) Version/15.6.1 Safari/605.1.15" DataSize=0 HostName=xuejiandeMacBook-Air.local Ip="::1" Method=OPTIONS Path=/api/v1/user/3 SpendTime="1 ms" status=204
time="2023-07-22 20:44:18" level=info Agent="Mozilla/5.0 (Macintosh; Intel Mac OS X 10_15_7) AppleWebKit/605.1.15 (KHTML, like Gecko) Version/15.6.1 Safari/605.1.15" DataSize=214 HostName=xuejiandeMacBook-Air.local Ip="::1" Method=GET Path=/api/v1/user/3 SpendTime="3 ms" status=200
time="2023-07-22 20:44:20" level=info Agent="Mozilla/5.0 (Macintosh; Intel Mac OS X 10_15_7) AppleWebKit/605.1.15 (KHTML, like Gecko) Version/15.6.1 Safari/605.1.15" DataSize=33 HostName=xuejiandeMacBook-Air.local Ip="::1" Method=PUT Path=/api/v1/user/3 SpendTime="24 ms" status=200
time="2023-07-22 20:44:20" level=info Agent="Mozilla/5.0 (Macintosh; Intel Mac OS X 10_15_7) AppleWebKit/605.1.15 (KHTML, like Gecko) Version/15.6.1 Safari/605.1.15" DataSize=625 HostName=xuejiandeMacBook-Air.local Ip="::1" Method=GET Path="/api/v1/users?username=&pagesize=5&pagenum=1" SpendTime="6 ms" status=200
time="2023-07-22 20:48:50" level=info Agent="Mozilla/5.0 (Macintosh; Intel Mac OS X 10_15_7) AppleWebKit/605.1.15 (KHTML, like Gecko) Version/15.6.1 Safari/605.1.15" DataSize=33 HostName=xuejiandeMacBook-Air.local Ip="::1" Method=POST Path=/api/v1/user/add SpendTime="26 ms" status=200
time="2023-07-22 20:48:52" level=info Agent="Mozilla/5.0 (Macintosh; Intel Mac OS X 10_15_7) AppleWebKit/605.1.15 (KHTML, like Gecko) Version/15.6.1 Safari/605.1.15" DataSize=33 HostName=xuejiandeMacBook-Air.local Ip="::1" Method=POST Path=/api/v1/user/add SpendTime="12 ms" status=200
time="2023-07-22 20:48:58" level=info Agent="Mozilla/5.0 (Macintosh; Intel Mac OS X 10_15_7) AppleWebKit/605.1.15 (KHTML, like Gecko) Version/15.6.1 Safari/605.1.15" DataSize=147 HostName=xuejiandeMacBook-Air.local Ip="::1" Method=GET Path=/api/v1/category SpendTime="86 ms" status=200
time="2023-07-22 20:48:58" level=info Agent="Mozilla/5.0 (Macintosh; Intel Mac OS X 10_15_7) AppleWebKit/605.1.15 (KHTML, like Gecko) Version/15.6.1 Safari/605.1.15" DataSize=347 HostName=xuejiandeMacBook-Air.local Ip="::1" Method=GET Path=/api/v1/profile/1 SpendTime="4 ms" status=200
time="2023-07-22 20:48:58" level=info Agent="Mozilla/5.0 (Macintosh; Intel Mac OS X 10_15_7) AppleWebKit/605.1.15 (KHTML, like Gecko) Version/15.6.1 Safari/605.1.15" DataSize=682 HostName=xuejiandeMacBook-Air.local Ip="::1" Method=GET Path="/api/v1/article?title=j&pagesize=5&pagenum=1" SpendTime="14 ms" status=200
time="2023-07-22 20:49:15" level=info Agent="Mozilla/5.0 (Macintosh; Intel Mac OS X 10_15_7) AppleWebKit/605.1.15 (KHTML, like Gecko) Version/15.6.1 Safari/605.1.15" DataSize=33 HostName=xuejiandeMacBook-Air.local Ip="::1" Method=POST Path=/api/v1/user/add SpendTime="27 ms" status=200
time="2023-07-22 20:55:37" level=info Agent="Mozilla/5.0 (Macintosh; Intel Mac OS X 10_15_7) AppleWebKit/605.1.15 (KHTML, like Gecko) Version/15.6.1 Safari/605.1.15" DataSize=0 HostName=xuejiandeMacBook-Air.local Ip="::1" Method=OPTIONS Path="/api/v1/users?username=&pagesize=5&pagenum=1" SpendTime="1 ms" status=204
time="2023-07-22 20:55:37" level=info Agent="Mozilla/5.0 (Macintosh; Intel Mac OS X 10_15_7) AppleWebKit/605.1.15 (KHTML, like Gecko) Version/15.6.1 Safari/605.1.15" DataSize=625 HostName=xuejiandeMacBook-Air.local Ip="::1" Method=GET Path="/api/v1/users?username=&pagesize=5&pagenum=1" SpendTime="65 ms" status=200
time="2023-07-22 20:55:40" level=info Agent="Mozilla/5.0 (Macintosh; Intel Mac OS X 10_15_7) AppleWebKit/605.1.15 (KHTML, like Gecko) Version/15.6.1 Safari/605.1.15" DataSize=0 HostName=xuejiandeMacBook-Air.local Ip="::1" Method=OPTIONS Path=/api/v1/user/1 SpendTime="1 ms" status=204
time="2023-07-22 20:55:40" level=info Agent="Mozilla/5.0 (Macintosh; Intel Mac OS X 10_15_7) AppleWebKit/605.1.15 (KHTML, like Gecko) Version/15.6.1 Safari/605.1.15" DataSize=214 HostName=xuejiandeMacBook-Air.local Ip="::1" Method=GET Path=/api/v1/user/1 SpendTime="4 ms" status=200
time="2023-07-22 20:55:48" level=info Agent="Mozilla/5.0 (Macintosh; Intel Mac OS X 10_15_7) AppleWebKit/605.1.15 (KHTML, like Gecko) Version/15.6.1 Safari/605.1.15" DataSize=0 HostName=xuejiandeMacBook-Air.local Ip="::1" Method=OPTIONS Path=/api/v1/user/3 SpendTime="1 ms" status=204
time="2023-07-22 20:55:48" level=info Agent="Mozilla/5.0 (Macintosh; Intel Mac OS X 10_15_7) AppleWebKit/605.1.15 (KHTML, like Gecko) Version/15.6.1 Safari/605.1.15" DataSize=214 HostName=xuejiandeMacBook-Air.local Ip="::1" Method=GET Path=/api/v1/user/3 SpendTime="55 ms" status=200
time="2023-07-22 20:55:56" level=info Agent="Mozilla/5.0 (Macintosh; Intel Mac OS X 10_15_7) AppleWebKit/605.1.15 (KHTML, like Gecko) Version/15.6.1 Safari/605.1.15" DataSize=0 HostName=xuejiandeMacBook-Air.local Ip="::1" Method=OPTIONS Path=/api/v1/changepw/3 SpendTime="1 ms" status=204
time="2023-07-22 20:55:56" level=warning Agent="Mozilla/5.0 (Macintosh; Intel Mac OS X 10_15_7) AppleWebKit/605.1.15 (KHTML, like Gecko) Version/15.6.1 Safari/605.1.15" DataSize=0 HostName=xuejiandeMacBook-Air.local Ip="::1" Method=PUT Path=/api/v1/changepw/3 SpendTime="1 ms" status=404
time="2023-07-22 20:56:09" level=info Agent="Mozilla/5.0 (Macintosh; Intel Mac OS X 10_15_7) AppleWebKit/605.1.15 (KHTML, like Gecko) Version/15.6.1 Safari/605.1.15" DataSize=625 HostName=xuejiandeMacBook-Air.local Ip="::1" Method=GET Path="/api/v1/users?username=&pagesize=5&pagenum=1" SpendTime="16 ms" status=200
time="2023-07-22 20:56:14" level=info Agent="Mozilla/5.0 (Macintosh; Intel Mac OS X 10_15_7) AppleWebKit/605.1.15 (KHTML, like Gecko) Version/15.6.1 Safari/605.1.15" DataSize=0 HostName=xuejiandeMacBook-Air.local Ip="::1" Method=OPTIONS Path=/api/v1/user/5 SpendTime="1 ms" status=204
time="2023-07-22 20:56:14" level=info Agent="Mozilla/5.0 (Macintosh; Intel Mac OS X 10_15_7) AppleWebKit/605.1.15 (KHTML, like Gecko) Version/15.6.1 Safari/605.1.15" DataSize=216 HostName=xuejiandeMacBook-Air.local Ip="::1" Method=GET Path=/api/v1/user/5 SpendTime="18 ms" status=200
time="2023-07-22 20:56:22" level=info Agent="Mozilla/5.0 (Macintosh; Intel Mac OS X 10_15_7) AppleWebKit/605.1.15 (KHTML, like Gecko) Version/15.6.1 Safari/605.1.15" DataSize=0 HostName=xuejiandeMacBook-Air.local Ip="::1" Method=OPTIONS Path=/api/v1/admin/changepw/5 SpendTime="1 ms" status=204
time="2023-07-22 20:56:22" level=info Agent="Mozilla/5.0 (Macintosh; Intel Mac OS X 10_15_7) AppleWebKit/605.1.15 (KHTML, like Gecko) Version/15.6.1 Safari/605.1.15" DataSize=33 HostName=xuejiandeMacBook-Air.local Ip="::1" Method=PUT Path=/api/v1/admin/changepw/5 SpendTime="6 ms" status=200
time="2023-07-22 20:56:35" level=info Agent="Mozilla/5.0 (Macintosh; Intel Mac OS X 10_15_7) AppleWebKit/605.1.15 (KHTML, like Gecko) Version/15.6.1 Safari/605.1.15" DataSize=625 HostName=xuejiandeMacBook-Air.local Ip="::1" Method=GET Path="/api/v1/users?username=&pagesize=5&pagenum=1" SpendTime="14 ms" status=200
time="2023-07-22 20:56:38" level=info Agent="Mozilla/5.0 (Macintosh; Intel Mac OS X 10_15_7) AppleWebKit/605.1.15 (KHTML, like Gecko) Version/15.6.1 Safari/605.1.15" DataSize=214 HostName=xuejiandeMacBook-Air.local Ip="::1" Method=GET Path=/api/v1/user/3 SpendTime="2 ms" status=200
time="2023-07-22 20:56:45" level=info Agent="Mozilla/5.0 (Macintosh; Intel Mac OS X 10_15_7) AppleWebKit/605.1.15 (KHTML, like Gecko) Version/15.6.1 Safari/605.1.15" DataSize=0 HostName=xuejiandeMacBook-Air.local Ip="::1" Method=OPTIONS Path=/api/v1/admin/changepw/3 SpendTime="1 ms" status=204
time="2023-07-22 20:56:45" level=info Agent="Mozilla/5.0 (Macintosh; Intel Mac OS X 10_15_7) AppleWebKit/605.1.15 (KHTML, like Gecko) Version/15.6.1 Safari/605.1.15" DataSize=33 HostName=xuejiandeMacBook-Air.local Ip="::1" Method=PUT Path=/api/v1/admin/changepw/3 SpendTime="7 ms" status=200
time="2023-07-22 20:56:47" level=info Agent="Mozilla/5.0 (Macintosh; Intel Mac OS X 10_15_7) AppleWebKit/605.1.15 (KHTML, like Gecko) Version/15.6.1 Safari/605.1.15" DataSize=33 HostName=xuejiandeMacBook-Air.local Ip="::1" Method=PUT Path=/api/v1/admin/changepw/3 SpendTime="5 ms" status=200
time="2023-07-22 20:58:49" level=info Agent="Mozilla/5.0 (Macintosh; Intel Mac OS X 10_15_7) AppleWebKit/605.1.15 (KHTML, like Gecko) Version/15.6.1 Safari/605.1.15" DataSize=147 HostName=xuejiandeMacBook-Air.local Ip="::1" Method=GET Path=/api/v1/category SpendTime="54 ms" status=200
time="2023-07-22 20:58:50" level=info Agent="Mozilla/5.0 (Macintosh; Intel Mac OS X 10_15_7) AppleWebKit/605.1.15 (KHTML, like Gecko) Version/15.6.1 Safari/605.1.15" DataSize=347 HostName=xuejiandeMacBook-Air.local Ip="::1" Method=GET Path=/api/v1/profile/1 SpendTime="22 ms" status=200
time="2023-07-22 20:58:50" level=info Agent="Mozilla/5.0 (Macintosh; Intel Mac OS X 10_15_7) AppleWebKit/605.1.15 (KHTML, like Gecko) Version/15.6.1 Safari/605.1.15" DataSize=682 HostName=xuejiandeMacBook-Air.local Ip="::1" Method=GET Path="/api/v1/article?title=j&pagesize=5&pagenum=1" SpendTime="17 ms" status=200
time="2023-07-22 20:59:40" level=info Agent="Mozilla/5.0 (Macintosh; Intel Mac OS X 10_15_7) AppleWebKit/605.1.15 (KHTML, like Gecko) Version/15.6.1 Safari/605.1.15" DataSize=147 HostName=xuejiandeMacBook-Air.local Ip="::1" Method=GET Path=/api/v1/category SpendTime="45 ms" status=200
time="2023-07-22 20:59:41" level=info Agent="Mozilla/5.0 (Macintosh; Intel Mac OS X 10_15_7) AppleWebKit/605.1.15 (KHTML, like Gecko) Version/15.6.1 Safari/605.1.15" DataSize=347 HostName=xuejiandeMacBook-Air.local Ip="::1" Method=GET Path=/api/v1/profile/1 SpendTime="14 ms" status=200
time="2023-07-22 20:59:42" level=info Agent="Mozilla/5.0 (Macintosh; Intel Mac OS X 10_15_7) AppleWebKit/605.1.15 (KHTML, like Gecko) Version/15.6.1 Safari/605.1.15" DataSize=682 HostName=xuejiandeMacBook-Air.local Ip="::1" Method=GET Path="/api/v1/article?title=j&pagesize=5&pagenum=1" SpendTime="20 ms" status=200
time="2023-07-22 20:59:57" level=info Agent="Mozilla/5.0 (Macintosh; Intel Mac OS X 10_15_7) AppleWebKit/605.1.15 (KHTML, like Gecko) Version/15.6.1 Safari/605.1.15" DataSize=0 HostName=xuejiandeMacBook-Air.local Ip="::1" Method=OPTIONS Path=/api/v1/user/add SpendTime="1 ms" status=204
time="2023-07-22 20:59:57" level=info Agent="Mozilla/5.0 (Macintosh; Intel Mac OS X 10_15_7) AppleWebKit/605.1.15 (KHTML, like Gecko) Version/15.6.1 Safari/605.1.15" DataSize=33 HostName=xuejiandeMacBook-Air.local Ip="::1" Method=POST Path=/api/v1/user/add SpendTime="23 ms" status=200
time="2023-07-22 20:59:59" level=info Agent="Mozilla/5.0 (Macintosh; Intel Mac OS X 10_15_7) AppleWebKit/605.1.15 (KHTML, like Gecko) Version/15.6.1 Safari/605.1.15" DataSize=33 HostName=xuejiandeMacBook-Air.local Ip="::1" Method=POST Path=/api/v1/user/add SpendTime="5 ms" status=200
time="2023-07-22 21:01:00" level=info Agent="Mozilla/5.0 (Macintosh; Intel Mac OS X 10_15_7) AppleWebKit/605.1.15 (KHTML, like Gecko) Version/15.6.1 Safari/605.1.15" DataSize=147 HostName=xuejiandeMacBook-Air.local Ip="::1" Method=GET Path=/api/v1/category SpendTime="42 ms" status=200
time="2023-07-22 21:01:01" level=info Agent="Mozilla/5.0 (Macintosh; Intel Mac OS X 10_15_7) AppleWebKit/605.1.15 (KHTML, like Gecko) Version/15.6.1 Safari/605.1.15" DataSize=347 HostName=xuejiandeMacBook-Air.local Ip="::1" Method=GET Path=/api/v1/profile/1 SpendTime="35 ms" status=200
time="2023-07-22 21:01:01" level=info Agent="Mozilla/5.0 (Macintosh; Intel Mac OS X 10_15_7) AppleWebKit/605.1.15 (KHTML, like Gecko) Version/15.6.1 Safari/605.1.15" DataSize=682 HostName=xuejiandeMacBook-Air.local Ip="::1" Method=GET Path="/api/v1/article?title=j&pagesize=5&pagenum=1" SpendTime="22 ms" status=200
time="2023-07-22 21:02:15" level=info Agent="Mozilla/5.0 (Macintosh; Intel Mac OS X 10_15_7) AppleWebKit/605.1.15 (KHTML, like Gecko) Version/15.6.1 Safari/605.1.15" DataSize=147 HostName=xuejiandeMacBook-Air.local Ip="::1" Method=GET Path=/api/v1/category SpendTime="151 ms" status=200
time="2023-07-22 21:02:16" level=info Agent="Mozilla/5.0 (Macintosh; Intel Mac OS X 10_15_7) AppleWebKit/605.1.15 (KHTML, like Gecko) Version/15.6.1 Safari/605.1.15" DataSize=347 HostName=xuejiandeMacBook-Air.local Ip="::1" Method=GET Path=/api/v1/profile/1 SpendTime="31 ms" status=200
time="2023-07-22 21:02:16" level=info Agent="Mozilla/5.0 (Macintosh; Intel Mac OS X 10_15_7) AppleWebKit/605.1.15 (KHTML, like Gecko) Version/15.6.1 Safari/605.1.15" DataSize=682 HostName=xuejiandeMacBook-Air.local Ip="::1" Method=GET Path="/api/v1/article?title=j&pagesize=5&pagenum=1" SpendTime="69 ms" status=200
time="2023-07-22 21:05:23" level=info Agent="Mozilla/5.0 (Macintosh; Intel Mac OS X 10_15_7) AppleWebKit/605.1.15 (KHTML, like Gecko) Version/15.6.1 Safari/605.1.15" DataSize=147 HostName=xuejiandeMacBook-Air.local Ip="::1" Method=GET Path=/api/v1/category SpendTime="30 ms" status=200
time="2023-07-22 21:05:23" level=info Agent="Mozilla/5.0 (Macintosh; Intel Mac OS X 10_15_7) AppleWebKit/605.1.15 (KHTML, like Gecko) Version/15.6.1 Safari/605.1.15" DataSize=347 HostName=xuejiandeMacBook-Air.local Ip="::1" Method=GET Path=/api/v1/profile/1 SpendTime="11 ms" status=200
time="2023-07-22 21:05:23" level=info Agent="Mozilla/5.0 (Macintosh; Intel Mac OS X 10_15_7) AppleWebKit/605.1.15 (KHTML, like Gecko) Version/15.6.1 Safari/605.1.15" DataSize=682 HostName=xuejiandeMacBook-Air.local Ip="::1" Method=GET Path="/api/v1/article?title=j&pagesize=5&pagenum=1" SpendTime="20 ms" status=200
time="2023-07-22 21:05:34" level=info Agent="Mozilla/5.0 (Macintosh; Intel Mac OS X 10_15_7) AppleWebKit/605.1.15 (KHTML, like Gecko) Version/15.6.1 Safari/605.1.15" DataSize=0 HostName=xuejiandeMacBook-Air.local Ip="::1" Method=OPTIONS Path=/api/v1/loginfront SpendTime="1 ms" status=204
time="2023-07-22 21:05:34" level=info Agent="Mozilla/5.0 (Macintosh; Intel Mac OS X 10_15_7) AppleWebKit/605.1.15 (KHTML, like Gecko) Version/15.6.1 Safari/605.1.15" DataSize=62 HostName=xuejiandeMacBook-Air.local Ip="::1" Method=POST Path=/api/v1/loginfront SpendTime="28 ms" status=200
time="2023-07-22 21:05:35" level=info Agent="Mozilla/5.0 (Macintosh; Intel Mac OS X 10_15_7) AppleWebKit/605.1.15 (KHTML, like Gecko) Version/15.6.1 Safari/605.1.15" DataSize=62 HostName=xuejiandeMacBook-Air.local Ip="::1" Method=POST Path=/api/v1/loginfront SpendTime="4 ms" status=200
time="2023-07-22 21:05:36" level=info Agent="Mozilla/5.0 (Macintosh; Intel Mac OS X 10_15_7) AppleWebKit/605.1.15 (KHTML, like Gecko) Version/15.6.1 Safari/605.1.15" DataSize=62 HostName=xuejiandeMacBook-Air.local Ip="::1" Method=POST Path=/api/v1/loginfront SpendTime="11 ms" status=200
time="2023-07-22 21:05:36" level=info Agent="Mozilla/5.0 (Macintosh; Intel Mac OS X 10_15_7) AppleWebKit/605.1.15 (KHTML, like Gecko) Version/15.6.1 Safari/605.1.15" DataSize=62 HostName=xuejiandeMacBook-Air.local Ip="::1" Method=POST Path=/api/v1/loginfront SpendTime="12 ms" status=200
time="2023-07-22 21:05:55" level=info Agent="Mozilla/5.0 (Macintosh; Intel Mac OS X 10_15_7) AppleWebKit/605.1.15 (KHTML, like Gecko) Version/15.6.1 Safari/605.1.15" DataSize=1276 HostName=xuejiandeMacBook-Air.local Ip="::1" Method=GET Path="/api/v1/article?pagesize=5&pagenum=1" SpendTime="37 ms" status=200
time="2023-07-22 21:14:14" level=info Agent="Mozilla/5.0 (Macintosh; Intel Mac OS X 10_15_7) AppleWebKit/605.1.15 (KHTML, like Gecko) Version/15.6.1 Safari/605.1.15" DataSize=147 HostName=xuejiandeMacBook-Air.local Ip="::1" Method=GET Path=/api/v1/category SpendTime="67 ms" status=200
time="2023-07-22 21:14:14" level=info Agent="Mozilla/5.0 (Macintosh; Intel Mac OS X 10_15_7) AppleWebKit/605.1.15 (KHTML, like Gecko) Version/15.6.1 Safari/605.1.15" DataSize=347 HostName=xuejiandeMacBook-Air.local Ip="::1" Method=GET Path=/api/v1/profile/1 SpendTime="16 ms" status=200
time="2023-07-22 21:14:14" level=info Agent="Mozilla/5.0 (Macintosh; Intel Mac OS X 10_15_7) AppleWebKit/605.1.15 (KHTML, like Gecko) Version/15.6.1 Safari/605.1.15" DataSize=1276 HostName=xuejiandeMacBook-Air.local Ip="::1" Method=GET Path="/api/v1/article?pagesize=5&pagenum=1" SpendTime="11 ms" status=200
time="2023-07-22 21:14:59" level=info Agent="Mozilla/5.0 (Macintosh; Intel Mac OS X 10_15_7) AppleWebKit/605.1.15 (KHTML, like Gecko) Version/15.6.1 Safari/605.1.15" DataSize=147 HostName=xuejiandeMacBook-Air.local Ip="::1" Method=GET Path=/api/v1/category SpendTime="42 ms" status=200
time="2023-07-22 21:15:00" level=info Agent="Mozilla/5.0 (Macintosh; Intel Mac OS X 10_15_7) AppleWebKit/605.1.15 (KHTML, like Gecko) Version/15.6.1 Safari/605.1.15" DataSize=347 HostName=xuejiandeMacBook-Air.local Ip="::1" Method=GET Path=/api/v1/profile/1 SpendTime="12 ms" status=200
time="2023-07-22 21:15:00" level=info Agent="Mozilla/5.0 (Macintosh; Intel Mac OS X 10_15_7) AppleWebKit/605.1.15 (KHTML, like Gecko) Version/15.6.1 Safari/605.1.15" DataSize=1276 HostName=xuejiandeMacBook-Air.local Ip="::1" Method=GET Path="/api/v1/article?pagesize=5&pagenum=1" SpendTime="10 ms" status=200
time="2023-07-22 21:15:18" level=info Agent="Mozilla/5.0 (Macintosh; Intel Mac OS X 10_15_7) AppleWebKit/605.1.15 (KHTML, like Gecko) Version/15.6.1 Safari/605.1.15" DataSize=0 HostName=xuejiandeMacBook-Air.local Ip="::1" Method=OPTIONS Path=/api/v1/user/add SpendTime="1 ms" status=204
time="2023-07-22 21:15:18" level=info Agent="Mozilla/5.0 (Macintosh; Intel Mac OS X 10_15_7) AppleWebKit/605.1.15 (KHTML, like Gecko) Version/15.6.1 Safari/605.1.15" DataSize=33 HostName=xuejiandeMacBook-Air.local Ip="::1" Method=POST Path=/api/v1/user/add SpendTime="12 ms" status=200
time="2023-07-22 21:15:19" level=info Agent="Mozilla/5.0 (Macintosh; Intel Mac OS X 10_15_7) AppleWebKit/605.1.15 (KHTML, like Gecko) Version/15.6.1 Safari/605.1.15" DataSize=33 HostName=xuejiandeMacBook-Air.local Ip="::1" Method=POST Path=/api/v1/user/add SpendTime="7 ms" status=200
time="2023-07-22 21:15:19" level=info Agent="Mozilla/5.0 (Macintosh; Intel Mac OS X 10_15_7) AppleWebKit/605.1.15 (KHTML, like Gecko) Version/15.6.1 Safari/605.1.15" DataSize=33 HostName=xuejiandeMacBook-Air.local Ip="::1" Method=POST Path=/api/v1/user/add SpendTime="5 ms" status=200
time="2023-07-22 21:15:19" level=info Agent="Mozilla/5.0 (Macintosh; Intel Mac OS X 10_15_7) AppleWebKit/605.1.15 (KHTML, like Gecko) Version/15.6.1 Safari/605.1.15" DataSize=33 HostName=xuejiandeMacBook-Air.local Ip="::1" Method=POST Path=/api/v1/user/add SpendTime="4 ms" status=200
time="2023-07-22 21:20:27" level=info Agent="Mozilla/5.0 (Macintosh; Intel Mac OS X 10_15_7) AppleWebKit/605.1.15 (KHTML, like Gecko) Version/15.6.1 Safari/605.1.15" DataSize=147 HostName=xuejiandeMacBook-Air.local Ip="::1" Method=GET Path=/api/v1/category SpendTime="28 ms" status=200
time="2023-07-22 21:20:27" level=info Agent="Mozilla/5.0 (Macintosh; Intel Mac OS X 10_15_7) AppleWebKit/605.1.15 (KHTML, like Gecko) Version/15.6.1 Safari/605.1.15" DataSize=347 HostName=xuejiandeMacBook-Air.local Ip="::1" Method=GET Path=/api/v1/profile/1 SpendTime="34 ms" status=200
time="2023-07-22 21:20:27" level=info Agent="Mozilla/5.0 (Macintosh; Intel Mac OS X 10_15_7) AppleWebKit/605.1.15 (KHTML, like Gecko) Version/15.6.1 Safari/605.1.15" DataSize=1276 HostName=xuejiandeMacBook-Air.local Ip="::1" Method=GET Path="/api/v1/article?pagesize=5&pagenum=1" SpendTime="32 ms" status=200
time="2023-07-22 21:20:42" level=info Agent="Mozilla/5.0 (Macintosh; Intel Mac OS X 10_15_7) AppleWebKit/605.1.15 (KHTML, like Gecko) Version/15.6.1 Safari/605.1.15" DataSize=33 HostName=xuejiandeMacBook-Air.local Ip="::1" Method=POST Path=/api/v1/user/add SpendTime="130 ms" status=200
time="2023-07-22 21:20:43" level=info Agent="Mozilla/5.0 (Macintosh; Intel Mac OS X 10_15_7) AppleWebKit/605.1.15 (KHTML, like Gecko) Version/15.6.1 Safari/605.1.15" DataSize=33 HostName=xuejiandeMacBook-Air.local Ip="::1" Method=POST Path=/api/v1/user/add SpendTime="94 ms" status=200
time="2023-07-22 21:23:04" level=info Agent="Mozilla/5.0 (Macintosh; Intel Mac OS X 10_15_7) AppleWebKit/605.1.15 (KHTML, like Gecko) Version/15.6.1 Safari/605.1.15" DataSize=147 HostName=xuejiandeMacBook-Air.local Ip="::1" Method=GET Path=/api/v1/category SpendTime="31 ms" status=200
time="2023-07-22 21:23:05" level=info Agent="Mozilla/5.0 (Macintosh; Intel Mac OS X 10_15_7) AppleWebKit/605.1.15 (KHTML, like Gecko) Version/15.6.1 Safari/605.1.15" DataSize=347 HostName=xuejiandeMacBook-Air.local Ip="::1" Method=GET Path=/api/v1/profile/1 SpendTime="5 ms" status=200
time="2023-07-22 21:23:05" level=info Agent="Mozilla/5.0 (Macintosh; Intel Mac OS X 10_15_7) AppleWebKit/605.1.15 (KHTML, like Gecko) Version/15.6.1 Safari/605.1.15" DataSize=1276 HostName=xuejiandeMacBook-Air.local Ip="::1" Method=GET Path="/api/v1/article?pagesize=5&pagenum=1" SpendTime="15 ms" status=200
time="2023-07-22 21:23:19" level=info Agent="Mozilla/5.0 (Macintosh; Intel Mac OS X 10_15_7) AppleWebKit/605.1.15 (KHTML, like Gecko) Version/15.6.1 Safari/605.1.15" DataSize=33 HostName=xuejiandeMacBook-Air.local Ip="::1" Method=POST Path=/api/v1/user/add SpendTime="134 ms" status=200
time="2023-07-22 21:28:06" level=info Agent="Mozilla/5.0 (Macintosh; Intel Mac OS X 10_15_7) AppleWebKit/605.1.15 (KHTML, like Gecko) Version/15.6.1 Safari/605.1.15" DataSize=147 HostName=xuejiandeMacBook-Air.local Ip="::1" Method=GET Path=/api/v1/category SpendTime="121 ms" status=200
time="2023-07-22 21:28:06" level=info Agent="Mozilla/5.0 (Macintosh; Intel Mac OS X 10_15_7) AppleWebKit/605.1.15 (KHTML, like Gecko) Version/15.6.1 Safari/605.1.15" DataSize=347 HostName=xuejiandeMacBook-Air.local Ip="::1" Method=GET Path=/api/v1/profile/1 SpendTime="6 ms" status=200
time="2023-07-22 21:28:06" level=info Agent="Mozilla/5.0 (Macintosh; Intel Mac OS X 10_15_7) AppleWebKit/605.1.15 (KHTML, like Gecko) Version/15.6.1 Safari/605.1.15" DataSize=1276 HostName=xuejiandeMacBook-Air.local Ip="::1" Method=GET Path="/api/v1/article?pagesize=5&pagenum=1" SpendTime="18 ms" status=200
time="2023-07-22 21:29:30" level=info Agent="Mozilla/5.0 (Macintosh; Intel Mac OS X 10_15_7) AppleWebKit/605.1.15 (KHTML, like Gecko) Version/15.6.1 Safari/605.1.15" DataSize=1276 HostName=xuejiandeMacBook-Air.local Ip="::1" Method=GET Path="/api/v1/article?pagesize=5&pagenum=1" SpendTime="42 ms" status=200
time="2023-07-22 21:29:33" level=info Agent="Mozilla/5.0 (Macintosh; Intel Mac OS X 10_15_7) AppleWebKit/605.1.15 (KHTML, like Gecko) Version/15.6.1 Safari/605.1.15" DataSize=147 HostName=xuejiandeMacBook-Air.local Ip="::1" Method=GET Path=/api/v1/category SpendTime="5 ms" status=200
time="2023-07-22 21:29:33" level=info Agent="Mozilla/5.0 (Macintosh; Intel Mac OS X 10_15_7) AppleWebKit/605.1.15 (KHTML, like Gecko) Version/15.6.1 Safari/605.1.15" DataSize=347 HostName=xuejiandeMacBook-Air.local Ip="::1" Method=GET Path=/api/v1/profile/1 SpendTime="15 ms" status=200
time="2023-07-22 21:29:33" level=info Agent="Mozilla/5.0 (Macintosh; Intel Mac OS X 10_15_7) AppleWebKit/605.1.15 (KHTML, like Gecko) Version/15.6.1 Safari/605.1.15" DataSize=1276 HostName=xuejiandeMacBook-Air.local Ip="::1" Method=GET Path="/api/v1/article?pagesize=5&pagenum=1" SpendTime="12 ms" status=200
time="2023-07-22 21:29:56" level=info Agent="Mozilla/5.0 (Macintosh; Intel Mac OS X 10_15_7) AppleWebKit/605.1.15 (KHTML, like Gecko) Version/15.6.1 Safari/605.1.15" DataSize=0 HostName=xuejiandeMacBook-Air.local Ip="::1" Method=OPTIONS Path=/api/v1/user/add SpendTime="1 ms" status=204
time="2023-07-22 21:29:57" level=info Agent="Mozilla/5.0 (Macintosh; Intel Mac OS X 10_15_7) AppleWebKit/605.1.15 (KHTML, like Gecko) Version/15.6.1 Safari/605.1.15" DataSize=33 HostName=xuejiandeMacBook-Air.local Ip="::1" Method=POST Path=/api/v1/user/add SpendTime="124 ms" status=200
time="2023-07-22 21:33:00" level=info Agent="Mozilla/5.0 (Macintosh; Intel Mac OS X 10_15_7) AppleWebKit/605.1.15 (KHTML, like Gecko) Version/15.6.1 Safari/605.1.15" DataSize=0 HostName=xuejiandeMacBook-Air.local Ip="::1" Method=OPTIONS Path=/api/v1/login SpendTime="1 ms" status=204
time="2023-07-22 21:33:00" level=info Agent="Mozilla/5.0 (Macintosh; Intel Mac OS X 10_15_7) AppleWebKit/605.1.15 (KHTML, like Gecko) Version/15.6.1 Safari/605.1.15" DataSize=74 HostName=xuejiandeMacBook-Air.local Ip="::1" Method=POST Path=/api/v1/login SpendTime="30 ms" status=200
time="2023-07-22 21:33:06" level=info Agent="Mozilla/5.0 (Macintosh; Intel Mac OS X 10_15_7) AppleWebKit/605.1.15 (KHTML, like Gecko) Version/15.6.1 Safari/605.1.15" DataSize=74 HostName=xuejiandeMacBook-Air.local Ip="::1" Method=POST Path=/api/v1/login SpendTime="7 ms" status=200
time="2023-07-22 21:33:11" level=info Agent="Mozilla/5.0 (Macintosh; Intel Mac OS X 10_15_7) AppleWebKit/605.1.15 (KHTML, like Gecko) Version/15.6.1 Safari/605.1.15" DataSize=74 HostName=xuejiandeMacBook-Air.local Ip="::1" Method=POST Path=/api/v1/login SpendTime="20 ms" status=200
time="2023-07-22 21:34:57" level=info Agent=PostmanRuntime/7.32.3 DataSize=33 HostName=xuejiandeMacBook-Air.local Ip="::1" Method=POST Path=/api/v1/user/add SpendTime="165 ms" status=200
time="2023-07-22 21:34:58" level=info Agent=PostmanRuntime/7.32.3 DataSize=33 HostName=xuejiandeMacBook-Air.local Ip="::1" Method=POST Path=/api/v1/user/add SpendTime="98 ms" status=200
time="2023-07-22 21:35:00" level=info Agent=PostmanRuntime/7.32.3 DataSize=33 HostName=xuejiandeMacBook-Air.local Ip="::1" Method=POST Path=/api/v1/user/add SpendTime="134 ms" status=200
time="2023-07-22 21:36:11" level=info Agent=PostmanRuntime/7.32.3 DataSize=33 HostName=xuejiandeMacBook-Air.local Ip="::1" Method=POST Path=/api/v1/user/add SpendTime="219 ms" status=200
time="2023-07-22 21:45:59" level=info Agent="Mozilla/5.0 (Macintosh; Intel Mac OS X 10_15_7) AppleWebKit/605.1.15 (KHTML, like Gecko) Version/15.6.1 Safari/605.1.15" DataSize=1276 HostName=xuejiandeMacBook-Air.local Ip="::1" Method=GET Path="/api/v1/article?pagesize=5&pagenum=1" SpendTime="90 ms" status=200
time="2023-07-22 21:46:50" level=info Agent="Mozilla/5.0 (Macintosh; Intel Mac OS X 10_15_7) AppleWebKit/605.1.15 (KHTML, like Gecko) Version/15.6.1 Safari/605.1.15" DataSize=1276 HostName=xuejiandeMacBook-Air.local Ip="::1" Method=GET Path="/api/v1/article?pagesize=5&pagenum=1" SpendTime="175 ms" status=200
time="2023-07-22 21:47:16" level=info Agent="Mozilla/5.0 (Macintosh; Intel Mac OS X 10_15_7) AppleWebKit/605.1.15 (KHTML, like Gecko) Version/15.6.1 Safari/605.1.15" DataSize=147 HostName=xuejiandeMacBook-Air.local Ip="::1" Method=GET Path=/api/v1/category SpendTime="25 ms" status=200
time="2023-07-22 21:47:16" level=info Agent="Mozilla/5.0 (Macintosh; Intel Mac OS X 10_15_7) AppleWebKit/605.1.15 (KHTML, like Gecko) Version/15.6.1 Safari/605.1.15" DataSize=347 HostName=xuejiandeMacBook-Air.local Ip="::1" Method=GET Path=/api/v1/profile/1 SpendTime="6 ms" status=200
time="2023-07-22 21:47:16" level=info Agent="Mozilla/5.0 (Macintosh; Intel Mac OS X 10_15_7) AppleWebKit/605.1.15 (KHTML, like Gecko) Version/15.6.1 Safari/605.1.15" DataSize=1276 HostName=xuejiandeMacBook-Air.local Ip="::1" Method=GET Path="/api/v1/article?pagesize=5&pagenum=1" SpendTime="4 ms" status=200
time="2023-07-22 21:47:32" level=info Agent="Mozilla/5.0 (Macintosh; Intel Mac OS X 10_15_7) AppleWebKit/605.1.15 (KHTML, like Gecko) Version/15.6.1 Safari/605.1.15" DataSize=0 HostName=xuejiandeMacBook-Air.local Ip="::1" Method=OPTIONS Path=/api/v1/user/add SpendTime="1 ms" status=204
time="2023-07-22 21:47:32" level=info Agent="Mozilla/5.0 (Macintosh; Intel Mac OS X 10_15_7) AppleWebKit/605.1.15 (KHTML, like Gecko) Version/15.6.1 Safari/605.1.15" DataSize=33 HostName=xuejiandeMacBook-Air.local Ip="::1" Method=POST Path=/api/v1/user/add SpendTime="116 ms" status=200
time="2023-07-22 21:47:33" level=info Agent="Mozilla/5.0 (Macintosh; Intel Mac OS X 10_15_7) AppleWebKit/605.1.15 (KHTML, like Gecko) Version/15.6.1 Safari/605.1.15" DataSize=147 HostName=xuejiandeMacBook-Air.local Ip="::1" Method=GET Path=/api/v1/category SpendTime="38 ms" status=200
time="2023-07-22 21:47:33" level=info Agent="Mozilla/5.0 (Macintosh; Intel Mac OS X 10_15_7) AppleWebKit/605.1.15 (KHTML, like Gecko) Version/15.6.1 Safari/605.1.15" DataSize=347 HostName=xuejiandeMacBook-Air.local Ip="::1" Method=GET Path=/api/v1/profile/1 SpendTime="14 ms" status=200
time="2023-07-22 21:47:33" level=info Agent="Mozilla/5.0 (Macintosh; Intel Mac OS X 10_15_7) AppleWebKit/605.1.15 (KHTML, like Gecko) Version/15.6.1 Safari/605.1.15" DataSize=1276 HostName=xuejiandeMacBook-Air.local Ip="::1" Method=GET Path="/api/v1/article?pagesize=5&pagenum=1" SpendTime="6 ms" status=200
time="2023-07-22 21:48:05" level=info Agent="Mozilla/5.0 (Macintosh; Intel Mac OS X 10_15_7) AppleWebKit/605.1.15 (KHTML, like Gecko) Version/15.6.1 Safari/605.1.15" DataSize=33 HostName=xuejiandeMacBook-Air.local Ip="::1" Method=POST Path=/api/v1/user/add SpendTime="133 ms" status=200
time="2023-07-22 21:48:06" level=info Agent="Mozilla/5.0 (Macintosh; Intel Mac OS X 10_15_7) AppleWebKit/605.1.15 (KHTML, like Gecko) Version/15.6.1 Safari/605.1.15" DataSize=147 HostName=xuejiandeMacBook-Air.local Ip="::1" Method=GET Path=/api/v1/category SpendTime="56 ms" status=200
time="2023-07-22 21:48:06" level=info Agent="Mozilla/5.0 (Macintosh; Intel Mac OS X 10_15_7) AppleWebKit/605.1.15 (KHTML, like Gecko) Version/15.6.1 Safari/605.1.15" DataSize=347 HostName=xuejiandeMacBook-Air.local Ip="::1" Method=GET Path=/api/v1/profile/1 SpendTime="3 ms" status=200
time="2023-07-22 21:48:06" level=info Agent="Mozilla/5.0 (Macintosh; Intel Mac OS X 10_15_7) AppleWebKit/605.1.15 (KHTML, like Gecko) Version/15.6.1 Safari/605.1.15" DataSize=1276 HostName=xuejiandeMacBook-Air.local Ip="::1" Method=GET Path="/api/v1/article?pagesize=5&pagenum=1" SpendTime="4 ms" status=200
time="2023-07-22 21:48:49" level=info Agent="Mozilla/5.0 (Macintosh; Intel Mac OS X 10_15_7) AppleWebKit/605.1.15 (KHTML, like Gecko) Version/15.6.1 Safari/605.1.15" DataSize=33 HostName=xuejiandeMacBook-Air.local Ip="::1" Method=POST Path=/api/v1/user/add SpendTime="179 ms" status=200
time="2023-07-22 21:48:51" level=info Agent="Mozilla/5.0 (Macintosh; Intel Mac OS X 10_15_7) AppleWebKit/605.1.15 (KHTML, like Gecko) Version/15.6.1 Safari/605.1.15" DataSize=147 HostName=xuejiandeMacBook-Air.local Ip="::1" Method=GET Path=/api/v1/category SpendTime="10 ms" status=200
time="2023-07-22 21:48:51" level=info Agent="Mozilla/5.0 (Macintosh; Intel Mac OS X 10_15_7) AppleWebKit/605.1.15 (KHTML, like Gecko) Version/15.6.1 Safari/605.1.15" DataSize=347 HostName=xuejiandeMacBook-Air.local Ip="::1" Method=GET Path=/api/v1/profile/1 SpendTime="1 ms" status=200
time="2023-07-22 21:48:51" level=info Agent="Mozilla/5.0 (Macintosh; Intel Mac OS X 10_15_7) AppleWebKit/605.1.15 (KHTML, like Gecko) Version/15.6.1 Safari/605.1.15" DataSize=1276 HostName=xuejiandeMacBook-Air.local Ip="::1" Method=GET Path="/api/v1/article?pagesize=5&pagenum=1" SpendTime="9 ms" status=200
time="2023-07-22 21:53:10" level=info Agent="Mozilla/5.0 (Macintosh; Intel Mac OS X 10_15_7) AppleWebKit/605.1.15 (KHTML, like Gecko) Version/15.6.1 Safari/605.1.15" DataSize=147 HostName=xuejiandeMacBook-Air.local Ip="::1" Method=GET Path=/api/v1/category SpendTime="52 ms" status=200
time="2023-07-22 21:53:10" level=info Agent="Mozilla/5.0 (Macintosh; Intel Mac OS X 10_15_7) AppleWebKit/605.1.15 (KHTML, like Gecko) Version/15.6.1 Safari/605.1.15" DataSize=347 HostName=xuejiandeMacBook-Air.local Ip="::1" Method=GET Path=/api/v1/profile/1 SpendTime="5 ms" status=200
time="2023-07-22 21:53:10" level=info Agent="Mozilla/5.0 (Macintosh; Intel Mac OS X 10_15_7) AppleWebKit/605.1.15 (KHTML, like Gecko) Version/15.6.1 Safari/605.1.15" DataSize=1276 HostName=xuejiandeMacBook-Air.local Ip="::1" Method=GET Path="/api/v1/article?pagesize=5&pagenum=1" SpendTime="9 ms" status=200
time="2023-07-22 21:53:22" level=info Agent="Mozilla/5.0 (Macintosh; Intel Mac OS X 10_15_7) AppleWebKit/605.1.15 (KHTML, like Gecko) Version/15.6.1 Safari/605.1.15" DataSize=33 HostName=xuejiandeMacBook-Air.local Ip="::1" Method=POST Path=/api/v1/user/add SpendTime="115 ms" status=200
time="2023-07-22 21:53:22" level=info Agent="Mozilla/5.0 (Macintosh; Intel Mac OS X 10_15_7) AppleWebKit/605.1.15 (KHTML, like Gecko) Version/15.6.1 Safari/605.1.15" DataSize=147 HostName=xuejiandeMacBook-Air.local Ip="::1" Method=GET Path=/api/v1/category SpendTime="5 ms" status=200
time="2023-07-22 21:53:22" level=info Agent="Mozilla/5.0 (Macintosh; Intel Mac OS X 10_15_7) AppleWebKit/605.1.15 (KHTML, like Gecko) Version/15.6.1 Safari/605.1.15" DataSize=347 HostName=xuejiandeMacBook-Air.local Ip="::1" Method=GET Path=/api/v1/profile/1 SpendTime="1 ms" status=200
time="2023-07-22 21:53:22" level=info Agent="Mozilla/5.0 (Macintosh; Intel Mac OS X 10_15_7) AppleWebKit/605.1.15 (KHTML, like Gecko) Version/15.6.1 Safari/605.1.15" DataSize=1276 HostName=xuejiandeMacBook-Air.local Ip="::1" Method=GET Path="/api/v1/article?pagesize=5&pagenum=1" SpendTime="50 ms" status=200
time="2023-07-22 21:57:51" level=info Agent=PostmanRuntime/7.32.3 DataSize=33 HostName=xuejiandeMacBook-Air.local Ip="::1" Method=POST Path=/api/v1/user/add SpendTime="100 ms" status=200
time="2023-07-22 21:59:49" level=info Agent=PostmanRuntime/7.32.3 DataSize=33 HostName=xuejiandeMacBook-Air.local Ip="::1" Method=POST Path=/api/v1/user/add SpendTime="9 ms" status=200
time="2023-07-22 22:02:42" level=info Agent="Mozilla/5.0 (Macintosh; Intel Mac OS X 10_15_7) AppleWebKit/605.1.15 (KHTML, like Gecko) Version/15.6.1 Safari/605.1.15" DataSize=355 HostName=xuejiandeMacBook-Air.local Ip="::1" Method=GET Path=/api/v1/article/info/5 SpendTime="29 ms" status=200
time="2023-07-22 22:02:42" level=info Agent="Mozilla/5.0 (Macintosh; Intel Mac OS X 10_15_7) AppleWebKit/605.1.15 (KHTML, like Gecko) Version/15.6.1 Safari/605.1.15" DataSize=260 HostName=xuejiandeMacBook-Air.local Ip="::1" Method=GET Path="/api/v1/commentfront/5?pagesize=5&pagenum=1" SpendTime="38 ms" status=200
time="2023-07-22 22:03:04" level=info Agent="Mozilla/5.0 (Macintosh; Intel Mac OS X 10_15_7) AppleWebKit/605.1.15 (KHTML, like Gecko) Version/15.6.1 Safari/605.1.15" DataSize=0 HostName=xuejiandeMacBook-Air.local Ip="::1" Method=OPTIONS Path="/api/v1/users?username=&pagesize=5&pagenum=1" SpendTime="1 ms" status=204
time="2023-07-22 22:03:04" level=info Agent="Mozilla/5.0 (Macintosh; Intel Mac OS X 10_15_7) AppleWebKit/605.1.15 (KHTML, like Gecko) Version/15.6.1 Safari/605.1.15" DataSize=53 HostName=xuejiandeMacBook-Air.local Ip="::1" Method=GET Path="/api/v1/users?username=&pagesize=5&pagenum=1" SpendTime="14 ms" status=200
time="2023-07-22 22:03:24" level=info Agent="Mozilla/5.0 (Macintosh; Intel Mac OS X 10_15_7) AppleWebKit/605.1.15 (KHTML, like Gecko) Version/15.6.1 Safari/605.1.15" DataSize=0 HostName=xuejiandeMacBook-Air.local Ip="::1" Method=OPTIONS Path=/api/v1/category SpendTime="1 ms" status=204
time="2023-07-22 22:03:24" level=info Agent="Mozilla/5.0 (Macintosh; Intel Mac OS X 10_15_7) AppleWebKit/605.1.15 (KHTML, like Gecko) Version/15.6.1 Safari/605.1.15" DataSize=147 HostName=xuejiandeMacBook-Air.local Ip="::1" Method=GET Path=/api/v1/category SpendTime="18 ms" status=200
time="2023-07-22 22:12:35" level=info Agent="Mozilla/5.0 (Macintosh; Intel Mac OS X 10_15_7) AppleWebKit/605.1.15 (KHTML, like Gecko) Version/15.6.1 Safari/605.1.15" DataSize=53 HostName=xuejiandeMacBook-Air.local Ip="::1" Method=GET Path="/api/v1/users?username=&pagesize=5&pagenum=1" SpendTime="36 ms" status=200
time="2023-07-22 22:12:47" level=info Agent="Mozilla/5.0 (Macintosh; Intel Mac OS X 10_15_7) AppleWebKit/605.1.15 (KHTML, like Gecko) Version/15.6.1 Safari/605.1.15" DataSize=0 HostName=xuejiandeMacBook-Air.local Ip="::1" Method=OPTIONS Path=/api/v1/user/add SpendTime="1 ms" status=204
time="2023-07-22 22:12:47" level=info Agent="Mozilla/5.0 (Macintosh; Intel Mac OS X 10_15_7) AppleWebKit/605.1.15 (KHTML, like Gecko) Version/15.6.1 Safari/605.1.15" DataSize=33 HostName=xuejiandeMacBook-Air.local Ip="::1" Method=POST Path=/api/v1/user/add SpendTime="19 ms" status=200
time="2023-07-22 22:12:48" level=info Agent="Mozilla/5.0 (Macintosh; Intel Mac OS X 10_15_7) AppleWebKit/605.1.15 (KHTML, like Gecko) Version/15.6.1 Safari/605.1.15" DataSize=53 HostName=xuejiandeMacBook-Air.local Ip="::1" Method=GET Path="/api/v1/users?username=&pagesize=5&pagenum=1" SpendTime="11 ms" status=200
time="2023-07-22 22:12:55" level=info Agent="Mozilla/5.0 (Macintosh; Intel Mac OS X 10_15_7) AppleWebKit/605.1.15 (KHTML, like Gecko) Version/15.6.1 Safari/605.1.15" DataSize=53 HostName=xuejiandeMacBook-Air.local Ip="::1" Method=GET Path="/api/v1/users?username=&pagesize=5&pagenum=1" SpendTime="13 ms" status=200
time="2023-07-22 22:20:04" level=info Agent=PostmanRuntime/7.32.3 DataSize=33 HostName=xuejiandeMacBook-Air.local Ip="::1" Method=POST Path=/api/v1/user/add SpendTime="11 ms" status=200
time="2023-07-22 22:20:05" level=info Agent=PostmanRuntime/7.32.3 DataSize=33 HostName=xuejiandeMacBook-Air.local Ip="::1" Method=POST Path=/api/v1/user/add SpendTime="13 ms" status=200
time="2023-07-22 22:20:06" level=info Agent=PostmanRuntime/7.32.3 DataSize=33 HostName=xuejiandeMacBook-Air.local Ip="::1" Method=POST Path=/api/v1/user/add SpendTime="2 ms" status=200
time="2023-07-22 22:21:39" level=info Agent=PostmanRuntime/7.32.3 DataSize=33 HostName=xuejiandeMacBook-Air.local Ip="::1" Method=POST Path=/api/v1/user/add SpendTime="104 ms" status=200
time="2023-07-22 22:21:40" level=info Agent=PostmanRuntime/7.32.3 DataSize=33 HostName=xuejiandeMacBook-Air.local Ip="::1" Method=POST Path=/api/v1/user/add SpendTime="88 ms" status=200
time="2023-07-22 22:27:11" level=info Agent=PostmanRuntime/7.32.3 DataSize=33 HostName=xuejiandeMacBook-Air.local Ip="::1" Method=POST Path=/api/v1/user/add SpendTime="128 ms" status=200
time="2023-07-22 22:27:13" level=info Agent=PostmanRuntime/7.32.3 DataSize=33 HostName=xuejiandeMacBook-Air.local Ip="::1" Method=POST Path=/api/v1/user/add SpendTime="213 ms" status=200
